0 	 0 	 fish/n01443537_1066.JPEG	0	fish
1 	 0 	 fish/n01443537_21479.JPEG	0	fish
2 	 1 	 face/pospospos0000107113.jpg	1	face
3 	 0 	 fish/n01443537_9587.JPEG	0	fish
4 	 0 	 fish/n01443537_18275.JPEG	0	fish
5 	 0 	 fish/n01443537_17355.JPEG	0	fish
6 	 1 	 face/pospospos0000117019.jpg	1	face
7 	 1 	 face/pospospos0000114161.jpg	1	face
8 	 0 	 fish/n01443537_18535.JPEG	0	fish
9 	 0 	 fish/n01443537_1895.JPEG	0	fish
10 	 1 	 face/pospospos0000102138.jpg	1	face
11 	 1 	 face/pospospos0000103032.jpg	1	face
12 	 1 	 face/pospospos0000099055.jpg	1	face
13 	 0 	 fish/n01443537_15761.JPEG	0	fish
14 	 0 	 fish/n01443537_7868.JPEG	0	fish
15 	 0 	 fish/n01443537_22494.JPEG	0	fish
16 	 1 	 face/pospospos0000102336.jpg	1	face
17 	 1 	 face/pospospos0000103049.jpg	1	face
18 	 1 	 face/pospospos0000119032.jpg	1	face
19 	 1 	 face/pospospos0000102240.jpg	1	face
20 	 1 	 face/pospospos0000099119.jpg	1	face
21 	 1 	 face/pospospos0000114113.jpg	1	face
22 	 1 	 face/pospospos0000099247.jpg	1	face
23 	 0 	 fish/n01443537_22404.JPEG	0	fish
24 	 1 	 face/pospospos0000102258.jpg	1	face
25 	 0 	 fish/n01443537_17501.JPEG	0	fish
26 	 0 	 fish/n01443537_3722.JPEG	0	fish
27 	 1 	 face/pospospos0000114117.jpg	1	face
28 	 0 	 fish/n01443537_1389.JPEG	0	fish
29 	 0 	 fish/n01443537_2060.JPEG	0	fish
30 	 1 	 face/pospospos0000099196.jpg	1	face
31 	 1 	 face/pospospos0000117006.jpg	1	face
32 	 1 	 face/pospospos0000100048.jpg	1	face
33 	 1 	 face/pospospos0000099040.jpg	1	face
34 	 1 	 face/pospospos0000099164.jpg	1	face
35 	 0 	 fish/n01443537_20075.JPEG	0	fish
36 	 1 	 face/pospospos0000107120.jpg	1	face
37 	 0 	 fish/n01443537_22547.JPEG	0	fish
38 	 1 	 face/pospospos0000103039.jpg	1	face
39 	 1 	 face/pospospos0000099167.jpg	1	face
40 	 0 	 fish/n01443537_4633.JPEG	0	fish
41 	 1 	 face/pospospos0000103017.jpg	1	face
42 	 0 	 fish/n01443537_24527.JPEG	0	fish
43 	 0 	 fish/n01443537_4401.JPEG	0	fish
44 	 1 	 face/pospospos0000114107.jpg	1	face
45 	 1 	 face/pospospos0000114205.jpg	1	face
46 	 1 	 face/pospospos0000102255.jpg	1	face
47 	 0 	 fish/n01443537_9871.JPEG	0	fish
48 	 0 	 fish/n01443537_6949.JPEG	0	fish
49 	 0 	 fish/n01443537_20110.JPEG	0	fish
50 	 0 	 fish/n01443537_21911.JPEG	0	fish
51 	 1 	 face/pospospos0000107112.jpg	1	face
52 	 1 	 face/pospospos0000102072.jpg	1	face
53 	 1 	 face/pospospos0000117126.jpg	1	face
54 	 0 	 fish/n01443537_605.JPEG	0	fish
55 	 0 	 fish/n01443537_22074.JPEG	0	fish
56 	 0 	 fish/n01443537_13858.JPEG	0	fish
57 	 0 	 fish/n01443537_2465.JPEG	0	fish
58 	 1 	 face/pospospos0000107104.jpg	1	face
59 	 1 	 face/pospospos0000103027.jpg	1	face
60 	 0 	 fish/n01443537_18160.JPEG	0	fish
61 	 1 	 face/pospospos0000102081.jpg	1	face
62 	 1 	 face/pospospos0000102013.jpg	1	face
63 	 0 	 fish/n01443537_7844.JPEG	0	fish
64 	 0 	 fish/n01443537_1135.JPEG	0	fish
65 	 0 	 fish/n01443537_16612.JPEG	0	fish
66 	 1 	 face/pospospos0000099064.jpg	1	face
67 	 0 	 fish/n01443537_23987.JPEG	0	fish
68 	 0 	 fish/n01443537_12973.JPEG	0	fish
69 	 1 	 face/pospospos0000102224.jpg	1	face
70 	 1 	 face/pospospos0000114086.jpg	1	face
71 	 1 	 face/pospospos0000100047.jpg	1	face
72 	 1 	 face/pospospos0000102148.jpg	1	face
73 	 0 	 fish/n01443537_5186.JPEG	0	fish
74 	 1 	 face/pospospos0000102342.jpg	1	face
75 	 0 	 fish/n01443537_24692.JPEG	0	fish
76 	 1 	 face/pospospos0000117120.jpg	1	face
77 	 1 	 face/pospospos0000099053.jpg	1	face
78 	 0 	 fish/n01443537_12360.JPEG	0	fish
79 	 1 	 face/pospospos0000099099.jpg	1	face
80 	 1 	 face/pospospos0000119024.jpg	1	face
81 	 1 	 face/pospospos0000103010.jpg	1	face
82 	 1 	 face/pospospos0000099231.jpg	1	face
83 	 1 	 face/pospospos0000105018.jpg	1	face
84 	 1 	 face/pospospos0000102020.jpg	1	face
85 	 0 	 fish/n01443537_4080.JPEG	0	fish
86 	 1 	 face/pospospos0000117091.jpg	1	face
87 	 1 	 face/pospospos0000102309.jpg	1	face
88 	 1 	 face/pospospos0000099135.jpg	1	face
89 	 0 	 fish/n01443537_22563.JPEG	0	fish
90 	 1 	 face/pospospos0000107017.jpg	1	face
91 	 1 	 face/pospospos0000102143.jpg	1	face
92 	 1 	 face/pospospos0000099008.jpg	1	face
93 	 0 	 fish/n01443537_11124.JPEG	0	fish
94 	 1 	 face/pospospos0000102171.jpg	1	face
95 	 1 	 face/pospospos0000099121.jpg	1	face
96 	 1 	 face/pospospos0000107038.jpg	1	face
97 	 1 	 face/pospospos0000102311.jpg	1	face
98 	 1 	 face/pospospos0000102352.jpg	1	face
99 	 0 	 fish/n01443537_13558.JPEG	0	fish
100 	 0 	 fish/n01443537_17307.JPEG	0	fish
101 	 0 	 fish/n01443537_13120.JPEG	0	fish
102 	 0 	 fish/n01443537_23104.JPEG	0	fish
103 	 0 	 fish/n01443537_7947.JPEG	0	fish
104 	 1 	 face/pospospos0000102200.jpg	1	face
105 	 0 	 fish/n01443537_12760.JPEG	0	fish
106 	 1 	 face/pospospos0000117015.jpg	1	face
107 	 0 	 fish/n01443537_3675.JPEG	0	fish
108 	 0 	 fish/n01443537_22366.JPEG	0	fish
109 	 1 	 face/pospospos0000119016.jpg	1	face
110 	 0 	 fish/n01443537_2625.JPEG	0	fish
111 	 0 	 fish/n01443537_18998.JPEG	0	fish
112 	 0 	 fish/n01443537_5607.JPEG	0	fish
113 	 1 	 face/pospospos0000114054.jpg	1	face
114 	 1 	 face/pospospos0000102357.jpg	1	face
115 	 0 	 fish/n01443537_22593.JPEG	0	fish
116 	 1 	 face/pospospos0000117037.jpg	1	face
117 	 1 	 face/pospospos0000114036.jpg	1	face
118 	 0 	 fish/n01443537_11932.JPEG	0	fish
119 	 1 	 face/pospospos0000117145.jpg	1	face
120 	 1 	 face/pospospos0000114015.jpg	1	face
121 	 0 	 fish/n01443537_168.JPEG	0	fish
122 	 1 	 face/pospospos0000117159.jpg	1	face
123 	 1 	 face/pospospos0000117095.jpg	1	face
124 	 1 	 face/pospospos0000117014.jpg	1	face
125 	 1 	 face/pospospos0000099115.jpg	1	face
126 	 1 	 face/pospospos0000107081.jpg	1	face
127 	 1 	 face/pospospos0000117098.jpg	1	face
128 	 1 	 face/pospospos0000102406.jpg	1	face
129 	 1 	 face/pospospos0000102161.jpg	1	face
130 	 1 	 face/pospospos0000103073.jpg	1	face
131 	 1 	 face/pospospos0000099192.jpg	1	face
132 	 0 	 fish/n01443537_20385.JPEG	0	fish
133 	 1 	 face/pospospos0000102302.jpg	1	face
134 	 0 	 fish/n01443537_3108.JPEG	0	fish
135 	 1 	 face/pospospos0000102405.jpg	1	face
136 	 0 	 fish/n01443537_17366.JPEG	0	fish
137 	 0 	 fish/n01443537_13250.JPEG	0	fish
138 	 0 	 fish/n01443537_4379.JPEG	0	fish
139 	 1 	 face/pospospos0000107008.jpg	1	face
140 	 1 	 face/pospospos0000102239.jpg	1	face
141 	 1 	 face/pospospos0000114128.jpg	1	face
142 	 1 	 face/pospospos0000102066.jpg	1	face
143 	 1 	 face/pospospos0000102135.jpg	1	face
144 	 1 	 face/pospospos0000117013.jpg	1	face
145 	 0 	 fish/n01443537_10712.JPEG	0	fish
146 	 0 	 fish/n01443537_23449.JPEG	0	fish
147 	 0 	 fish/n01443537_1029.JPEG	0	fish
148 	 0 	 fish/n01443537_12234.JPEG	0	fish
149 	 0 	 fish/n01443537_1715.JPEG	0	fish
150 	 1 	 face/pospospos0000114164.jpg	1	face
151 	 1 	 face/pospospos0000103033.jpg	1	face
152 	 0 	 fish/n01443537_12394.JPEG	0	fish
153 	 1 	 face/pospospos0000099237.jpg	1	face
154 	 0 	 fish/n01443537_2549.JPEG	0	fish
155 	 0 	 fish/n01443537_5909.JPEG	0	fish
156 	 0 	 fish/n01443537_12938.JPEG	0	fish
157 	 0 	 fish/n01443537_12637.JPEG	0	fish
158 	 1 	 face/pospospos0000114099.jpg	1	face
159 	 1 	 face/pospospos0000114022.jpg	1	face
160 	 1 	 face/pospospos0000100035.jpg	1	face
161 	 1 	 face/pospospos0000099213.jpg	1	face
162 	 1 	 face/pospospos0000114110.jpg	1	face
163 	 0 	 fish/n01443537_13451.JPEG	0	fish
164 	 0 	 fish/n01443537_3752.JPEG	0	fish
165 	 1 	 face/pospospos0000114097.jpg	1	face
166 	 1 	 face/pospospos0000117101.jpg	1	face
167 	 0 	 fish/n01443537_24801.JPEG	0	fish
168 	 0 	 fish/n01443537_6197.JPEG	0	fish
169 	 1 	 face/pospospos0000100060.jpg	1	face
170 	 0 	 fish/n01443537_5667.JPEG	0	fish
171 	 1 	 face/pospospos0000102139.jpg	1	face
172 	 0 	 fish/n01443537_21563.JPEG	0	fish
173 	 1 	 face/pospospos0000103071.jpg	1	face
174 	 0 	 fish/n01443537_16939.JPEG	0	fish
175 	 1 	 face/pospospos0000102077.jpg	1	face
176 	 1 	 face/pospospos0000117041.jpg	1	face
177 	 0 	 fish/n01443537_14670.JPEG	0	fish
178 	 1 	 face/pospospos0000103056.jpg	1	face
179 	 0 	 fish/n01443537_11909.JPEG	0	fish
180 	 1 	 face/pospospos0000102343.jpg	1	face
181 	 0 	 fish/n01443537_5989.JPEG	0	fish
182 	 1 	 face/pospospos0000102060.jpg	1	face
183 	 0 	 fish/n01443537_2186.JPEG	0	fish
184 	 1 	 face/pospospos0000107011.jpg	1	face
185 	 1 	 face/pospospos0000102183.jpg	1	face
186 	 1 	 face/pospospos0000114218.jpg	1	face
187 	 0 	 fish/n01443537_2778.JPEG	0	fish
188 	 1 	 face/pospospos0000099028.jpg	1	face
189 	 1 	 face/pospospos0000108001.jpg	1	face
190 	 1 	 face/pospospos0000114132.jpg	1	face
191 	 0 	 fish/n01443537_12830.JPEG	0	fish
192 	 1 	 face/pospospos0000099182.jpg	1	face
193 	 0 	 fish/n01443537_12857.JPEG	0	fish
194 	 1 	 face/pospospos0000102079.jpg	1	face
195 	 0 	 fish/n01443537_24168.JPEG	0	fish
196 	 0 	 fish/n01443537_2245.JPEG	0	fish
197 	 1 	 face/pospospos0000099117.jpg	1	face
198 	 0 	 fish/n01443537_14191.JPEG	0	fish
199 	 0 	 fish/n01443537_21129.JPEG	0	fish
200 	 1 	 face/pospospos0000114123.jpg	1	face
201 	 1 	 face/pospospos0000102075.jpg	1	face
202 	 0 	 fish/n01443537_596.JPEG	0	fish
203 	 0 	 fish/n01443537_21407.JPEG	0	fish
204 	 1 	 face/pospospos0000099160.jpg	1	face
205 	 1 	 face/pospospos0000045008.jpg	1	face
206 	 0 	 fish/n01443537_11063.JPEG	0	fish
207 	 0 	 fish/n01443537_5014.JPEG	0	fish
208 	 0 	 fish/n01443537_14753.JPEG	0	fish
209 	 0 	 fish/n01443537_18376.JPEG	0	fish
210 	 0 	 fish/n01443537_10086.JPEG	0	fish
211 	 0 	 fish/n01443537_8319.JPEG	0	fish
212 	 0 	 fish/n01443537_16944.JPEG	0	fish
213 	 0 	 fish/n01443537_20359.JPEG	0	fish
214 	 0 	 fish/n01443537_13095.JPEG	0	fish
215 	 1 	 face/pospospos0000099108.jpg	1	face
216 	 1 	 face/pospospos0000114224.jpg	1	face
217 	 1 	 face/pospospos0000102123.jpg	1	face
218 	 1 	 face/pospospos0000099128.jpg	1	face
219 	 0 	 fish/n01443537_2911.JPEG	0	fish
220 	 0 	 fish/n01443537_3907.JPEG	0	fish
221 	 0 	 fish/n01443537_3083.JPEG	0	fish
222 	 1 	 face/pospospos0000117071.jpg	1	face
223 	 0 	 fish/n01443537_9438.JPEG	0	fish
224 	 1 	 face/pospospos0000117100.jpg	1	face
225 	 1 	 face/pospospos0000114111.jpg	1	face
226 	 0 	 fish/n01443537_9552.JPEG	0	fish
227 	 0 	 fish/n01443537_1361.JPEG	0	fish
228 	 0 	 fish/n01443537_3037.JPEG	0	fish
229 	 0 	 fish/n01443537_6426.JPEG	0	fish
230 	 1 	 face/pospospos0000107006.jpg	1	face
231 	 0 	 fish/n01443537_18539.JPEG	0	fish
232 	 0 	 fish/n01443537_550.JPEG	0	fish
233 	 1 	 face/pospospos0000102126.jpg	1	face
234 	 1 	 face/pospospos0000114074.jpg	1	face
235 	 0 	 fish/n01443537_13038.JPEG	0	fish
236 	 0 	 fish/n01443537_5086.JPEG	0	fish
237 	 0 	 fish/n01443537_8989.JPEG	0	fish
238 	 0 	 fish/n01443537_20735.JPEG	0	fish
239 	 0 	 fish/n01443537_14466.JPEG	0	fish
240 	 0 	 fish/n01443537_7798.JPEG	0	fish
241 	 1 	 face/pospospos0000119046.jpg	1	face
242 	 0 	 fish/n01443537_19263.JPEG	0	fish
243 	 0 	 fish/n01443537_16477.JPEG	0	fish
244 	 0 	 fish/n01443537_20966.JPEG	0	fish
245 	 0 	 fish/n01443537_13194.JPEG	0	fish
246 	 1 	 face/pospospos0000117057.jpg	1	face
247 	 1 	 face/pospospos0000102319.jpg	1	face
248 	 1 	 face/pospospos0000114154.jpg	1	face
249 	 1 	 face/pospospos0000100011.jpg	1	face
250 	 0 	 fish/n01443537_22454.JPEG	0	fish
251 	 0 	 fish/n01443537_13782.JPEG	0	fish
252 	 0 	 fish/n01443537_7670.JPEG	0	fish
253 	 0 	 fish/n01443537_4630.JPEG	0	fish
254 	 1 	 face/pospospos0000117061.jpg	1	face
255 	 1 	 face/pospospos0000117084.jpg	1	face
256 	 0 	 fish/n01443537_4521.JPEG	0	fish
257 	 0 	 fish/n01443537_19771.JPEG	0	fish
258 	 0 	 fish/n01443537_2534.JPEG	0	fish
259 	 0 	 fish/n01443537_1772.JPEG	0	fish
260 	 0 	 fish/n01443537_24495.JPEG	0	fish
261 	 0 	 fish/n01443537_9364.JPEG	0	fish
262 	 0 	 fish/n01443537_20280.JPEG	0	fish
263 	 1 	 face/pospospos0000119013.jpg	1	face
264 	 0 	 fish/n01443537_23006.JPEG	0	fish
265 	 0 	 fish/n01443537_16576.JPEG	0	fish
266 	 0 	 fish/n01443537_9534.JPEG	0	fish
267 	 0 	 fish/n01443537_13517.JPEG	0	fish
268 	 0 	 fish/n01443537_12049.JPEG	0	fish
269 	 0 	 fish/n01443537_13650.JPEG	0	fish
270 	 0 	 fish/n01443537_17026.JPEG	0	fish
271 	 0 	 fish/n01443537_1970.JPEG	0	fish
272 	 0 	 fish/n01443537_6531.JPEG	0	fish
273 	 0 	 fish/n01443537_19180.JPEG	0	fish
274 	 1 	 face/pospospos0000103040.jpg	1	face
275 	 0 	 fish/n01443537_9338.JPEG	0	fish
276 	 0 	 fish/n01443537_21400.JPEG	0	fish
277 	 1 	 face/pospospos0000117119.jpg	1	face
278 	 0 	 fish/n01443537_15166.JPEG	0	fish
279 	 1 	 face/pospospos0000107111.jpg	1	face
280 	 1 	 face/pospospos0000107094.jpg	1	face
281 	 0 	 fish/n01443537_18852.JPEG	0	fish
282 	 0 	 fish/n01443537_10594.JPEG	0	fish
283 	 0 	 fish/n01443537_2290.JPEG	0	fish
284 	 1 	 face/pospospos0000102358.jpg	1	face
285 	 0 	 fish/n01443537_24156.JPEG	0	fish
286 	 1 	 face/pospospos0000099127.jpg	1	face
287 	 0 	 fish/n01443537_7582.JPEG	0	fish
288 	 0 	 fish/n01443537_21450.JPEG	0	fish
289 	 0 	 fish/n01443537_10408.JPEG	0	fish
290 	 0 	 fish/n01443537_2333.JPEG	0	fish
291 	 0 	 fish/n01443537_17968.JPEG	0	fish
292 	 1 	 face/pospospos0000114187.jpg	1	face
293 	 0 	 fish/n01443537_6548.JPEG	0	fish
294 	 0 	 fish/n01443537_16533.JPEG	0	fish
295 	 1 	 face/pospospos0000102196.jpg	1	face
296 	 1 	 face/pospospos0000107061.jpg	1	face
297 	 0 	 fish/n01443537_2238.JPEG	0	fish
298 	 1 	 face/pospospos0000114056.jpg	1	face
299 	 1 	 face/pospospos0000119033.jpg	1	face
300 	 1 	 face/pospospos0000114020.jpg	1	face
301 	 0 	 fish/n01443537_2847.JPEG	0	fish
302 	 1 	 face/pospospos0000099195.jpg	1	face
303 	 0 	 fish/n01443537_22644.JPEG	0	fish
304 	 1 	 face/pospospos0000099017.jpg	1	face
305 	 1 	 face/pospospos0000045012.jpg	1	face
306 	 1 	 face/pospospos0000119009.jpg	1	face
307 	 0 	 fish/n01443537_318.JPEG	0	fish
308 	 1 	 face/pospospos0000099169.jpg	1	face
309 	 0 	 fish/n01443537_18471.JPEG	0	fish
310 	 1 	 face/pospospos0000114062.jpg	1	face
311 	 1 	 face/pospospos0000103014.jpg	1	face
312 	 1 	 face/pospospos0000105006.jpg	1	face
313 	 1 	 face/pospospos0000117097.jpg	1	face
314 	 1 	 face/pospospos0000114064.jpg	1	face
315 	 0 	 fish/n01443537_3911.JPEG	0	fish
316 	 0 	 fish/n01443537_4859.JPEG	0	fish
317 	 0 	 fish/n01443537_12130.JPEG	0	fish
318 	 0 	 fish/n01443537_2383.JPEG	0	fish
319 	 1 	 face/pospospos0000114040.jpg	1	face
320 	 1 	 face/pospospos0000099031.jpg	1	face
321 	 0 	 fish/n01443537_7126.JPEG	0	fish
322 	 0 	 fish/n01443537_20516.JPEG	0	fish
323 	 0 	 fish/n01443537_3344.JPEG	0	fish
324 	 1 	 face/pospospos0000117093.jpg	1	face
325 	 1 	 face/pospospos0000117110.jpg	1	face
326 	 1 	 face/pospospos0000119051.jpg	1	face
327 	 1 	 face/pospospos0000099129.jpg	1	face
328 	 0 	 fish/n01443537_10500.JPEG	0	fish
329 	 0 	 fish/n01443537_6262.JPEG	0	fish
330 	 1 	 face/pospospos0000099079.jpg	1	face
331 	 0 	 fish/n01443537_18180.JPEG	0	fish
332 	 0 	 fish/n01443537_23453.JPEG	0	fish
333 	 1 	 face/pospospos0000099116.jpg	1	face
334 	 1 	 face/pospospos0000099136.jpg	1	face
335 	 0 	 fish/n01443537_10430.JPEG	0	fish
336 	 0 	 fish/n01443537_4310.JPEG	0	fish
337 	 0 	 fish/n01443537_6520.JPEG	0	fish
338 	 1 	 face/pospospos0000102127.jpg	1	face
339 	 0 	 fish/n01443537_2449.JPEG	0	fish
340 	 1 	 face/pospospos0000099052.jpg	1	face
341 	 1 	 face/pospospos0000107093.jpg	1	face
342 	 0 	 fish/n01443537_20153.JPEG	0	fish
343 	 1 	 face/pospospos0000102317.jpg	1	face
344 	 1 	 face/pospospos0000099027.jpg	1	face
345 	 0 	 fish/n01443537_445.JPEG	0	fish
346 	 1 	 face/pospospos0000099048.jpg	1	face
347 	 1 	 face/pospospos0000099132.jpg	1	face
348 	 1 	 face/pospospos0000102289.jpg	1	face
349 	 1 	 face/pospospos0000102250.jpg	1	face
350 	 0 	 fish/n01443537_9483.JPEG	0	fish
351 	 1 	 face/pospospos0000117042.jpg	1	face
352 	 1 	 face/pospospos0000099066.jpg	1	face
353 	 0 	 fish/n01443537_23892.JPEG	0	fish
354 	 0 	 fish/n01443537_19077.JPEG	0	fish
355 	 0 	 fish/n01443537_12557.JPEG	0	fish
356 	 0 	 fish/n01443537_17328.JPEG	0	fish
357 	 1 	 face/pospospos0000102349.jpg	1	face
358 	 0 	 fish/n01443537_5495.JPEG	0	fish
359 	 0 	 fish/n01443537_6999.JPEG	0	fish
360 	 0 	 fish/n01443537_6534.JPEG	0	fish
361 	 0 	 fish/n01443537_1450.JPEG	0	fish
362 	 0 	 fish/n01443537_19956.JPEG	0	fish
363 	 0 	 fish/n01443537_4133.JPEG	0	fish
364 	 1 	 face/pospospos0000114244.jpg	1	face
365 	 1 	 face/pospospos0000099060.jpg	1	face
366 	 0 	 fish/n01443537_19323.JPEG	0	fish
367 	 0 	 fish/n01443537_22453.JPEG	0	fish
368 	 0 	 fish/n01443537_8108.JPEG	0	fish
369 	 0 	 fish/n01443537_4188.JPEG	0	fish
370 	 0 	 fish/n01443537_1786.JPEG	0	fish
371 	 0 	 fish/n01443537_2486.JPEG	0	fish
372 	 1 	 face/pospospos0000100071.jpg	1	face
373 	 1 	 face/pospospos0000114042.jpg	1	face
374 	 0 	 fish/n01443537_2894.JPEG	0	fish
375 	 0 	 fish/n01443537_2848.JPEG	0	fish
376 	 0 	 fish/n01443537_16403.JPEG	0	fish
377 	 0 	 fish/n01443537_15812.JPEG	0	fish
378 	 1 	 face/pospospos0000103018.jpg	1	face
379 	 0 	 fish/n01443537_4035.JPEG	0	fish
380 	 1 	 face/pospospos0000114157.jpg	1	face
381 	 0 	 fish/n01443537_19936.JPEG	0	fish
382 	 1 	 face/pospospos0000100053.jpg	1	face
383 	 1 	 face/pospospos0000114150.jpg	1	face
384 	 0 	 fish/n01443537_11472.JPEG	0	fish
385 	 0 	 fish/n01443537_17038.JPEG	0	fish
386 	 0 	 fish/n01443537_24633.JPEG	0	fish
387 	 0 	 fish/n01443537_10149.JPEG	0	fish
388 	 1 	 face/pospospos0000114061.jpg	1	face
389 	 0 	 fish/n01443537_2266.JPEG	0	fish
390 	 1 	 face/pospospos0000117137.jpg	1	face
391 	 1 	 face/pospospos0000102113.jpg	1	face
392 	 1 	 face/pospospos0000117062.jpg	1	face
393 	 0 	 fish/n01443537_5184.JPEG	0	fish
394 	 0 	 fish/n01443537_309.JPEG	0	fish
395 	 1 	 face/pospospos0000103052.jpg	1	face
396 	 1 	 face/pospospos0000103067.jpg	1	face
397 	 0 	 fish/n01443537_12810.JPEG	0	fish
398 	 1 	 face/pospospos0000100014.jpg	1	face
399 	 1 	 face/pospospos0000099230.jpg	1	face
400 	 1 	 face/pospospos0000103015.jpg	1	face
401 	 0 	 fish/n01443537_16378.JPEG	0	fish
402 	 1 	 face/pospospos0000107088.jpg	1	face
403 	 1 	 face/pospospos0000114147.jpg	1	face
404 	 0 	 fish/n01443537_17070.JPEG	0	fish
405 	 0 	 fish/n01443537_11626.JPEG	0	fish
406 	 1 	 face/pospospos0000114094.jpg	1	face
407 	 1 	 face/pospospos0000107035.jpg	1	face
408 	 1 	 face/pospospos0000119010.jpg	1	face
409 	 0 	 fish/n01443537_19245.JPEG	0	fish
410 	 1 	 face/pospospos0000107140.jpg	1	face
411 	 0 	 fish/n01443537_23868.JPEG	0	fish
412 	 0 	 fish/n01443537_1298.JPEG	0	fish
413 	 1 	 face/pospospos0000099076.jpg	1	face
414 	 0 	 fish/n01443537_24695.JPEG	0	fish
415 	 0 	 fish/n01443537_23429.JPEG	0	fish
416 	 1 	 face/pospospos0000103043.jpg	1	face
417 	 1 	 face/pospospos0000102207.jpg	1	face
418 	 0 	 fish/n01443537_17615.JPEG	0	fish
419 	 0 	 fish/n01443537_2394.JPEG	0	fish
420 	 0 	 fish/n01443537_855.JPEG	0	fish
421 	 0 	 fish/n01443537_11281.JPEG	0	fish
422 	 0 	 fish/n01443537_4550.JPEG	0	fish
423 	 0 	 fish/n01443537_23440.JPEG	0	fish
424 	 1 	 face/pospospos0000102363.jpg	1	face
425 	 1 	 face/pospospos0000107075.jpg	1	face
426 	 0 	 fish/n01443537_10092.JPEG	0	fish
427 	 1 	 face/pospospos0000099087.jpg	1	face
428 	 1 	 face/pospospos0000114105.jpg	1	face
429 	 0 	 fish/n01443537_374.JPEG	0	fish
430 	 0 	 fish/n01443537_7324.JPEG	0	fish
431 	 0 	 fish/n01443537_12966.JPEG	0	fish
432 	 0 	 fish/n01443537_12286.JPEG	0	fish
433 	 0 	 fish/n01443537_16794.JPEG	0	fish
434 	 0 	 fish/n01443537_894.JPEG	0	fish
435 	 0 	 fish/n01443537_13840.JPEG	0	fish
436 	 1 	 face/pospospos0000102042.jpg	1	face
437 	 1 	 face/pospospos0000102338.jpg	1	face
438 	 1 	 face/pospospos0000099085.jpg	1	face
439 	 0 	 fish/n01443537_12914.JPEG	0	fish
440 	 0 	 fish/n01443537_2355.JPEG	0	fish
441 	 0 	 fish/n01443537_14835.JPEG	0	fish
442 	 0 	 fish/n01443537_12586.JPEG	0	fish
443 	 1 	 face/pospospos0000117118.jpg	1	face
444 	 0 	 fish/n01443537_7913.JPEG	0	fish
445 	 0 	 fish/n01443537_21108.JPEG	0	fish
446 	 1 	 face/pospospos0000099176.jpg	1	face
447 	 0 	 fish/n01443537_19008.JPEG	0	fish
448 	 0 	 fish/n01443537_13348.JPEG	0	fish
449 	 0 	 fish/n01443537_18410.JPEG	0	fish
450 	 0 	 fish/n01443537_14709.JPEG	0	fish
451 	 1 	 face/pospospos0000099070.jpg	1	face
452 	 0 	 fish/n01443537_13755.JPEG	0	fish
453 	 0 	 fish/n01443537_12829.JPEG	0	fish
454 	 0 	 fish/n01443537_2260.JPEG	0	fish
455 	 1 	 face/pospospos0000117112.jpg	1	face
456 	 0 	 fish/n01443537_23243.JPEG	0	fish
457 	 1 	 face/pospospos0000107027.jpg	1	face
458 	 1 	 face/pospospos0000099208.jpg	1	face
459 	 0 	 fish/n01443537_10255.JPEG	0	fish
460 	 1 	 face/pospospos0000102396.jpg	1	face
461 	 1 	 face/pospospos0000107015.jpg	1	face
462 	 1 	 face/pospospos0000102168.jpg	1	face
463 	 0 	 fish/n01443537_19915.JPEG	0	fish
464 	 0 	 fish/n01443537_23127.JPEG	0	fish
465 	 0 	 fish/n01443537_815.JPEG	0	fish
466 	 1 	 face/pospospos0000099238.jpg	1	face
467 	 0 	 fish/n01443537_17979.JPEG	0	fish
468 	 0 	 fish/n01443537_15549.JPEG	0	fish
469 	 0 	 fish/n01443537_10087.JPEG	0	fish
470 	 0 	 fish/n01443537_296.JPEG	0	fish
471 	 1 	 face/pospospos0000102222.jpg	1	face
472 	 0 	 fish/n01443537_2095.JPEG	0	fish
473 	 0 	 fish/n01443537_17280.JPEG	0	fish
474 	 1 	 face/pospospos0000099074.jpg	1	face
475 	 1 	 face/pospospos0000103061.jpg	1	face
476 	 1 	 face/pospospos0000102392.jpg	1	face
477 	 0 	 fish/n01443537_11787.JPEG	0	fish
478 	 0 	 fish/n01443537_785.JPEG	0	fish
479 	 1 	 face/pospospos0000107042.jpg	1	face
480 	 0 	 fish/n01443537_13513.JPEG	0	fish
481 	 1 	 face/pospospos0000107097.jpg	1	face
482 	 0 	 fish/n01443537_13141.JPEG	0	fish
483 	 0 	 fish/n01443537_427.JPEG	0	fish
484 	 0 	 fish/n01443537_4400.JPEG	0	fish
485 	 1 	 face/pospospos0000102266.jpg	1	face
486 	 1 	 face/pospospos0000100069.jpg	1	face
487 	 0 	 fish/n01443537_4756.JPEG	0	fish
488 	 0 	 fish/n01443537_7746.JPEG	0	fish
489 	 0 	 fish/n01443537_3514.JPEG	0	fish
490 	 1 	 face/pospospos0000102015.jpg	1	face
491 	 1 	 face/pospospos0000108004.jpg	1	face
492 	 1 	 face/pospospos0000099215.jpg	1	face
493 	 0 	 fish/n01443537_4218.JPEG	0	fish
494 	 1 	 face/pospospos0000117077.jpg	1	face
495 	 1 	 face/pospospos0000114081.jpg	1	face
496 	 1 	 face/pospospos0000099013.jpg	1	face
497 	 0 	 fish/n01443537_22621.JPEG	0	fish
498 	 1 	 face/pospospos0000119019.jpg	1	face
499 	 1 	 face/pospospos0000114104.jpg	1	face
500 	 0 	 fish/n01443537_2068.JPEG	0	fish
501 	 0 	 fish/n01443537_23838.JPEG	0	fish
502 	 0 	 fish/n01443537_16309.JPEG	0	fish
503 	 0 	 fish/n01443537_608.JPEG	0	fish
504 	 0 	 fish/n01443537_13317.JPEG	0	fish
505 	 1 	 face/pospospos0000117158.jpg	1	face
506 	 1 	 face/pospospos0000102216.jpg	1	face
507 	 1 	 face/pospospos0000114235.jpg	1	face
508 	 0 	 fish/n01443537_10034.JPEG	0	fish
509 	 1 	 face/pospospos0000102217.jpg	1	face
510 	 1 	 face/pospospos0000099106.jpg	1	face
511 	 1 	 face/pospospos0000100024.jpg	1	face
512 	 0 	 fish/n01443537_18604.JPEG	0	fish
513 	 0 	 fish/n01443537_18011.JPEG	0	fish
514 	 1 	 face/pospospos0000099185.jpg	1	face
515 	 0 	 fish/n01443537_6514.JPEG	0	fish
516 	 1 	 face/pospospos0000099234.jpg	1	face
517 	 0 	 fish/n01443537_3817.JPEG	0	fish
518 	 1 	 face/pospospos0000100007.jpg	1	face
519 	 0 	 fish/n01443537_11953.JPEG	0	fish
520 	 1 	 face/pospospos0000117052.jpg	1	face
521 	 0 	 fish/n01443537_2563.JPEG	0	fish
522 	 1 	 face/pospospos0000117018.jpg	1	face
523 	 1 	 face/pospospos0000114069.jpg	1	face
524 	 1 	 face/pospospos0000102093.jpg	1	face
525 	 0 	 fish/n01443537_15552.JPEG	0	fish
526 	 0 	 fish/n01443537_16655.JPEG	0	fish
527 	 0 	 fish/n01443537_23518.JPEG	0	fish
528 	 0 	 fish/n01443537_12814.JPEG	0	fish
529 	 1 	 face/pospospos0000100042.jpg	1	face
530 	 1 	 face/pospospos0000102062.jpg	1	face
531 	 0 	 fish/n01443537_18911.JPEG	0	fish
532 	 1 	 face/pospospos0000103072.jpg	1	face
533 	 0 	 fish/n01443537_14043.JPEG	0	fish
534 	 1 	 face/pospospos0000102264.jpg	1	face
535 	 0 	 fish/n01443537_5438.JPEG	0	fish
536 	 0 	 fish/n01443537_7295.JPEG	0	fish
537 	 0 	 fish/n01443537_16377.JPEG	0	fish
538 	 0 	 fish/n01443537_4998.JPEG	0	fish
539 	 1 	 face/pospospos0000102038.jpg	1	face
540 	 1 	 face/pospospos0000102083.jpg	1	face
541 	 1 	 face/pospospos0000102158.jpg	1	face
542 	 0 	 fish/n01443537_24216.JPEG	0	fish
543 	 1 	 face/pospospos0000102225.jpg	1	face
544 	 1 	 face/pospospos0000102189.jpg	1	face
545 	 1 	 face/pospospos0000114242.jpg	1	face
546 	 1 	 face/pospospos0000114155.jpg	1	face
547 	 1 	 face/pospospos0000099012.jpg	1	face
548 	 0 	 fish/n01443537_2207.JPEG	0	fish
549 	 1 	 face/pospospos0000100021.jpg	1	face
550 	 1 	 face/pospospos0000107121.jpg	1	face
551 	 1 	 face/pospospos0000099146.jpg	1	face
552 	 1 	 face/pospospos0000100066.jpg	1	face
553 	 0 	 fish/n01443537_338.JPEG	0	fish
554 	 1 	 face/pospospos0000107050.jpg	1	face
555 	 0 	 fish/n01443537_7145.JPEG	0	fish
556 	 1 	 face/pospospos0000117136.jpg	1	face
557 	 1 	 face/pospospos0000108011.jpg	1	face
558 	 1 	 face/pospospos0000117150.jpg	1	face
559 	 0 	 fish/n01443537_13830.JPEG	0	fish
560 	 1 	 face/pospospos0000100008.jpg	1	face
561 	 0 	 fish/n01443537_3364.JPEG	0	fish
562 	 0 	 fish/n01443537_19304.JPEG	0	fish
563 	 0 	 fish/n01443537_13422.JPEG	0	fish
564 	 0 	 fish/n01443537_18310.JPEG	0	fish
565 	 1 	 face/pospospos0000102063.jpg	1	face
566 	 1 	 face/pospospos0000099094.jpg	1	face
567 	 0 	 fish/n01443537_8789.JPEG	0	fish
568 	 1 	 face/pospospos0000117128.jpg	1	face
569 	 0 	 fish/n01443537_12126.JPEG	0	fish
570 	 0 	 fish/n01443537_12943.JPEG	0	fish
571 	 1 	 face/pospospos0000107086.jpg	1	face
572 	 1 	 face/pospospos0000108007.jpg	1	face
573 	 0 	 fish/n01443537_6660.JPEG	0	fish
574 	 1 	 face/pospospos0000099158.jpg	1	face
575 	 0 	 fish/n01443537_15891.JPEG	0	fish
576 	 1 	 face/pospospos0000114100.jpg	1	face
577 	 0 	 fish/n01443537_19669.JPEG	0	fish
578 	 1 	 face/pospospos0000102331.jpg	1	face
579 	 1 	 face/pospospos0000099095.jpg	1	face
580 	 0 	 fish/n01443537_2552.JPEG	0	fish
581 	 1 	 face/pospospos0000099080.jpg	1	face
582 	 1 	 face/pospospos0000102056.jpg	1	face
583 	 0 	 fish/n01443537_23280.JPEG	0	fish
584 	 0 	 fish/n01443537_11192.JPEG	0	fish
585 	 1 	 face/pospospos0000102086.jpg	1	face
586 	 0 	 fish/n01443537_16613.JPEG	0	fish
587 	 0 	 fish/n01443537_13475.JPEG	0	fish
588 	 0 	 fish/n01443537_12193.JPEG	0	fish
589 	 1 	 face/pospospos0000099177.jpg	1	face
590 	 1 	 face/pospospos0000117067.jpg	1	face
591 	 0 	 fish/n01443537_13298.JPEG	0	fish
592 	 0 	 fish/n01443537_17667.JPEG	0	fish
593 	 1 	 face/pospospos0000102107.jpg	1	face
594 	 1 	 face/pospospos0000117038.jpg	1	face
595 	 0 	 fish/n01443537_9712.JPEG	0	fish
596 	 1 	 face/pospospos0000103007.jpg	1	face
597 	 0 	 fish/n01443537_17187.JPEG	0	fish
598 	 0 	 fish/n01443537_14567.JPEG	0	fish
599 	 0 	 fish/n01443537_16043.JPEG	0	fish
600 	 0 	 fish/n01443537_24387.JPEG	0	fish
601 	 0 	 fish/n01443537_3194.JPEG	0	fish
602 	 0 	 fish/n01443537_16979.JPEG	0	fish
603 	 0 	 fish/n01443537_4803.JPEG	0	fish
604 	 0 	 fish/n01443537_18094.JPEG	0	fish
605 	 1 	 face/pospospos0000099163.jpg	1	face
606 	 0 	 fish/n01443537_17832.JPEG	0	fish
607 	 1 	 face/pospospos0000099130.jpg	1	face
608 	 0 	 fish/n01443537_1088.JPEG	0	fish
609 	 0 	 fish/n01443537_3498.JPEG	0	fish
610 	 1 	 face/pospospos0000102280.jpg	1	face
611 	 0 	 fish/n01443537_18399.JPEG	0	fish
612 	 0 	 fish/n01443537_21699.JPEG	0	fish
613 	 0 	 fish/n01443537_17999.JPEG	0	fish
614 	 0 	 fish/n01443537_11019.JPEG	0	fish
615 	 0 	 fish/n01443537_12526.JPEG	0	fish
616 	 0 	 fish/n01443537_14393.JPEG	0	fish
617 	 0 	 fish/n01443537_16853.JPEG	0	fish
618 	 0 	 fish/n01443537_22401.JPEG	0	fish
619 	 1 	 face/pospospos0000099067.jpg	1	face
620 	 0 	 fish/n01443537_11094.JPEG	0	fish
621 	 0 	 fish/n01443537_3614.JPEG	0	fish
622 	 0 	 fish/n01443537_18754.JPEG	0	fish
623 	 0 	 fish/n01443537_13659.JPEG	0	fish
624 	 1 	 face/pospospos0000114162.jpg	1	face
625 	 1 	 face/pospospos0000099147.jpg	1	face
626 	 1 	 face/pospospos0000114030.jpg	1	face
627 	 1 	 face/pospospos0000119001.jpg	1	face
628 	 1 	 face/pospospos0000114021.jpg	1	face
629 	 1 	 face/pospospos0000099022.jpg	1	face
630 	 0 	 fish/n01443537_2594.JPEG	0	fish
631 	 0 	 fish/n01443537_22915.JPEG	0	fish
632 	 1 	 face/pospospos0000102243.jpg	1	face
633 	 0 	 fish/n01443537_20699.JPEG	0	fish
634 	 0 	 fish/n01443537_12384.JPEG	0	fish
635 	 1 	 face/pospospos0000114241.jpg	1	face
636 	 1 	 face/pospospos0000105004.jpg	1	face
637 	 1 	 face/pospospos0000107077.jpg	1	face
638 	 0 	 fish/n01443537_2942.JPEG	0	fish
639 	 1 	 face/pospospos0000099058.jpg	1	face
640 	 0 	 fish/n01443537_1306.JPEG	0	fish
641 	 0 	 fish/n01443537_1753.JPEG	0	fish
642 	 1 	 face/pospospos0000114239.jpg	1	face
643 	 1 	 face/pospospos0000114227.jpg	1	face
644 	 0 	 fish/n01443537_6428.JPEG	0	fish
645 	 1 	 face/pospospos0000114220.jpg	1	face
646 	 0 	 fish/n01443537_11665.JPEG	0	fish
647 	 0 	 fish/n01443537_4987.JPEG	0	fish
648 	 1 	 face/pospospos0000099165.jpg	1	face
649 	 0 	 fish/n01443537_11238.JPEG	0	fish
650 	 1 	 face/pospospos0000102194.jpg	1	face
651 	 0 	 fish/n01443537_7663.JPEG	0	fish
652 	 0 	 fish/n01443537_17830.JPEG	0	fish
653 	 1 	 face/pospospos0000117089.jpg	1	face
654 	 1 	 face/pospospos0000114034.jpg	1	face
655 	 0 	 fish/n01443537_1452.JPEG	0	fish
656 	 1 	 face/pospospos0000108019.jpg	1	face
657 	 0 	 fish/n01443537_18372.JPEG	0	fish
658 	 0 	 fish/n01443537_23502.JPEG	0	fish
659 	 1 	 face/pospospos0000102076.jpg	1	face
660 	 0 	 fish/n01443537_1844.JPEG	0	fish
661 	 0 	 fish/n01443537_22809.JPEG	0	fish
662 	 1 	 face/pospospos0000102141.jpg	1	face
663 	 0 	 fish/n01443537_3837.JPEG	0	fish
664 	 1 	 face/pospospos0000099245.jpg	1	face
665 	 0 	 fish/n01443537_10083.JPEG	0	fish
666 	 0 	 fish/n01443537_8437.JPEG	0	fish
667 	 1 	 face/pospospos0000117156.jpg	1	face
668 	 1 	 face/pospospos0000108010.jpg	1	face
669 	 1 	 face/pospospos0000114186.jpg	1	face
670 	 1 	 face/pospospos0000102237.jpg	1	face
671 	 0 	 fish/n01443537_22108.JPEG	0	fish
672 	 0 	 fish/n01443537_17252.JPEG	0	fish
673 	 0 	 fish/n01443537_16132.JPEG	0	fish
674 	 1 	 face/pospospos0000114092.jpg	1	face
675 	 0 	 fish/n01443537_518.JPEG	0	fish
676 	 1 	 face/pospospos0000099172.jpg	1	face
677 	 0 	 fish/n01443537_14836.JPEG	0	fish
678 	 0 	 fish/n01443537_22345.JPEG	0	fish
679 	 0 	 fish/n01443537_7649.JPEG	0	fish
680 	 1 	 face/pospospos0000102102.jpg	1	face
681 	 0 	 fish/n01443537_9740.JPEG	0	fish
682 	 0 	 fish/n01443537_5575.JPEG	0	fish
683 	 1 	 face/pospospos0000117081.jpg	1	face
684 	 0 	 fish/n01443537_20263.JPEG	0	fish
685 	 0 	 fish/n01443537_9945.JPEG	0	fish
686 	 1 	 face/pospospos0000102100.jpg	1	face
687 	 1 	 face/pospospos0000099050.jpg	1	face
688 	 0 	 fish/n01443537_17665.JPEG	0	fish
689 	 0 	 fish/n01443537_17266.JPEG	0	fish
690 	 1 	 face/pospospos0000105011.jpg	1	face
691 	 0 	 fish/n01443537_12668.JPEG	0	fish
692 	 0 	 fish/n01443537_23455.JPEG	0	fish
693 	 0 	 fish/n01443537_10242.JPEG	0	fish
694 	 1 	 face/pospospos0000117153.jpg	1	face
695 	 1 	 face/pospospos0000107054.jpg	1	face
696 	 1 	 face/pospospos0000105022.jpg	1	face
697 	 1 	 face/pospospos0000107026.jpg	1	face
698 	 0 	 fish/n01443537_22849.JPEG	0	fish
699 	 0 	 fish/n01443537_13166.JPEG	0	fish
700 	 1 	 face/pospospos0000105003.jpg	1	face
701 	 1 	 face/pospospos0000102393.jpg	1	face
702 	 0 	 fish/n01443537_1722.JPEG	0	fish
703 	 0 	 fish/n01443537_10562.JPEG	0	fish
704 	 1 	 face/pospospos0000114238.jpg	1	face
705 	 0 	 fish/n01443537_951.JPEG	0	fish
706 	 0 	 fish/n01443537_1170.JPEG	0	fish
707 	 0 	 fish/n01443537_11513.JPEG	0	fish
708 	 1 	 face/pospospos0000117063.jpg	1	face
709 	 1 	 face/pospospos0000114116.jpg	1	face
710 	 0 	 fish/n01443537_3588.JPEG	0	fish
711 	 1 	 face/pospospos0000102175.jpg	1	face
712 	 1 	 face/pospospos0000114073.jpg	1	face
713 	 0 	 fish/n01443537_3726.JPEG	0	fish
714 	 0 	 fish/n01443537_20094.JPEG	0	fish
715 	 0 	 fish/n01443537_8407.JPEG	0	fish
716 	 0 	 fish/n01443537_23046.JPEG	0	fish
717 	 0 	 fish/n01443537_792.JPEG	0	fish
718 	 0 	 fish/n01443537_21801.JPEG	0	fish
719 	 0 	 fish/n01443537_11709.JPEG	0	fish
720 	 1 	 face/pospospos0000102003.jpg	1	face
721 	 0 	 fish/n01443537_16780.JPEG	0	fish
722 	 0 	 fish/n01443537_6272.JPEG	0	fish
723 	 0 	 fish/n01443537_17008.JPEG	0	fish
724 	 0 	 fish/n01443537_13278.JPEG	0	fish
725 	 1 	 face/pospospos0000119039.jpg	1	face
726 	 0 	 fish/n01443537_9753.JPEG	0	fish
727 	 1 	 face/pospospos0000100056.jpg	1	face
728 	 1 	 face/pospospos0000099178.jpg	1	face
729 	 0 	 fish/n01443537_22323.JPEG	0	fish
730 	 1 	 face/pospospos0000102259.jpg	1	face
731 	 1 	 face/pospospos0000102014.jpg	1	face
732 	 0 	 fish/n01443537_6088.JPEG	0	fish
733 	 0 	 fish/n01443537_19650.JPEG	0	fish
734 	 1 	 face/pospospos0000119047.jpg	1	face
735 	 0 	 fish/n01443537_4203.JPEG	0	fish
736 	 0 	 fish/n01443537_18294.JPEG	0	fish
737 	 1 	 face/pospospos0000114004.jpg	1	face
738 	 1 	 face/pospospos0000099032.jpg	1	face
739 	 0 	 fish/n01443537_17246.JPEG	0	fish
740 	 1 	 face/pospospos0000099072.jpg	1	face
741 	 0 	 fish/n01443537_22807.JPEG	0	fish
742 	 0 	 fish/n01443537_22507.JPEG	0	fish
743 	 1 	 face/pospospos0000117108.jpg	1	face
744 	 1 	 face/pospospos0000107020.jpg	1	face
745 	 0 	 fish/n01443537_22152.JPEG	0	fish
746 	 1 	 face/pospospos0000107045.jpg	1	face
747 	 1 	 face/pospospos0000114182.jpg	1	face
748 	 1 	 face/pospospos0000099131.jpg	1	face
749 	 0 	 fish/n01443537_17264.JPEG	0	fish
750 	 1 	 face/pospospos0000099002.jpg	1	face
751 	 1 	 face/pospospos0000099001.jpg	1	face
752 	 0 	 fish/n01443537_2191.JPEG	0	fish
753 	 1 	 face/pospospos0000117060.jpg	1	face
754 	 0 	 fish/n01443537_1472.JPEG	0	fish
755 	 0 	 fish/n01443537_7428.JPEG	0	fish
756 	 0 	 fish/n01443537_23289.JPEG	0	fish
757 	 0 	 fish/n01443537_16382.JPEG	0	fish
758 	 0 	 fish/n01443537_15270.JPEG	0	fish
759 	 1 	 face/pospospos0000102213.jpg	1	face
760 	 1 	 face/pospospos0000114209.jpg	1	face
761 	 0 	 fish/n01443537_15416.JPEG	0	fish
762 	 1 	 face/pospospos0000099183.jpg	1	face
763 	 1 	 face/pospospos0000102151.jpg	1	face
764 	 1 	 face/pospospos0000102177.jpg	1	face
765 	 0 	 fish/n01443537_24460.JPEG	0	fish
766 	 0 	 fish/n01443537_14789.JPEG	0	fish
767 	 0 	 fish/n01443537_14173.JPEG	0	fish
768 	 0 	 fish/n01443537_1124.JPEG	0	fish
769 	 1 	 face/pospospos0000102251.jpg	1	face
770 	 1 	 face/pospospos0000119036.jpg	1	face
771 	 1 	 face/pospospos0000107100.jpg	1	face
772 	 1 	 face/pospospos0000114188.jpg	1	face
773 	 0 	 fish/n01443537_7795.JPEG	0	fish
774 	 0 	 fish/n01443537_20545.JPEG	0	fish
775 	 1 	 face/pospospos0000107044.jpg	1	face
776 	 0 	 fish/n01443537_23860.JPEG	0	fish
777 	 1 	 face/pospospos0000117032.jpg	1	face
778 	 0 	 fish/n01443537_1987.JPEG	0	fish
779 	 0 	 fish/n01443537_3697.JPEG	0	fish
780 	 0 	 fish/n01443537_19840.JPEG	0	fish
781 	 1 	 face/pospospos0000099088.jpg	1	face
782 	 1 	 face/pospospos0000114200.jpg	1	face
783 	 0 	 fish/n01443537_3965.JPEG	0	fish
784 	 0 	 fish/n01443537_896.JPEG	0	fish
785 	 0 	 fish/n01443537_3903.JPEG	0	fish
786 	 1 	 face/pospospos0000114008.jpg	1	face
787 	 0 	 fish/n01443537_20832.JPEG	0	fish
788 	 1 	 face/pospospos0000102328.jpg	1	face
789 	 1 	 face/pospospos0000102104.jpg	1	face
790 	 0 	 fish/n01443537_4834.JPEG	0	fish
791 	 1 	 face/pospospos0000102144.jpg	1	face
792 	 0 	 fish/n01443537_23387.JPEG	0	fish
793 	 1 	 face/pospospos0000102054.jpg	1	face
794 	 1 	 face/pospospos0000102058.jpg	1	face
795 	 0 	 fish/n01443537_12568.JPEG	0	fish
796 	 0 	 fish/n01443537_14115.JPEG	0	fish
797 	 1 	 face/pospospos0000102137.jpg	1	face
798 	 1 	 face/pospospos0000099149.jpg	1	face
799 	 1 	 face/pospospos0000107037.jpg	1	face
800 	 1 	 face/pospospos0000102181.jpg	1	face
801 	 1 	 face/pospospos0000114017.jpg	1	face
802 	 0 	 fish/n01443537_1219.JPEG	0	fish
803 	 0 	 fish/n01443537_3885.JPEG	0	fish
804 	 0 	 fish/n01443537_6967.JPEG	0	fish
805 	 0 	 fish/n01443537_501.JPEG	0	fish
806 	 0 	 fish/n01443537_11577.JPEG	0	fish
807 	 0 	 fish/n01443537_2719.JPEG	0	fish
808 	 0 	 fish/n01443537_6655.JPEG	0	fish
809 	 1 	 face/pospospos0000099161.jpg	1	face
810 	 1 	 face/pospospos0000107108.jpg	1	face
811 	 0 	 fish/n01443537_21656.JPEG	0	fish
812 	 0 	 fish/n01443537_22976.JPEG	0	fish
813 	 0 	 fish/n01443537_1592.JPEG	0	fish
814 	 1 	 face/pospospos0000102032.jpg	1	face
815 	 1 	 face/pospospos0000117107.jpg	1	face
816 	 0 	 fish/n01443537_8818.JPEG	0	fish
817 	 1 	 face/pospospos0000102346.jpg	1	face
818 	 1 	 face/pospospos0000114124.jpg	1	face
819 	 1 	 face/pospospos0000117059.jpg	1	face
820 	 0 	 fish/n01443537_12138.JPEG	0	fish
821 	 1 	 face/pospospos0000102411.jpg	1	face
822 	 0 	 fish/n01443537_12433.JPEG	0	fish
823 	 0 	 fish/n01443537_20228.JPEG	0	fish
824 	 0 	 fish/n01443537_801.JPEG	0	fish
825 	 1 	 face/pospospos0000102179.jpg	1	face
826 	 0 	 fish/n01443537_21870.JPEG	0	fish
827 	 1 	 face/pospospos0000103022.jpg	1	face
828 	 1 	 face/pospospos0000099256.jpg	1	face
829 	 0 	 fish/n01443537_2084.JPEG	0	fish
830 	 0 	 fish/n01443537_20705.JPEG	0	fish
831 	 0 	 fish/n01443537_13028.JPEG	0	fish
832 	 0 	 fish/n01443537_3036.JPEG	0	fish
833 	 1 	 face/pospospos0000103001.jpg	1	face
834 	 1 	 face/pospospos0000117141.jpg	1	face
835 	 0 	 fish/n01443537_18146.JPEG	0	fish
836 	 1 	 face/pospospos0000099220.jpg	1	face
837 	 0 	 fish/n01443537_24514.JPEG	0	fish
838 	 0 	 fish/n01443537_11730.JPEG	0	fish
839 	 0 	 fish/n01443537_11052.JPEG	0	fish
840 	 0 	 fish/n01443537_20186.JPEG	0	fish
841 	 1 	 face/pospospos0000119014.jpg	1	face
842 	 1 	 face/pospospos0000107060.jpg	1	face
843 	 0 	 fish/n01443537_15259.JPEG	0	fish
844 	 1 	 face/pospospos0000099198.jpg	1	face
845 	 1 	 face/pospospos0000102145.jpg	1	face
846 	 1 	 face/pospospos0000102233.jpg	1	face
847 	 1 	 face/pospospos0000119031.jpg	1	face
848 	 0 	 fish/n01443537_16322.JPEG	0	fish
849 	 1 	 face/pospospos0000099255.jpg	1	face
850 	 1 	 face/pospospos0000099209.jpg	1	face
851 	 1 	 face/pospospos0000114203.jpg	1	face
852 	 0 	 fish/n01443537_22145.JPEG	0	fish
853 	 0 	 fish/n01443537_1955.JPEG	0	fish
854 	 1 	 face/pospospos0000103046.jpg	1	face
855 	 0 	 fish/n01443537_8243.JPEG	0	fish
856 	 1 	 face/pospospos0000114028.jpg	1	face
857 	 1 	 face/pospospos0000102247.jpg	1	face
858 	 0 	 fish/n01443537_472.JPEG	0	fish
859 	 1 	 face/pospospos0000099152.jpg	1	face
860 	 0 	 fish/n01443537_590.JPEG	0	fish
861 	 1 	 face/pospospos0000102146.jpg	1	face
862 	 1 	 face/pospospos0000107029.jpg	1	face
863 	 0 	 fish/n01443537_13314.JPEG	0	fish
864 	 0 	 fish/n01443537_21191.JPEG	0	fish
865 	 0 	 fish/n01443537_10213.JPEG	0	fish
866 	 1 	 face/pospospos0000107126.jpg	1	face
867 	 1 	 face/pospospos0000119018.jpg	1	face
868 	 0 	 fish/n01443537_21982.JPEG	0	fish
869 	 1 	 face/pospospos0000114038.jpg	1	face
870 	 0 	 fish/n01443537_21060.JPEG	0	fish
871 	 1 	 face/pospospos0000117088.jpg	1	face
872 	 0 	 fish/n01443537_4516.JPEG	0	fish
873 	 1 	 face/pospospos0000117065.jpg	1	face
874 	 1 	 face/pospospos0000099057.jpg	1	face
875 	 1 	 face/pospospos0000119040.jpg	1	face
876 	 1 	 face/pospospos0000102324.jpg	1	face
877 	 1 	 face/pospospos0000119025.jpg	1	face
878 	 0 	 fish/n01443537_22538.JPEG	0	fish
879 	 0 	 fish/n01443537_1103.JPEG	0	fish
880 	 1 	 face/pospospos0000114201.jpg	1	face
881 	 0 	 fish/n01443537_13924.JPEG	0	fish
882 	 1 	 face/pospospos0000100067.jpg	1	face
883 	 0 	 fish/n01443537_22942.JPEG	0	fish
884 	 1 	 face/pospospos0000099249.jpg	1	face
885 	 0 	 fish/n01443537_20586.JPEG	0	fish
886 	 0 	 fish/n01443537_8169.JPEG	0	fish
887 	 1 	 face/pospospos0000102296.jpg	1	face
888 	 0 	 fish/n01443537_19912.JPEG	0	fish
889 	 1 	 face/pospospos0000102287.jpg	1	face
890 	 1 	 face/pospospos0000099138.jpg	1	face
891 	 0 	 fish/n01443537_18141.JPEG	0	fish
892 	 0 	 fish/n01443537_13674.JPEG	0	fish
893 	 1 	 face/pospospos0000114003.jpg	1	face
894 	 0 	 fish/n01443537_2684.JPEG	0	fish
895 	 1 	 face/pospospos0000102119.jpg	1	face
896 	 0 	 fish/n01443537_21810.JPEG	0	fish
897 	 0 	 fish/n01443537_24239.JPEG	0	fish
898 	 1 	 face/pospospos0000117094.jpg	1	face
899 	 1 	 face/pospospos0000114109.jpg	1	face
900 	 0 	 fish/n01443537_13343.JPEG	0	fish
901 	 1 	 face/pospospos0000099143.jpg	1	face
902 	 1 	 face/pospospos0000114095.jpg	1	face
903 	 0 	 fish/n01443537_20680.JPEG	0	fish
904 	 0 	 fish/n01443537_21818.JPEG	0	fish
905 	 0 	 fish/n01443537_3012.JPEG	0	fish
906 	 1 	 face/pospospos0000107083.jpg	1	face
907 	 1 	 face/pospospos0000102044.jpg	1	face
908 	 0 	 fish/n01443537_17142.JPEG	0	fish
909 	 0 	 fish/n01443537_24784.JPEG	0	fish
910 	 1 	 face/pospospos0000103050.jpg	1	face
911 	 1 	 face/pospospos0000107096.jpg	1	face
912 	 1 	 face/pospospos0000102272.jpg	1	face
913 	 1 	 face/pospospos0000117073.jpg	1	face
914 	 1 	 face/pospospos0000045009.jpg	1	face
915 	 1 	 face/pospospos0000107123.jpg	1	face
916 	 0 	 fish/n01443537_5154.JPEG	0	fish
917 	 0 	 fish/n01443537_22422.JPEG	0	fish
918 	 1 	 face/pospospos0000099168.jpg	1	face
919 	 0 	 fish/n01443537_1824.JPEG	0	fish
920 	 1 	 face/pospospos0000107049.jpg	1	face
921 	 0 	 fish/n01443537_21111.JPEG	0	fish
922 	 1 	 face/pospospos0000119022.jpg	1	face
923 	 0 	 fish/n01443537_17191.JPEG	0	fish
924 	 0 	 fish/n01443537_24803.JPEG	0	fish
925 	 1 	 face/pospospos0000114135.jpg	1	face
926 	 1 	 face/pospospos0000114037.jpg	1	face
927 	 1 	 face/pospospos0000102226.jpg	1	face
928 	 1 	 face/pospospos0000114023.jpg	1	face
929 	 1 	 face/pospospos0000099125.jpg	1	face
930 	 0 	 fish/n01443537_22549.JPEG	0	fish
931 	 1 	 face/pospospos0000117047.jpg	1	face
932 	 0 	 fish/n01443537_18065.JPEG	0	fish
933 	 0 	 fish/n01443537_319.JPEG	0	fish
934 	 0 	 fish/n01443537_24424.JPEG	0	fish
935 	 1 	 face/pospospos0000102330.jpg	1	face
936 	 0 	 fish/n01443537_19977.JPEG	0	fish
937 	 1 	 face/pospospos0000119028.jpg	1	face
938 	 0 	 fish/n01443537_3814.JPEG	0	fish
939 	 1 	 face/pospospos0000102097.jpg	1	face
940 	 1 	 face/pospospos0000108020.jpg	1	face
941 	 1 	 face/pospospos0000102221.jpg	1	face
942 	 0 	 fish/n01443537_477.JPEG	0	fish
943 	 1 	 face/pospospos0000103019.jpg	1	face
944 	 0 	 fish/n01443537_11292.JPEG	0	fish
945 	 0 	 fish/n01443537_875.JPEG	0	fish
946 	 1 	 face/pospospos0000107031.jpg	1	face
947 	 1 	 face/pospospos0000114001.jpg	1	face
948 	 0 	 fish/n01443537_962.JPEG	0	fish
949 	 0 	 fish/n01443537_3067.JPEG	0	fish
950 	 0 	 fish/n01443537_21445.JPEG	0	fish
951 	 1 	 face/pospospos0000102071.jpg	1	face
952 	 0 	 fish/n01443537_7843.JPEG	0	fish
953 	 0 	 fish/n01443537_16292.JPEG	0	fish
954 	 0 	 fish/n01443537_129.JPEG	0	fish
955 	 1 	 face/pospospos0000099179.jpg	1	face
956 	 0 	 fish/n01443537_522.JPEG	0	fish
957 	 0 	 fish/n01443537_50.JPEG	0	fish
958 	 1 	 face/pospospos0000114189.jpg	1	face
959 	 1 	 face/pospospos0000117138.jpg	1	face
960 	 1 	 face/pospospos0000102176.jpg	1	face
961 	 1 	 face/pospospos0000102290.jpg	1	face
962 	 1 	 face/pospospos0000103054.jpg	1	face
963 	 0 	 fish/n01443537_13733.JPEG	0	fish
964 	 0 	 fish/n01443537_20440.JPEG	0	fish
965 	 1 	 face/pospospos0000114166.jpg	1	face
966 	 1 	 face/pospospos0000102209.jpg	1	face
967 	 1 	 face/pospospos0000105012.jpg	1	face
968 	 0 	 fish/n01443537_24223.JPEG	0	fish
969 	 0 	 fish/n01443537_23686.JPEG	0	fish
970 	 0 	 fish/n01443537_5979.JPEG	0	fish
971 	 0 	 fish/n01443537_6066.JPEG	0	fish
972 	 1 	 face/pospospos0000099137.jpg	1	face
973 	 0 	 fish/n01443537_5135.JPEG	0	fish
974 	 1 	 face/pospospos0000102377.jpg	1	face
975 	 1 	 face/pospospos0000114066.jpg	1	face
976 	 1 	 face/pospospos0000117080.jpg	1	face
977 	 1 	 face/pospospos0000103013.jpg	1	face
978 	 1 	 face/pospospos0000119042.jpg	1	face
979 	 1 	 face/pospospos0000117124.jpg	1	face
980 	 1 	 face/pospospos0000099056.jpg	1	face
981 	 0 	 fish/n01443537_16942.JPEG	0	fish
982 	 1 	 face/pospospos0000114145.jpg	1	face
983 	 1 	 face/pospospos0000103064.jpg	1	face
984 	 1 	 face/pospospos0000102245.jpg	1	face
985 	 0 	 fish/n01443537_18846.JPEG	0	fish
986 	 0 	 fish/n01443537_3951.JPEG	0	fish
987 	 0 	 fish/n01443537_7472.JPEG	0	fish
988 	 0 	 fish/n01443537_15607.JPEG	0	fish
989 	 0 	 fish/n01443537_13557.JPEG	0	fish
990 	 1 	 face/pospospos0000114207.jpg	1	face
991 	 0 	 fish/n01443537_11916.JPEG	0	fish
992 	 0 	 fish/n01443537_12621.JPEG	0	fish
993 	 0 	 fish/n01443537_11648.JPEG	0	fish
994 	 1 	 face/pospospos0000103031.jpg	1	face
995 	 0 	 fish/n01443537_2945.JPEG	0	fish
996 	 0 	 fish/n01443537_17158.JPEG	0	fish
997 	 1 	 face/pospospos0000117023.jpg	1	face
998 	 0 	 fish/n01443537_3767.JPEG	0	fish
999 	 1 	 face/pospospos0000103003.jpg	1	face
1000 	 1 	 face/pospospos0000114133.jpg	1	face
1001 	 1 	 face/pospospos0000102391.jpg	1	face
1002 	 0 	 fish/n01443537_12040.JPEG	0	fish
1003 	 1 	 face/pospospos0000114153.jpg	1	face
1004 	 0 	 fish/n01443537_7150.JPEG	0	fish
1005 	 1 	 face/pospospos0000102112.jpg	1	face
1006 	 0 	 fish/n01443537_18165.JPEG	0	fish
1007 	 1 	 face/pospospos0000102121.jpg	1	face
1008 	 0 	 fish/n01443537_19470.JPEG	0	fish
1009 	 0 	 fish/n01443537_14584.JPEG	0	fish
1010 	 0 	 fish/n01443537_2199.JPEG	0	fish
1011 	 1 	 face/pospospos0000107055.jpg	1	face
1012 	 1 	 face/pospospos0000102202.jpg	1	face
1013 	 0 	 fish/n01443537_180.JPEG	0	fish
1014 	 1 	 face/pospospos0000107058.jpg	1	face
1015 	 0 	 fish/n01443537_11283.JPEG	0	fish
1016 	 0 	 fish/n01443537_1655.JPEG	0	fish
1017 	 0 	 fish/n01443537_18607.JPEG	0	fish
1018 	 0 	 fish/n01443537_2535.JPEG	0	fish
1019 	 0 	 fish/n01443537_3042.JPEG	0	fish
1020 	 1 	 face/pospospos0000105021.jpg	1	face
1021 	 1 	 face/pospospos0000114048.jpg	1	face
1022 	 1 	 face/pospospos0000119041.jpg	1	face
1023 	 1 	 face/pospospos0000102303.jpg	1	face
1024 	 0 	 fish/n01443537_21862.JPEG	0	fish
1025 	 0 	 fish/n01443537_10107.JPEG	0	fish
1026 	 1 	 face/pospospos0000102320.jpg	1	face
1027 	 0 	 fish/n01443537_19509.JPEG	0	fish
1028 	 0 	 fish/n01443537_6047.JPEG	0	fish
1029 	 0 	 fish/n01443537_17000.JPEG	0	fish
1030 	 0 	 fish/n01443537_84.JPEG	0	fish
1031 	 0 	 fish/n01443537_2111.JPEG	0	fish
1032 	 1 	 face/pospospos0000114160.jpg	1	face
1033 	 0 	 fish/n01443537_7778.JPEG	0	fish
1034 	 0 	 fish/n01443537_12542.JPEG	0	fish
1035 	 0 	 fish/n01443537_16849.JPEG	0	fish
1036 	 1 	 face/pospospos0000117083.jpg	1	face
1037 	 0 	 fish/n01443537_15913.JPEG	0	fish
1038 	 0 	 fish/n01443537_13013.JPEG	0	fish
1039 	 1 	 face/pospospos0000099159.jpg	1	face
1040 	 1 	 face/pospospos0000117056.jpg	1	face
1041 	 0 	 fish/n01443537_1313.JPEG	0	fish
1042 	 0 	 fish/n01443537_23513.JPEG	0	fish
1043 	 0 	 fish/n01443537_19364.JPEG	0	fish
1044 	 1 	 face/pospospos0000103005.jpg	1	face
1045 	 0 	 fish/n01443537_2939.JPEG	0	fish
1046 	 1 	 face/pospospos0000099203.jpg	1	face
1047 	 0 	 fish/n01443537_21611.JPEG	0	fish
1048 	 0 	 fish/n01443537_19247.JPEG	0	fish
1049 	 0 	 fish/n01443537_4099.JPEG	0	fish
1050 	 1 	 face/pospospos0000102231.jpg	1	face
1051 	 1 	 face/pospospos0000105023.jpg	1	face
1052 	 0 	 fish/n01443537_17210.JPEG	0	fish
1053 	 0 	 fish/n01443537_21355.JPEG	0	fish
1054 	 0 	 fish/n01443537_1610.JPEG	0	fish
1055 	 1 	 face/pospospos0000102276.jpg	1	face
1056 	 1 	 face/pospospos0000108002.jpg	1	face
1057 	 1 	 face/pospospos0000102312.jpg	1	face
1058 	 1 	 face/pospospos0000102095.jpg	1	face
1059 	 0 	 fish/n01443537_12661.JPEG	0	fish
1060 	 1 	 face/pospospos0000114045.jpg	1	face
1061 	 0 	 fish/n01443537_14454.JPEG	0	fish
1062 	 0 	 fish/n01443537_19626.JPEG	0	fish
1063 	 1 	 face/pospospos0000099139.jpg	1	face
1064 	 0 	 fish/n01443537_3883.JPEG	0	fish
1065 	 0 	 fish/n01443537_16115.JPEG	0	fish
1066 	 0 	 fish/n01443537_4862.JPEG	0	fish
1067 	 0 	 fish/n01443537_330.JPEG	0	fish
1068 	 0 	 fish/n01443537_15346.JPEG	0	fish
1069 	 0 	 fish/n01443537_4415.JPEG	0	fish
1070 	 0 	 fish/n01443537_6668.JPEG	0	fish
1071 	 0 	 fish/n01443537_23597.JPEG	0	fish
1072 	 0 	 fish/n01443537_3011.JPEG	0	fish
1073 	 1 	 face/pospospos0000099005.jpg	1	face
1074 	 1 	 face/pospospos0000099186.jpg	1	face
1075 	 1 	 face/pospospos0000102031.jpg	1	face
1076 	 1 	 face/pospospos0000117154.jpg	1	face
1077 	 1 	 face/pospospos0000102040.jpg	1	face
1078 	 1 	 face/pospospos0000107047.jpg	1	face
1079 	 1 	 face/pospospos0000119005.jpg	1	face
1080 	 1 	 face/pospospos0000100054.jpg	1	face
1081 	 1 	 face/pospospos0000117102.jpg	1	face
1082 	 0 	 fish/n01443537_22818.JPEG	0	fish
1083 	 1 	 face/pospospos0000117140.jpg	1	face
1084 	 0 	 fish/n01443537_8719.JPEG	0	fish
1085 	 1 	 face/pospospos0000100040.jpg	1	face
1086 	 0 	 fish/n01443537_18113.JPEG	0	fish
1087 	 0 	 fish/n01443537_395.JPEG	0	fish
1088 	 1 	 face/pospospos0000102249.jpg	1	face
1089 	 1 	 face/pospospos0000102355.jpg	1	face
1090 	 0 	 fish/n01443537_17231.JPEG	0	fish
1091 	 0 	 fish/n01443537_1062.JPEG	0	fish
1092 	 0 	 fish/n01443537_3047.JPEG	0	fish
1093 	 0 	 fish/n01443537_8320.JPEG	0	fish
1094 	 1 	 face/pospospos0000102029.jpg	1	face
1095 	 1 	 face/pospospos0000099221.jpg	1	face
1096 	 0 	 fish/n01443537_12900.JPEG	0	fish
1097 	 0 	 fish/n01443537_13947.JPEG	0	fish
1098 	 1 	 face/pospospos0000102398.jpg	1	face
1099 	 1 	 face/pospospos0000099174.jpg	1	face
1100 	 1 	 face/pospospos0000102022.jpg	1	face
1101 	 0 	 fish/n01443537_371.JPEG	0	fish
1102 	 0 	 fish/n01443537_22742.JPEG	0	fish
1103 	 1 	 face/pospospos0000103034.jpg	1	face
1104 	 0 	 fish/n01443537_1666.JPEG	0	fish
1105 	 1 	 face/pospospos0000102059.jpg	1	face
1106 	 0 	 fish/n01443537_2763.JPEG	0	fish
1107 	 1 	 face/pospospos0000107063.jpg	1	face
1108 	 1 	 face/pospospos0000107028.jpg	1	face
1109 	 1 	 face/pospospos0000114070.jpg	1	face
1110 	 1 	 face/pospospos0000099077.jpg	1	face
1111 	 1 	 face/pospospos0000117007.jpg	1	face
1112 	 1 	 face/pospospos0000099226.jpg	1	face
1113 	 0 	 fish/n01443537_12585.JPEG	0	fish
1114 	 1 	 face/pospospos0000114130.jpg	1	face
1115 	 1 	 face/pospospos0000099025.jpg	1	face
1116 	 0 	 fish/n01443537_20918.JPEG	0	fish
1117 	 1 	 face/pospospos0000114080.jpg	1	face
1118 	 0 	 fish/n01443537_11348.JPEG	0	fish
1119 	 0 	 fish/n01443537_23359.JPEG	0	fish
1120 	 1 	 face/pospospos0000114226.jpg	1	face
1121 	 0 	 fish/n01443537_10025.JPEG	0	fish
1122 	 1 	 face/pospospos0000107010.jpg	1	face
1123 	 0 	 fish/n01443537_17989.JPEG	0	fish
1124 	 1 	 face/pospospos0000099151.jpg	1	face
1125 	 1 	 face/pospospos0000117020.jpg	1	face
1126 	 1 	 face/pospospos0000103041.jpg	1	face
1127 	 1 	 face/pospospos0000102037.jpg	1	face
1128 	 0 	 fish/n01443537_4489.JPEG	0	fish
1129 	 0 	 fish/n01443537_14803.JPEG	0	fish
1130 	 0 	 fish/n01443537_16635.JPEG	0	fish
1131 	 1 	 face/pospospos0000102118.jpg	1	face
1132 	 1 	 face/pospospos0000114195.jpg	1	face
1133 	 0 	 fish/n01443537_2772.JPEG	0	fish
1134 	 1 	 face/pospospos0000107030.jpg	1	face
1135 	 0 	 fish/n01443537_22740.JPEG	0	fish
1136 	 1 	 face/pospospos0000107039.jpg	1	face
1137 	 0 	 fish/n01443537_16940.JPEG	0	fish
1138 	 0 	 fish/n01443537_8241.JPEG	0	fish
1139 	 1 	 face/pospospos0000102082.jpg	1	face
1140 	 0 	 fish/n01443537_2711.JPEG	0	fish
1141 	 1 	 face/pospospos0000099090.jpg	1	face
1142 	 0 	 fish/n01443537_21605.JPEG	0	fish
1143 	 1 	 face/pospospos0000102282.jpg	1	face
1144 	 0 	 fish/n01443537_4600.JPEG	0	fish
1145 	 0 	 fish/n01443537_2920.JPEG	0	fish
1146 	 1 	 face/pospospos0000102252.jpg	1	face
1147 	 1 	 face/pospospos0000103012.jpg	1	face
1148 	 0 	 fish/n01443537_4784.JPEG	0	fish
1149 	 1 	 face/pospospos0000108003.jpg	1	face
1150 	 0 	 fish/n01443537_10171.JPEG	0	fish
1151 	 0 	 fish/n01443537_13177.JPEG	0	fish
1152 	 0 	 fish/n01443537_21985.JPEG	0	fish
1153 	 1 	 face/pospospos0000117144.jpg	1	face
1154 	 0 	 fish/n01443537_7803.JPEG	0	fish
1155 	 0 	 fish/n01443537_20261.JPEG	0	fish
1156 	 0 	 fish/n01443537_18549.JPEG	0	fish
1157 	 1 	 face/pospospos0000117040.jpg	1	face
1158 	 0 	 fish/n01443537_23671.JPEG	0	fish
1159 	 1 	 face/pospospos0000114115.jpg	1	face
1160 	 0 	 fish/n01443537_11018.JPEG	0	fish
1161 	 0 	 fish/n01443537_9877.JPEG	0	fish
1162 	 0 	 fish/n01443537_13183.JPEG	0	fish
1163 	 0 	 fish/n01443537_19694.JPEG	0	fish
1164 	 0 	 fish/n01443537_20383.JPEG	0	fish
1165 	 0 	 fish/n01443537_3651.JPEG	0	fish
1166 	 0 	 fish/n01443537_20026.JPEG	0	fish
1167 	 0 	 fish/n01443537_4289.JPEG	0	fish
1168 	 0 	 fish/n01443537_13692.JPEG	0	fish
1169 	 0 	 fish/n01443537_891.JPEG	0	fish
1170 	 0 	 fish/n01443537_16125.JPEG	0	fish
1171 	 0 	 fish/n01443537_21408.JPEG	0	fish
1172 	 1 	 face/pospospos0000102182.jpg	1	face
1173 	 0 	 fish/n01443537_1640.JPEG	0	fish
1174 	 0 	 fish/n01443537_12860.JPEG	0	fish
1175 	 0 	 fish/n01443537_7938.JPEG	0	fish
1176 	 1 	 face/pospospos0000102122.jpg	1	face
1177 	 1 	 face/pospospos0000099023.jpg	1	face
1178 	 0 	 fish/n01443537_3693.JPEG	0	fish
1179 	 1 	 face/pospospos0000100010.jpg	1	face
1180 	 1 	 face/pospospos0000102308.jpg	1	face
1181 	 0 	 fish/n01443537_4232.JPEG	0	fish
1182 	 1 	 face/pospospos0000117075.jpg	1	face
1183 	 1 	 face/pospospos0000114249.jpg	1	face
1184 	 0 	 fish/n01443537_579.JPEG	0	fish
1185 	 1 	 face/pospospos0000117072.jpg	1	face
1186 	 1 	 face/pospospos0000119003.jpg	1	face
1187 	 1 	 face/pospospos0000114134.jpg	1	face
1188 	 0 	 fish/n01443537_11213.JPEG	0	fish
1189 	 0 	 fish/n01443537_2813.JPEG	0	fish
1190 	 0 	 fish/n01443537_21226.JPEG	0	fish
1191 	 0 	 fish/n01443537_14831.JPEG	0	fish
1192 	 1 	 face/pospospos0000117017.jpg	1	face
1193 	 1 	 face/pospospos0000100045.jpg	1	face
1194 	 1 	 face/pospospos0000114136.jpg	1	face
1195 	 1 	 face/pospospos0000114246.jpg	1	face
1196 	 1 	 face/pospospos0000114142.jpg	1	face
1197 	 0 	 fish/n01443537_23319.JPEG	0	fish
1198 	 0 	 fish/n01443537_21104.JPEG	0	fish
1199 	 0 	 fish/n01443537_20722.JPEG	0	fish
1200 	 1 	 face/pospospos0000102170.jpg	1	face
1201 	 0 	 fish/n01443537_2665.JPEG	0	fish
1202 	 1 	 face/pospospos0000103053.jpg	1	face
1203 	 1 	 face/pospospos0000114176.jpg	1	face
1204 	 0 	 fish/n01443537_13637.JPEG	0	fish
1205 	 1 	 face/pospospos0000099222.jpg	1	face
1206 	 1 	 face/pospospos0000114206.jpg	1	face
1207 	 1 	 face/pospospos0000114228.jpg	1	face
1208 	 0 	 fish/n01443537_13276.JPEG	0	fish
1209 	 0 	 fish/n01443537_15846.JPEG	0	fish
1210 	 1 	 face/pospospos0000099039.jpg	1	face
1211 	 1 	 face/pospospos0000099223.jpg	1	face
1212 	 0 	 fish/n01443537_17309.JPEG	0	fish
1213 	 0 	 fish/n01443537_2195.JPEG	0	fish
1214 	 0 	 fish/n01443537_21205.JPEG	0	fish
1215 	 0 	 fish/n01443537_483.JPEG	0	fish
1216 	 0 	 fish/n01443537_9204.JPEG	0	fish
1217 	 0 	 fish/n01443537_1167.JPEG	0	fish
1218 	 0 	 fish/n01443537_9816.JPEG	0	fish
1219 	 0 	 fish/n01443537_551.JPEG	0	fish
1220 	 1 	 face/pospospos0000102111.jpg	1	face
1221 	 0 	 fish/n01443537_4572.JPEG	0	fish
1222 	 0 	 fish/n01443537_16219.JPEG	0	fish
1223 	 0 	 fish/n01443537_9744.JPEG	0	fish
1224 	 0 	 fish/n01443537_9799.JPEG	0	fish
1225 	 1 	 face/pospospos0000102285.jpg	1	face
1226 	 0 	 fish/n01443537_1403.JPEG	0	fish
1227 	 0 	 fish/n01443537_10569.JPEG	0	fish
1228 	 1 	 face/pospospos0000099257.jpg	1	face
1229 	 0 	 fish/n01443537_22725.JPEG	0	fish
1230 	 1 	 face/pospospos0000114044.jpg	1	face
1231 	 1 	 face/pospospos0000102068.jpg	1	face
1232 	 0 	 fish/n01443537_18780.JPEG	0	fish
1233 	 1 	 face/pospospos0000102374.jpg	1	face
1234 	 0 	 fish/n01443537_15450.JPEG	0	fish
1235 	 1 	 face/pospospos0000114169.jpg	1	face
1236 	 0 	 fish/n01443537_1559.JPEG	0	fish
1237 	 0 	 fish/n01443537_1769.JPEG	0	fish
1238 	 0 	 fish/n01443537_20856.JPEG	0	fish
1239 	 1 	 face/pospospos0000107009.jpg	1	face
1240 	 1 	 face/pospospos0000102348.jpg	1	face
1241 	 1 	 face/pospospos0000099019.jpg	1	face
1242 	 1 	 face/pospospos0000117058.jpg	1	face
1243 	 1 	 face/pospospos0000107085.jpg	1	face
1244 	 1 	 face/pospospos0000102334.jpg	1	face
1245 	 1 	 face/pospospos0000117135.jpg	1	face
1246 	 1 	 face/pospospos0000102159.jpg	1	face
1247 	 1 	 face/pospospos0000114149.jpg	1	face
1248 	 1 	 face/pospospos0000102007.jpg	1	face
1249 	 0 	 fish/n01443537_17967.JPEG	0	fish
1250 	 1 	 face/pospospos0000114177.jpg	1	face
1251 	 0 	 fish/n01443537_10957.JPEG	0	fish
1252 	 1 	 face/pospospos0000102069.jpg	1	face
1253 	 1 	 face/pospospos0000099199.jpg	1	face
1254 	 1 	 face/pospospos0000117157.jpg	1	face
1255 	 1 	 face/pospospos0000102034.jpg	1	face
1256 	 0 	 fish/n01443537_3476.JPEG	0	fish
1257 	 1 	 face/pospospos0000099211.jpg	1	face
1258 	 1 	 face/pospospos0000102164.jpg	1	face
1259 	 1 	 face/pospospos0000114027.jpg	1	face
1260 	 1 	 face/pospospos0000117151.jpg	1	face
1261 	 1 	 face/pospospos0000102043.jpg	1	face
1262 	 1 	 face/pospospos0000114217.jpg	1	face
1263 	 1 	 face/pospospos0000114096.jpg	1	face
1264 	 1 	 face/pospospos0000099194.jpg	1	face
1265 	 0 	 fish/n01443537_847.JPEG	0	fish
1266 	 1 	 face/pospospos0000102333.jpg	1	face
1267 	 1 	 face/pospospos0000117031.jpg	1	face
1268 	 0 	 fish/n01443537_5280.JPEG	0	fish
1269 	 0 	 fish/n01443537_9743.JPEG	0	fish
1270 	 1 	 face/pospospos0000099047.jpg	1	face
1271 	 0 	 fish/n01443537_5173.JPEG	0	fish
1272 	 1 	 face/pospospos0000099036.jpg	1	face
1273 	 1 	 face/pospospos0000103070.jpg	1	face
1274 	 0 	 fish/n01443537_24215.JPEG	0	fish
1275 	 0 	 fish/n01443537_836.JPEG	0	fish
1276 	 0 	 fish/n01443537_3161.JPEG	0	fish
1277 	 0 	 fish/n01443537_20482.JPEG	0	fish
1278 	 1 	 face/pospospos0000099075.jpg	1	face
1279 	 1 	 face/pospospos0000099210.jpg	1	face
1280 	 1 	 face/pospospos0000102197.jpg	1	face
1281 	 0 	 fish/n01443537_14488.JPEG	0	fish
1282 	 0 	 fish/n01443537_2456.JPEG	0	fish
1283 	 0 	 fish/n01443537_10625.JPEG	0	fish
1284 	 1 	 face/pospospos0000107041.jpg	1	face
1285 	 0 	 fish/n01443537_957.JPEG	0	fish
1286 	 1 	 face/pospospos0000100043.jpg	1	face
1287 	 0 	 fish/n01443537_1453.JPEG	0	fish
1288 	 1 	 face/pospospos0000099201.jpg	1	face
1289 	 1 	 face/pospospos0000102105.jpg	1	face
1290 	 0 	 fish/n01443537_5343.JPEG	0	fish
1291 	 1 	 face/pospospos0000114122.jpg	1	face
1292 	 1 	 face/pospospos0000114055.jpg	1	face
1293 	 1 	 face/pospospos0000102016.jpg	1	face
1294 	 1 	 face/pospospos0000102051.jpg	1	face
1295 	 0 	 fish/n01443537_2263.JPEG	0	fish
1296 	 0 	 fish/n01443537_17642.JPEG	0	fish
1297 	 0 	 fish/n01443537_15344.JPEG	0	fish
1298 	 1 	 face/pospospos0000099252.jpg	1	face
1299 	 1 	 face/pospospos0000102246.jpg	1	face
1300 	 1 	 face/pospospos0000102009.jpg	1	face
1301 	 1 	 face/pospospos0000099154.jpg	1	face
1302 	 1 	 face/pospospos0000117045.jpg	1	face
1303 	 0 	 fish/n01443537_20908.JPEG	0	fish
1304 	 1 	 face/pospospos0000117117.jpg	1	face
1305 	 0 	 fish/n01443537_16963.JPEG	0	fish
1306 	 1 	 face/pospospos0000107073.jpg	1	face
1307 	 0 	 fish/n01443537_17085.JPEG	0	fish
1308 	 0 	 fish/n01443537_10176.JPEG	0	fish
1309 	 0 	 fish/n01443537_21338.JPEG	0	fish
1310 	 1 	 face/pospospos0000119044.jpg	1	face
1311 	 0 	 fish/n01443537_9621.JPEG	0	fish
1312 	 0 	 fish/n01443537_19772.JPEG	0	fish
1313 	 1 	 face/pospospos0000114013.jpg	1	face
1314 	 1 	 face/pospospos0000099236.jpg	1	face
1315 	 1 	 face/pospospos0000117139.jpg	1	face
1316 	 1 	 face/pospospos0000107007.jpg	1	face
1317 	 0 	 fish/n01443537_750.JPEG	0	fish
1318 	 1 	 face/pospospos0000107071.jpg	1	face
1319 	 0 	 fish/n01443537_17575.JPEG	0	fish
1320 	 0 	 fish/n01443537_14281.JPEG	0	fish
1321 	 1 	 face/pospospos0000099225.jpg	1	face
1322 	 1 	 face/pospospos0000107091.jpg	1	face
1323 	 0 	 fish/n01443537_1659.JPEG	0	fish
1324 	 0 	 fish/n01443537_12507.JPEG	1	face
1325 	 0 	 fish/n01443537_2766.JPEG	0	fish
1326 	 0 	 fish/n01443537_1903.JPEG	0	fish
1327 	 1 	 face/pospospos0000102023.jpg	1	face
1328 	 1 	 face/pospospos0000099239.jpg	1	face
1329 	 1 	 face/pospospos0000099133.jpg	1	face
1330 	 0 	 fish/n01443537_21971.JPEG	0	fish
1331 	 0 	 fish/n01443537_17586.JPEG	0	fish
1332 	 1 	 face/pospospos0000117011.jpg	1	face
1333 	 1 	 face/pospospos0000099251.jpg	1	face
1334 	 0 	 fish/n01443537_5697.JPEG	0	fish
1335 	 0 	 fish/n01443537_2964.JPEG	0	fish
1336 	 0 	 fish/n01443537_19026.JPEG	0	fish
1337 	 1 	 face/pospospos0000117152.jpg	1	face
1338 	 1 	 face/pospospos0000100032.jpg	1	face
1339 	 1 	 face/pospospos0000107084.jpg	1	face
1340 	 0 	 fish/n01443537_3792.JPEG	0	fish
1341 	 0 	 fish/n01443537_811.JPEG	0	fish
1342 	 0 	 fish/n01443537_18756.JPEG	0	fish
1343 	 0 	 fish/n01443537_17105.JPEG	0	fish
1344 	 1 	 face/pospospos0000102323.jpg	1	face
1345 	 0 	 fish/n01443537_1508.JPEG	0	fish
1346 	 0 	 fish/n01443537_23113.JPEG	0	fish
1347 	 1 	 face/pospospos0000119011.jpg	1	face
1348 	 0 	 fish/n01443537_12501.JPEG	0	fish
1349 	 1 	 face/pospospos0000117002.jpg	1	face
1350 	 0 	 fish/n01443537_14276.JPEG	0	fish
1351 	 1 	 face/pospospos0000099046.jpg	1	face
1352 	 0 	 fish/n01443537_3166.JPEG	0	fish
1353 	 1 	 face/pospospos0000114106.jpg	1	face
1354 	 0 	 fish/n01443537_10210.JPEG	0	fish
1355 	 1 	 face/pospospos0000108022.jpg	1	face
1356 	 0 	 fish/n01443537_17216.JPEG	0	fish
1357 	 1 	 face/pospospos0000099157.jpg	1	face
1358 	 0 	 fish/n01443537_21162.JPEG	0	fish
1359 	 1 	 face/pospospos0000107106.jpg	1	face
1360 	 0 	 fish/n01443537_10958.JPEG	0	fish
1361 	 0 	 fish/n01443537_14116.JPEG	0	fish
1362 	 0 	 fish/n01443537_568.JPEG	0	fish
1363 	 0 	 fish/n01443537_16691.JPEG	0	fish
1364 	 0 	 fish/n01443537_4612.JPEG	0	fish
1365 	 0 	 fish/n01443537_3601.JPEG	0	fish
1366 	 1 	 face/pospospos0000119026.jpg	1	face
1367 	 1 	 face/pospospos0000102108.jpg	1	face
1368 	 1 	 face/pospospos0000099062.jpg	1	face
1369 	 1 	 face/pospospos0000114046.jpg	1	face
1370 	 0 	 fish/n01443537_11360.JPEG	0	fish
1371 	 0 	 fish/n01443537_13255.JPEG	0	fish
1372 	 0 	 fish/n01443537_17047.JPEG	0	fish
1373 	 1 	 face/pospospos0000102273.jpg	1	face
1374 	 0 	 fish/n01443537_3616.JPEG	0	fish
1375 	 1 	 face/pospospos0000114031.jpg	1	face
1376 	 1 	 face/pospospos0000103051.jpg	1	face
1377 	 0 	 fish/n01443537_3261.JPEG	0	fish
1378 	 0 	 fish/n01443537_17537.JPEG	0	fish
1379 	 1 	 face/pospospos0000099166.jpg	1	face
1380 	 1 	 face/pospospos0000103004.jpg	1	face
1381 	 1 	 face/pospospos0000102053.jpg	1	face
1382 	 0 	 fish/n01443537_71.JPEG	0	fish
1383 	 1 	 face/pospospos0000099124.jpg	1	face
1384 	 0 	 fish/n01443537_15781.JPEG	0	fish
1385 	 0 	 fish/n01443537_11816.JPEG	0	fish
1386 	 1 	 face/pospospos0000114183.jpg	1	face
1387 	 1 	 face/pospospos0000102204.jpg	1	face
1388 	 1 	 face/pospospos0000102227.jpg	1	face
1389 	 0 	 fish/n01443537_16595.JPEG	0	fish
1390 	 0 	 fish/n01443537_5520.JPEG	0	fish
1391 	 1 	 face/pospospos0000102085.jpg	1	face
1392 	 0 	 fish/n01443537_11451.JPEG	0	fish
1393 	 1 	 face/pospospos0000102190.jpg	1	face
1394 	 1 	 face/pospospos0000114233.jpg	1	face
1395 	 1 	 face/pospospos0000117155.jpg	1	face
1396 	 1 	 face/pospospos0000107119.jpg	1	face
1397 	 1 	 face/pospospos0000102370.jpg	1	face
1398 	 1 	 face/pospospos0000107043.jpg	1	face
1399 	 1 	 face/pospospos0000102278.jpg	1	face
1400 	 0 	 fish/n01443537_2906.JPEG	0	fish
1401 	 1 	 face/pospospos0000099244.jpg	1	face
1402 	 0 	 fish/n01443537_3974.JPEG	0	fish
1403 	 1 	 face/pospospos0000117148.jpg	1	face
1404 	 1 	 face/pospospos0000117021.jpg	1	face
1405 	 0 	 fish/n01443537_1832.JPEG	0	fish
1406 	 1 	 face/pospospos0000099068.jpg	1	face
1407 	 0 	 fish/n01443537_883.JPEG	0	fish
1408 	 1 	 face/pospospos0000099123.jpg	1	face
1409 	 0 	 fish/n01443537_10795.JPEG	0	fish
1410 	 1 	 face/pospospos0000117111.jpg	1	face
1411 	 0 	 fish/n01443537_2.JPEG	0	fish
1412 	 1 	 face/pospospos0000099043.jpg	1	face
1413 	 0 	 fish/n01443537_21396.JPEG	0	fish
1414 	 0 	 fish/n01443537_21483.JPEG	0	fish
1415 	 0 	 fish/n01443537_530.JPEG	0	fish
1416 	 1 	 face/pospospos0000102268.jpg	1	face
1417 	 0 	 fish/n01443537_9529.JPEG	0	fish
1418 	 1 	 face/pospospos0000099202.jpg	1	face
1419 	 1 	 face/pospospos0000107059.jpg	1	face
1420 	 1 	 face/pospospos0000102064.jpg	1	face
1421 	 0 	 fish/n01443537_17661.JPEG	0	fish
1422 	 0 	 fish/n01443537_14020.JPEG	0	fish
1423 	 1 	 face/pospospos0000107005.jpg	1	face
1424 	 1 	 face/pospospos0000114121.jpg	1	face
1425 	 0 	 fish/n01443537_2228.JPEG	0	fish
1426 	 0 	 fish/n01443537_13458.JPEG	0	fish
1427 	 1 	 face/pospospos0000114172.jpg	1	face
1428 	 1 	 face/pospospos0000102010.jpg	1	face
1429 	 0 	 fish/n01443537_15790.JPEG	0	fish
1430 	 1 	 face/pospospos0000108014.jpg	1	face
1431 	 1 	 face/pospospos0000099071.jpg	1	face
1432 	 1 	 face/pospospos0000114171.jpg	1	face
1433 	 1 	 face/pospospos0000100004.jpg	1	face
1434 	 1 	 face/pospospos0000102344.jpg	1	face
1435 	 1 	 face/pospospos0000117085.jpg	1	face
1436 	 1 	 face/pospospos0000117121.jpg	1	face
1437 	 1 	 face/pospospos0000108024.jpg	1	face
1438 	 0 	 fish/n01443537_13885.JPEG	0	fish
1439 	 1 	 face/pospospos0000108008.jpg	1	face
1440 	 1 	 face/pospospos0000119008.jpg	1	face
1441 	 1 	 face/pospospos0000117012.jpg	1	face
1442 	 1 	 face/pospospos0000102291.jpg	1	face
1443 	 0 	 fish/n01443537_19440.JPEG	0	fish
1444 	 1 	 face/pospospos0000102322.jpg	1	face
1445 	 0 	 fish/n01443537_21855.JPEG	0	fish
1446 	 0 	 fish/n01443537_10446.JPEG	0	fish
1447 	 1 	 face/pospospos0000119043.jpg	1	face
1448 	 0 	 fish/n01443537_10763.JPEG	0	fish
1449 	 0 	 fish/n01443537_19557.JPEG	0	fish
1450 	 0 	 fish/n01443537_13200.JPEG	0	fish
1451 	 0 	 fish/n01443537_3999.JPEG	0	fish
1452 	 0 	 fish/n01443537_21524.JPEG	0	fish
1453 	 0 	 fish/n01443537_4376.JPEG	0	fish
1454 	 0 	 fish/n01443537_20131.JPEG	0	fish
1455 	 1 	 face/pospospos0000119052.jpg	1	face
1456 	 0 	 fish/n01443537_18837.JPEG	0	fish
1457 	 1 	 face/pospospos0000117033.jpg	1	face
1458 	 1 	 face/pospospos0000099140.jpg	1	face
1459 	 0 	 fish/n01443537_17268.JPEG	0	fish
1460 	 1 	 face/pospospos0000102047.jpg	1	face
1461 	 0 	 fish/n01443537_1594.JPEG	0	fish
1462 	 0 	 fish/n01443537_12408.JPEG	0	fish
1463 	 1 	 face/pospospos0000100051.jpg	1	face
1464 	 1 	 face/pospospos0000117076.jpg	1	face
1465 	 1 	 face/pospospos0000114184.jpg	1	face
1466 	 1 	 face/pospospos0000102186.jpg	1	face
1467 	 0 	 fish/n01443537_247.JPEG	0	fish
1468 	 0 	 fish/n01443537_3363.JPEG	0	fish
1469 	 1 	 face/pospospos0000099114.jpg	1	face
1470 	 1 	 face/pospospos0000102310.jpg	1	face
1471 	 0 	 fish/n01443537_1853.JPEG	0	fish
1472 	 0 	 fish/n01443537_20842.JPEG	0	fish
1473 	 1 	 face/pospospos0000114018.jpg	1	face
1474 	 1 	 face/pospospos0000102288.jpg	1	face
1475 	 0 	 fish/n01443537_496.JPEG	0	fish
1476 	 1 	 face/pospospos0000099092.jpg	1	face
1477 	 0 	 fish/n01443537_23335.JPEG	0	fish
1478 	 0 	 fish/n01443537_9661.JPEG	0	fish
1479 	 1 	 face/pospospos0000103008.jpg	1	face
1480 	 1 	 face/pospospos0000114222.jpg	1	face
1481 	 0 	 fish/n01443537_13704.JPEG	0	fish
1482 	 0 	 fish/n01443537_3926.JPEG	0	fish
1483 	 0 	 fish/n01443537_19048.JPEG	0	fish
1484 	 1 	 face/pospospos0000102017.jpg	1	face
1485 	 1 	 face/pospospos0000107025.jpg	1	face
1486 	 1 	 face/pospospos0000117122.jpg	1	face
1487 	 1 	 face/pospospos0000099061.jpg	1	face
1488 	 0 	 fish/n01443537_9841.JPEG	0	fish
1489 	 0 	 fish/n01443537_12749.JPEG	0	fish
1490 	 1 	 face/pospospos0000045015.jpg	1	face
1491 	 1 	 face/pospospos0000099155.jpg	1	face
1492 	 1 	 face/pospospos0000102094.jpg	1	face
1493 	 0 	 fish/n01443537_2782.JPEG	0	fish
1494 	 1 	 face/pospospos0000117149.jpg	1	face
1495 	 1 	 face/pospospos0000107056.jpg	1	face
1496 	 0 	 fish/n01443537_4771.JPEG	0	fish
1497 	 1 	 face/pospospos0000102092.jpg	1	face
1498 	 1 	 face/pospospos0000107115.jpg	1	face
1499 	 1 	 face/pospospos0000114053.jpg	1	face
1500 	 0 	 fish/n01443537_4520.JPEG	0	fish
1501 	 1 	 face/pospospos0000105019.jpg	1	face
1502 	 1 	 face/pospospos0000117055.jpg	1	face
1503 	 1 	 face/pospospos0000117068.jpg	1	face
1504 	 1 	 face/pospospos0000099246.jpg	1	face
1505 	 0 	 fish/n01443537_19267.JPEG	0	fish
1506 	 1 	 face/pospospos0000119017.jpg	1	face
1507 	 0 	 fish/n01443537_16282.JPEG	0	fish
1508 	 1 	 face/pospospos0000107001.jpg	1	face
1509 	 0 	 fish/n01443537_10268.JPEG	0	fish
1510 	 1 	 face/pospospos0000099189.jpg	1	face
1511 	 1 	 face/pospospos0000102304.jpg	1	face
1512 	 0 	 fish/n01443537_24539.JPEG	0	fish
1513 	 0 	 fish/n01443537_9265.JPEG	0	fish
1514 	 0 	 fish/n01443537_13785.JPEG	0	fish
1515 	 1 	 face/pospospos0000045003.jpg	1	face
1516 	 1 	 face/pospospos0000102080.jpg	1	face
1517 	 0 	 fish/n01443537_13710.JPEG	0	fish
1518 	 0 	 fish/n01443537_3916.JPEG	0	fish
1519 	 0 	 fish/n01443537_5219.JPEG	0	fish
1520 	 0 	 fish/n01443537_1580.JPEG	0	fish
1521 	 1 	 face/pospospos0000117096.jpg	1	face
1522 	 0 	 fish/n01443537_23095.JPEG	0	fish
1523 	 0 	 fish/n01443537_317.JPEG	0	fish
1524 	 0 	 fish/n01443537_10782.JPEG	0	fish
1525 	 1 	 face/pospospos0000103002.jpg	1	face
1526 	 1 	 face/pospospos0000099190.jpg	1	face
1527 	 1 	 face/pospospos0000100052.jpg	1	face
1528 	 0 	 fish/n01443537_11490.JPEG	0	fish
1529 	 0 	 fish/n01443537_14819.JPEG	0	fish
1530 	 0 	 fish/n01443537_9651.JPEG	0	fish
1531 	 1 	 face/pospospos0000045001.jpg	1	face
1532 	 0 	 fish/n01443537_12838.JPEG	0	fish
1533 	 0 	 fish/n01443537_18961.JPEG	0	fish
1534 	 1 	 face/pospospos0000102300.jpg	1	face
1535 	 0 	 fish/n01443537_9531.JPEG	0	fish
1536 	 0 	 fish/n01443537_20970.JPEG	0	fish
1537 	 0 	 fish/n01443537_14366.JPEG	0	fish
1538 	 0 	 fish/n01443537_21415.JPEG	0	fish
1539 	 1 	 face/pospospos0000108009.jpg	1	face
1540 	 1 	 face/pospospos0000099141.jpg	1	face
1541 	 1 	 face/pospospos0000102173.jpg	1	face
1542 	 0 	 fish/n01443537_4273.JPEG	0	fish
1543 	 0 	 fish/n01443537_1415.JPEG	0	fish
1544 	 1 	 face/pospospos0000102373.jpg	1	face
1545 	 1 	 face/pospospos0000099188.jpg	1	face
1546 	 1 	 face/pospospos0000102329.jpg	1	face
1547 	 0 	 fish/n01443537_8693.JPEG	0	fish
1548 	 1 	 face/pospospos0000114108.jpg	1	face
1549 	 0 	 fish/n01443537_18335.JPEG	0	fish
1550 	 0 	 fish/n01443537_4328.JPEG	0	fish
1551 	 0 	 fish/n01443537_8330.JPEG	0	fish
1552 	 0 	 fish/n01443537_10994.JPEG	0	fish
1553 	 1 	 face/pospospos0000103029.jpg	1	face
1554 	 0 	 fish/n01443537_17254.JPEG	0	fish
1555 	 0 	 fish/n01443537_23349.JPEG	0	fish
1556 	 0 	 fish/n01443537_1504.JPEG	0	fish
1557 	 0 	 fish/n01443537_11138.JPEG	0	fish
1558 	 0 	 fish/n01443537_7260.JPEG	0	fish
1559 	 0 	 fish/n01443537_21289.JPEG	0	fish
1560 	 1 	 face/pospospos0000099041.jpg	1	face
1561 	 0 	 fish/n01443537_717.JPEG	0	fish
1562 	 0 	 fish/n01443537_21724.JPEG	0	fish
1563 	 0 	 fish/n01443537_11337.JPEG	0	fish
1564 	 0 	 fish/n01443537_18054.JPEG	0	fish
1565 	 0 	 fish/n01443537_11165.JPEG	0	fish
1566 	 0 	 fish/n01443537_4556.JPEG	0	fish
1567 	 1 	 face/pospospos0000103055.jpg	1	face
1568 	 1 	 face/pospospos0000114118.jpg	1	face
1569 	 0 	 fish/n01443537_1746.JPEG	0	fish
1570 	 0 	 fish/n01443537_12974.JPEG	0	fish
1571 	 1 	 face/pospospos0000114152.jpg	1	face
1572 	 0 	 fish/n01443537_12984.JPEG	0	fish
1573 	 0 	 fish/n01443537_5035.JPEG	0	fish
1574 	 1 	 face/pospospos0000103025.jpg	1	face
1575 	 1 	 face/pospospos0000099207.jpg	1	face
1576 	 0 	 fish/n01443537_23362.JPEG	0	fish
1577 	 0 	 fish/n01443537_13806.JPEG	0	fish
1578 	 1 	 face/pospospos0000100041.jpg	1	face
1579 	 1 	 face/pospospos0000102011.jpg	1	face
1580 	 0 	 fish/n01443537_22279.JPEG	0	fish
1581 	 0 	 fish/n01443537_354.JPEG	0	fish
1582 	 0 	 fish/n01443537_2249.JPEG	0	fish
1583 	 0 	 fish/n01443537_1238.JPEG	0	fish
1584 	 0 	 fish/n01443537_1220.JPEG	0	fish
1585 	 1 	 face/pospospos0000114012.jpg	1	face
1586 	 0 	 fish/n01443537_5033.JPEG	0	fish
1587 	 0 	 fish/n01443537_3114.JPEG	0	fish
1588 	 0 	 fish/n01443537_22695.JPEG	0	fish
1589 	 1 	 face/pospospos0000117054.jpg	1	face
1590 	 1 	 face/pospospos0000114126.jpg	1	face
1591 	 0 	 fish/n01443537_9106.JPEG	0	fish
1592 	 1 	 face/pospospos0000099024.jpg	1	face
1593 	 1 	 face/pospospos0000103065.jpg	1	face
1594 	 1 	 face/pospospos0000108005.jpg	1	face
1595 	 1 	 face/pospospos0000103026.jpg	1	face
1596 	 0 	 fish/n01443537_4127.JPEG	0	fish
1597 	 1 	 face/pospospos0000114196.jpg	1	face
1598 	 0 	 fish/n01443537_1301.JPEG	0	fish
1599 	 0 	 fish/n01443537_20670.JPEG	0	fish
1600 	 0 	 fish/n01443537_17750.JPEG	0	fish
1601 	 0 	 fish/n01443537_1374.JPEG	0	fish
1602 	 1 	 face/pospospos0000099021.jpg	1	face
1603 	 1 	 face/pospospos0000107138.jpg	1	face
1604 	 0 	 fish/n01443537_4106.JPEG	0	fish
1605 	 1 	 face/pospospos0000100026.jpg	1	face
1606 	 1 	 face/pospospos0000117069.jpg	1	face
1607 	 0 	 fish/n01443537_5396.JPEG	0	fish
1608 	 0 	 fish/n01443537_17933.JPEG	0	fish
1609 	 0 	 fish/n01443537_17538.JPEG	0	fish
1610 	 1 	 face/pospospos0000102101.jpg	1	face
1611 	 0 	 fish/n01443537_3575.JPEG	0	fish
1612 	 0 	 fish/n01443537_6843.JPEG	0	fish
1613 	 0 	 fish/n01443537_23789.JPEG	0	fish
1614 	 0 	 fish/n01443537_288.JPEG	0	fish
1615 	 1 	 face/pospospos0000102298.jpg	1	face
1616 	 0 	 fish/n01443537_21608.JPEG	0	fish
1617 	 1 	 face/pospospos0000119027.jpg	1	face
1618 	 1 	 face/pospospos0000102294.jpg	1	face
1619 	 0 	 fish/n01443537_11793.JPEG	0	fish
1620 	 1 	 face/pospospos0000114174.jpg	1	face
1621 	 0 	 fish/n01443537_7852.JPEG	0	fish
1622 	 1 	 face/pospospos0000102088.jpg	1	face
1623 	 1 	 face/pospospos0000100063.jpg	1	face
1624 	 0 	 fish/n01443537_8127.JPEG	0	fish
1625 	 1 	 face/pospospos0000099156.jpg	1	face
1626 	 0 	 fish/n01443537_14706.JPEG	0	fish
1627 	 1 	 face/pospospos0000102050.jpg	1	face
1628 	 1 	 face/pospospos0000107130.jpg	1	face
1629 	 1 	 face/pospospos0000102067.jpg	1	face
1630 	 0 	 fish/n01443537_16518.JPEG	0	fish
1631 	 1 	 face/pospospos0000107048.jpg	1	face
1632 	 0 	 fish/n01443537_1440.JPEG	0	fish
1633 	 1 	 face/pospospos0000102030.jpg	1	face
1634 	 0 	 fish/n01443537_18253.JPEG	0	fish
1635 	 1 	 face/pospospos0000114221.jpg	1	face
1636 	 0 	 fish/n01443537_2514.JPEG	0	fish
1637 	 0 	 fish/n01443537_11582.JPEG	0	fish
1638 	 0 	 fish/n01443537_18591.JPEG	0	fish
1639 	 1 	 face/pospospos0000114143.jpg	1	face
1640 	 0 	 fish/n01443537_21873.JPEG	0	fish
1641 	 1 	 face/pospospos0000102230.jpg	1	face
1642 	 0 	 fish/n01443537_19678.JPEG	0	fish
1643 	 1 	 face/pospospos0000107109.jpg	1	face
1644 	 1 	 face/pospospos0000099229.jpg	1	face
1645 	 1 	 face/pospospos0000103075.jpg	1	face
1646 	 1 	 face/pospospos0000117086.jpg	1	face
1647 	 0 	 fish/n01443537_20349.JPEG	0	fish
1648 	 0 	 fish/n01443537_22191.JPEG	0	fish
1649 	 1 	 face/pospospos0000119029.jpg	1	face
1650 	 1 	 face/pospospos0000117022.jpg	1	face
1651 	 0 	 fish/n01443537_10127.JPEG	0	fish
1652 	 1 	 face/pospospos0000114065.jpg	1	face
1653 	 0 	 fish/n01443537_12077.JPEG	0	fish
1654 	 0 	 fish/n01443537_2819.JPEG	0	fish
1655 	 1 	 face/pospospos0000102378.jpg	1	face
1656 	 1 	 face/pospospos0000102305.jpg	1	face
1657 	 0 	 fish/n01443537_24572.JPEG	0	fish
1658 	 0 	 fish/n01443537_888.JPEG	0	fish
1659 	 0 	 fish/n01443537_3950.JPEG	0	fish
1660 	 0 	 fish/n01443537_18974.JPEG	0	fish
1661 	 1 	 face/pospospos0000107003.jpg	1	face
1662 	 0 	 fish/n01443537_2419.JPEG	0	fish
1663 	 0 	 fish/n01443537_6246.JPEG	0	fish
1664 	 0 	 fish/n01443537_19475.JPEG	0	fish
1665 	 0 	 fish/n01443537_9812.JPEG	0	fish
1666 	 0 	 fish/n01443537_24543.JPEG	0	fish
1667 	 1 	 face/pospospos0000100030.jpg	1	face
1668 	 0 	 fish/n01443537_24023.JPEG	0	fish
1669 	 0 	 fish/n01443537_13609.JPEG	0	fish
1670 	 1 	 face/pospospos0000099009.jpg	1	face
1671 	 0 	 fish/n01443537_23649.JPEG	0	fish
1672 	 1 	 face/pospospos0000099011.jpg	1	face
1673 	 0 	 fish/n01443537_3395.JPEG	0	fish
1674 	 0 	 fish/n01443537_223.JPEG	0	fish
1675 	 0 	 fish/n01443537_12593.JPEG	0	fish
1676 	 0 	 fish/n01443537_2973.JPEG	0	fish
1677 	 1 	 face/pospospos0000114214.jpg	1	face
1678 	 1 	 face/pospospos0000117131.jpg	1	face
1679 	 1 	 face/pospospos0000103047.jpg	1	face
1680 	 0 	 fish/n01443537_6185.JPEG	0	fish
1681 	 0 	 fish/n01443537_4327.JPEG	0	fish
1682 	 0 	 fish/n01443537_18108.JPEG	0	fish
1683 	 0 	 fish/n01443537_2948.JPEG	0	fish
1684 	 1 	 face/pospospos0000103028.jpg	1	face
1685 	 0 	 fish/n01443537_21526.JPEG	0	fish
1686 	 1 	 face/pospospos0000099113.jpg	1	face
1687 	 1 	 face/pospospos0000103011.jpg	1	face
1688 	 0 	 fish/n01443537_9961.JPEG	0	fish
1689 	 0 	 fish/n01443537_6824.JPEG	0	fish
1690 	 0 	 fish/n01443537_17622.JPEG	0	fish
1691 	 0 	 fish/n01443537_11715.JPEG	0	fish
1692 	 0 	 fish/n01443537_1359.JPEG	0	fish
1693 	 0 	 fish/n01443537_12715.JPEG	0	fish
1694 	 0 	 fish/n01443537_766.JPEG	0	fish
1695 	 0 	 fish/n01443537_8401.JPEG	0	fish
1696 	 1 	 face/pospospos0000114243.jpg	1	face
1697 	 1 	 face/pospospos0000103059.jpg	1	face
1698 	 0 	 fish/n01443537_6380.JPEG	0	fish
1699 	 1 	 face/pospospos0000099049.jpg	1	face
1700 	 0 	 fish/n01443537_6697.JPEG	0	fish
1701 	 1 	 face/pospospos0000099122.jpg	1	face
1702 	 1 	 face/pospospos0000114058.jpg	1	face
1703 	 1 	 face/pospospos0000099253.jpg	1	face
1704 	 0 	 fish/n01443537_10100.JPEG	0	fish
1705 	 1 	 face/pospospos0000102109.jpg	1	face
1706 	 1 	 face/pospospos0000045013.jpg	1	face
1707 	 0 	 fish/n01443537_14344.JPEG	0	fish
1708 	 1 	 face/pospospos0000107103.jpg	1	face
1709 	 0 	 fish/n01443537_19683.JPEG	0	fish
1710 	 1 	 face/pospospos0000107087.jpg	1	face
1711 	 0 	 fish/n01443537_7376.JPEG	0	fish
1712 	 0 	 fish/n01443537_19391.JPEG	0	fish
1713 	 0 	 fish/n01443537_20299.JPEG	0	fish
1714 	 0 	 fish/n01443537_11349.JPEG	0	fish
1715 	 1 	 face/pospospos0000107133.jpg	1	face
1716 	 0 	 fish/n01443537_1370.JPEG	0	fish
1717 	 1 	 face/pospospos0000108026.jpg	1	face
1718 	 1 	 face/pospospos0000107068.jpg	1	face
1719 	 0 	 fish/n01443537_10709.JPEG	0	fish
1720 	 0 	 fish/n01443537_23107.JPEG	0	fish
1721 	 1 	 face/pospospos0000102345.jpg	1	face
1722 	 1 	 face/pospospos0000099109.jpg	1	face
1723 	 0 	 fish/n01443537_10521.JPEG	0	fish
1724 	 1 	 face/pospospos0000114216.jpg	1	face
1725 	 1 	 face/pospospos0000114212.jpg	1	face
1726 	 0 	 fish/n01443537_5783.JPEG	0	fish
1727 	 1 	 face/pospospos0000114041.jpg	1	face
1728 	 1 	 face/pospospos0000102165.jpg	1	face
1729 	 0 	 fish/n01443537_6800.JPEG	0	fish
1730 	 0 	 fish/n01443537_4431.JPEG	0	fish
1731 	 1 	 face/pospospos0000114180.jpg	1	face
1732 	 1 	 face/pospospos0000107078.jpg	1	face
1733 	 0 	 fish/n01443537_1442.JPEG	0	fish
1734 	 1 	 face/pospospos0000099200.jpg	1	face
1735 	 1 	 face/pospospos0000107053.jpg	1	face
1736 	 0 	 fish/n01443537_339.JPEG	0	fish
1737 	 1 	 face/pospospos0000103074.jpg	1	face
1738 	 0 	 fish/n01443537_15164.JPEG	0	fish
1739 	 1 	 face/pospospos0000114168.jpg	1	face
1740 	 0 	 fish/n01443537_3548.JPEG	0	fish
1741 	 0 	 fish/n01443537_15992.JPEG	0	fish
1742 	 1 	 face/pospospos0000117066.jpg	1	face
1743 	 1 	 face/pospospos0000107117.jpg	1	face
1744 	 0 	 fish/n01443537_19366.JPEG	0	fish
1745 	 0 	 fish/n01443537_23802.JPEG	0	fish
1746 	 1 	 face/pospospos0000099034.jpg	1	face
1747 	 0 	 fish/n01443537_24437.JPEG	0	fish
1748 	 0 	 fish/n01443537_4528.JPEG	0	fish
1749 	 0 	 fish/n01443537_23169.JPEG	0	fish
1750 	 1 	 face/pospospos0000114225.jpg	1	face
1751 	 0 	 fish/n01443537_16856.JPEG	0	fish
1752 	 0 	 fish/n01443537_19334.JPEG	0	fish
1753 	 0 	 fish/n01443537_17741.JPEG	0	fish
1754 	 0 	 fish/n01443537_9930.JPEG	0	fish
1755 	 1 	 face/pospospos0000099206.jpg	1	face
1756 	 0 	 fish/n01443537_4079.JPEG	0	fish
1757 	 1 	 face/pospospos0000102339.jpg	1	face
1758 	 1 	 face/pospospos0000102256.jpg	1	face
1759 	 0 	 fish/n01443537_20626.JPEG	0	fish
1760 	 0 	 fish/n01443537_3223.JPEG	0	fish
1761 	 1 	 face/pospospos0000102147.jpg	1	face
1762 	 1 	 face/pospospos0000102385.jpg	1	face
1763 	 1 	 face/pospospos0000102024.jpg	1	face
1764 	 1 	 face/pospospos0000107032.jpg	1	face
1765 	 1 	 face/pospospos0000119006.jpg	1	face
1766 	 0 	 fish/n01443537_17884.JPEG	0	fish
1767 	 0 	 fish/n01443537_19355.JPEG	0	fish
1768 	 0 	 fish/n01443537_1764.JPEG	0	fish
1769 	 0 	 fish/n01443537_12356.JPEG	0	fish
1770 	 1 	 face/pospospos0000107023.jpg	1	face
1771 	 0 	 fish/n01443537_7298.JPEG	0	fish
1772 	 0 	 fish/n01443537_10007.JPEG	0	fish
1773 	 0 	 fish/n01443537_17183.JPEG	0	fish
1774 	 1 	 face/pospospos0000102341.jpg	1	face
1775 	 0 	 fish/n01443537_23667.JPEG	0	fish
1776 	 1 	 face/pospospos0000117025.jpg	1	face
1777 	 0 	 fish/n01443537_17173.JPEG	0	fish
1778 	 0 	 fish/n01443537_4496.JPEG	0	fish
1779 	 1 	 face/pospospos0000102269.jpg	1	face
1780 	 1 	 face/pospospos0000099191.jpg	1	face
1781 	 1 	 face/pospospos0000108012.jpg	1	face
1782 	 0 	 fish/n01443537_14365.JPEG	0	fish
1783 	 0 	 fish/n01443537_10719.JPEG	0	fish
1784 	 1 	 face/pospospos0000099240.jpg	1	face
1785 	 0 	 fish/n01443537_2751.JPEG	0	fish
1786 	 1 	 face/pospospos0000102362.jpg	1	face
1787 	 1 	 face/pospospos0000102166.jpg	1	face
1788 	 1 	 face/pospospos0000114165.jpg	1	face
1789 	 1 	 face/pospospos0000114026.jpg	1	face
1790 	 0 	 fish/n01443537_21903.JPEG	0	fish
1791 	 1 	 face/pospospos0000114139.jpg	1	face
1792 	 1 	 face/pospospos0000114197.jpg	1	face
1793 	 1 	 face/pospospos0000102350.jpg	1	face
1794 	 0 	 fish/n01443537_13175.JPEG	0	fish
1795 	 1 	 face/pospospos0000107079.jpg	1	face
1796 	 0 	 fish/n01443537_8596.JPEG	0	fish
1797 	 0 	 fish/n01443537_17614.JPEG	0	fish
1798 	 0 	 fish/n01443537_24724.JPEG	0	fish
1799 	 0 	 fish/n01443537_1196.JPEG	0	fish
1800 	 1 	 face/pospospos0000108017.jpg	1	face
1801 	 0 	 fish/n01443537_21203.JPEG	0	fish
1802 	 1 	 face/pospospos0000114025.jpg	1	face
1803 	 0 	 fish/n01443537_23292.JPEG	0	fish
1804 	 1 	 face/pospospos0000114072.jpg	1	face
1805 	 1 	 face/pospospos0000102265.jpg	1	face
1806 	 0 	 fish/n01443537_3211.JPEG	0	fish
1807 	 0 	 fish/n01443537_10035.JPEG	0	fish
1808 	 1 	 face/pospospos0000107116.jpg	1	face
1809 	 1 	 face/pospospos0000099097.jpg	1	face
1810 	 0 	 fish/n01443537_18176.JPEG	0	fish
1811 	 0 	 fish/n01443537_10353.JPEG	0	fish
1812 	 1 	 face/pospospos0000099110.jpg	1	face
1813 	 1 	 face/pospospos0000103068.jpg	1	face
1814 	 0 	 fish/n01443537_23085.JPEG	0	fish
1815 	 1 	 face/pospospos0000102381.jpg	1	face
1816 	 1 	 face/pospospos0000114011.jpg	1	face
1817 	 0 	 fish/n01443537_14198.JPEG	0	fish
1818 	 1 	 face/pospospos0000117143.jpg	1	face
1819 	 0 	 fish/n01443537_20874.JPEG	0	fish
1820 	 0 	 fish/n01443537_3625.JPEG	0	fish
1821 	 1 	 face/pospospos0000099007.jpg	1	face
1822 	 0 	 fish/n01443537_16464.JPEG	0	fish
1823 	 0 	 fish/n01443537_7372.JPEG	0	fish
1824 	 1 	 face/pospospos0000102368.jpg	1	face
1825 	 0 	 fish/n01443537_10791.JPEG	0	fish
1826 	 0 	 fish/n01443537_3645.JPEG	0	fish
1827 	 0 	 fish/n01443537_20489.JPEG	0	fish
1828 	 1 	 face/pospospos0000117064.jpg	1	face
1829 	 0 	 fish/n01443537_16806.JPEG	0	fish
1830 	 1 	 face/pospospos0000114127.jpg	1	face
1831 	 0 	 fish/n01443537_10482.JPEG	0	fish
1832 	 0 	 fish/n01443537_17255.JPEG	0	fish
1833 	 1 	 face/pospospos0000114194.jpg	1	face
1834 	 1 	 face/pospospos0000107137.jpg	1	face
1835 	 1 	 face/pospospos0000102248.jpg	1	face
1836 	 0 	 fish/n01443537_20320.JPEG	0	fish
1837 	 0 	 fish/n01443537_23763.JPEG	0	fish
1838 	 1 	 face/pospospos0000107125.jpg	1	face
1839 	 1 	 face/pospospos0000102025.jpg	1	face
1840 	 1 	 face/pospospos0000099171.jpg	1	face
1841 	 0 	 fish/n01443537_9603.JPEG	0	fish
1842 	 1 	 face/pospospos0000114215.jpg	1	face
1843 	 1 	 face/pospospos0000102407.jpg	1	face
1844 	 0 	 fish/n01443537_20526.JPEG	0	fish
1845 	 1 	 face/pospospos0000099216.jpg	1	face
1846 	 1 	 face/pospospos0000114085.jpg	1	face
1847 	 0 	 fish/n01443537_7873.JPEG	0	fish
1848 	 0 	 fish/n01443537_13159.JPEG	0	fish
1849 	 0 	 fish/n01443537_10285.JPEG	0	fish
1850 	 1 	 face/pospospos0000102228.jpg	1	face
1851 	 1 	 face/pospospos0000102403.jpg	1	face
1852 	 0 	 fish/n01443537_9160.JPEG	0	fish
1853 	 1 	 face/pospospos0000099078.jpg	1	face
1854 	 1 	 face/pospospos0000102130.jpg	1	face
1855 	 1 	 face/pospospos0000117004.jpg	1	face
1856 	 0 	 fish/n01443537_515.JPEG	0	fish
1857 	 1 	 face/pospospos0000099096.jpg	1	face
1858 	 0 	 fish/n01443537_12948.JPEG	0	fish
1859 	 0 	 fish/n01443537_16057.JPEG	0	fish
1860 	 1 	 face/pospospos0000102099.jpg	1	face
1861 	 0 	 fish/n01443537_21755.JPEG	0	fish
1862 	 0 	 fish/n01443537_9069.JPEG	0	fish
1863 	 0 	 fish/n01443537_15966.JPEG	0	fish
1864 	 0 	 fish/n01443537_16194.JPEG	0	fish
1865 	 0 	 fish/n01443537_23590.JPEG	0	fish
1866 	 1 	 face/pospospos0000114051.jpg	1	face
1867 	 1 	 face/pospospos0000102262.jpg	1	face
1868 	 1 	 face/pospospos0000114047.jpg	1	face
1869 	 0 	 fish/n01443537_428.JPEG	0	fish
1870 	 1 	 face/pospospos0000102163.jpg	1	face
1871 	 1 	 face/pospospos0000117129.jpg	1	face
1872 	 1 	 face/pospospos0000103060.jpg	1	face
1873 	 0 	 fish/n01443537_13577.JPEG	0	fish
1874 	 0 	 fish/n01443537_3032.JPEG	0	fish
1875 	 0 	 fish/n01443537_16261.JPEG	0	fish
1876 	 0 	 fish/n01443537_163.JPEG	0	fish
1877 	 1 	 face/pospospos0000099082.jpg	1	face
1878 	 0 	 fish/n01443537_16.JPEG	0	fish
1879 	 0 	 fish/n01443537_11078.JPEG	0	fish
1880 	 1 	 face/pospospos0000117079.jpg	1	face
1881 	 0 	 fish/n01443537_14541.JPEG	0	fish
1882 	 1 	 face/pospospos0000099084.jpg	1	face
1883 	 1 	 face/pospospos0000114213.jpg	1	face
1884 	 0 	 fish/n01443537_18137.JPEG	0	fish
1885 	 1 	 face/pospospos0000117048.jpg	1	face
1886 	 0 	 fish/n01443537_14436.JPEG	0	fish
1887 	 0 	 fish/n01443537_567.JPEG	0	fish
1888 	 0 	 fish/n01443537_725.JPEG	0	fish
1889 	 0 	 fish/n01443537_24129.JPEG	0	fish
1890 	 0 	 fish/n01443537_1317.JPEG	0	fish
1891 	 1 	 face/pospospos0000102335.jpg	1	face
1892 	 0 	 fish/n01443537_16923.JPEG	0	fish
1893 	 1 	 face/pospospos0000103006.jpg	1	face
1894 	 0 	 fish/n01443537_4282.JPEG	0	fish
1895 	 1 	 face/pospospos0000114192.jpg	1	face
1896 	 0 	 fish/n01443537_1942.JPEG	0	fish
1897 	 0 	 fish/n01443537_17803.JPEG	0	fish
1898 	 0 	 fish/n01443537_18125.JPEG	0	fish
1899 	 0 	 fish/n01443537_12723.JPEG	0	fish
1900 	 1 	 face/pospospos0000099026.jpg	1	face
1901 	 0 	 fish/n01443537_275.JPEG	0	fish
1902 	 1 	 face/pospospos0000119007.jpg	1	face
1903 	 1 	 face/pospospos0000102152.jpg	1	face
1904 	 1 	 face/pospospos0000117134.jpg	1	face
1905 	 0 	 fish/n01443537_12098.JPEG	0	fish
1906 	 1 	 face/pospospos0000107122.jpg	1	face
1907 	 1 	 face/pospospos0000102140.jpg	1	face
1908 	 0 	 fish/n01443537_22297.JPEG	0	fish
1909 	 1 	 face/pospospos0000107040.jpg	1	face
1910 	 0 	 fish/n01443537_18017.JPEG	0	fish
1911 	 1 	 face/pospospos0000102284.jpg	1	face
1912 	 0 	 fish/n01443537_13463.JPEG	0	fish
1913 	 0 	 fish/n01443537_7751.JPEG	0	fish
1914 	 0 	 fish/n01443537_10779.JPEG	0	fish
1915 	 0 	 fish/n01443537_7898.JPEG	0	fish
1916 	 1 	 face/pospospos0000102313.jpg	1	face
1917 	 1 	 face/pospospos0000102106.jpg	1	face
1918 	 1 	 face/pospospos0000102154.jpg	1	face
1919 	 1 	 face/pospospos0000102297.jpg	1	face
1920 	 0 	 fish/n01443537_3856.JPEG	0	fish
1921 	 0 	 fish/n01443537_9475.JPEG	0	fish
1922 	 1 	 face/pospospos0000119034.jpg	1	face
1923 	 1 	 face/pospospos0000102134.jpg	1	face
1924 	 0 	 fish/n01443537_20685.JPEG	0	fish
1925 	 1 	 face/pospospos0000114043.jpg	1	face
1926 	 1 	 face/pospospos0000107014.jpg	1	face
1927 	 0 	 fish/n01443537_7627.JPEG	0	fish
1928 	 1 	 face/pospospos0000102178.jpg	1	face
1929 	 0 	 fish/n01443537_3770.JPEG	0	fish
1930 	 0 	 fish/n01443537_12972.JPEG	0	fish
1931 	 1 	 face/pospospos0000102295.jpg	1	face
1932 	 0 	 fish/n01443537_24019.JPEG	0	fish
1933 	 0 	 fish/n01443537_20506.JPEG	0	fish
1934 	 1 	 face/pospospos0000102274.jpg	1	face
1935 	 0 	 fish/n01443537_7656.JPEG	0	fish
1936 	 1 	 face/pospospos0000102157.jpg	1	face
1937 	 1 	 face/pospospos0000102133.jpg	1	face
1938 	 1 	 face/pospospos0000107076.jpg	1	face
1939 	 1 	 face/pospospos0000099243.jpg	1	face
1940 	 0 	 fish/n01443537_693.JPEG	0	fish
1941 	 1 	 face/pospospos0000102353.jpg	1	face
1942 	 1 	 face/pospospos0000102153.jpg	1	face
1943 	 1 	 face/pospospos0000114234.jpg	1	face
1944 	 0 	 fish/n01443537_11925.JPEG	0	fish
1945 	 0 	 fish/n01443537_9347.JPEG	0	fish
1946 	 0 	 fish/n01443537_18475.JPEG	0	fish
1947 	 0 	 fish/n01443537_18085.JPEG	0	fish
1948 	 0 	 fish/n01443537_130.JPEG	0	fish
1949 	 1 	 face/pospospos0000107082.jpg	1	face
1950 	 1 	 face/pospospos0000107114.jpg	1	face
1951 	 0 	 fish/n01443537_5996.JPEG	0	fish
1952 	 0 	 fish/n01443537_10677.JPEG	0	fish
1953 	 0 	 fish/n01443537_18745.JPEG	0	fish
1954 	 0 	 fish/n01443537_21087.JPEG	0	fish
1955 	 1 	 face/pospospos0000117109.jpg	1	face
1956 	 0 	 fish/n01443537_1087.JPEG	0	fish
1957 	 1 	 face/pospospos0000102271.jpg	1	face
1958 	 1 	 face/pospospos0000100012.jpg	1	face
1959 	 0 	 fish/n01443537_3921.JPEG	0	fish
1960 	 1 	 face/pospospos0000114101.jpg	1	face
1961 	 0 	 fish/n01443537_20939.JPEG	0	fish
1962 	 1 	 face/pospospos0000114191.jpg	1	face
1963 	 0 	 fish/n01443537_4554.JPEG	0	fish
1964 	 0 	 fish/n01443537_17346.JPEG	0	fish
1965 	 0 	 fish/n01443537_20388.JPEG	0	fish
1966 	 0 	 fish/n01443537_24795.JPEG	0	fish
1967 	 1 	 face/pospospos0000114151.jpg	1	face
1968 	 0 	 fish/n01443537_20078.JPEG	0	fish
1969 	 0 	 fish/n01443537_10788.JPEG	0	fish
1970 	 1 	 face/pospospos0000103020.jpg	1	face
1971 	 1 	 face/pospospos0000102241.jpg	1	face
1972 	 0 	 fish/n01443537_17296.JPEG	0	fish
1973 	 1 	 face/pospospos0000103009.jpg	1	face
1974 	 1 	 face/pospospos0000099197.jpg	1	face
1975 	 1 	 face/pospospos0000117008.jpg	1	face
1976 	 0 	 fish/n01443537_16804.JPEG	0	fish
1977 	 1 	 face/pospospos0000103057.jpg	1	face
1978 	 0 	 fish/n01443537_15955.JPEG	0	fish
1979 	 1 	 face/pospospos0000107131.jpg	1	face
1980 	 1 	 face/pospospos0000102380.jpg	1	face
1981 	 1 	 face/pospospos0000099173.jpg	1	face
1982 	 0 	 fish/n01443537_1308.JPEG	0	fish
1983 	 0 	 fish/n01443537_16652.JPEG	0	fish
1984 	 1 	 face/pospospos0000100068.jpg	1	face
1985 	 0 	 fish/n01443537_16031.JPEG	0	fish
1986 	 1 	 face/pospospos0000102365.jpg	1	face
1987 	 0 	 fish/n01443537_597.JPEG	0	fish
1988 	 0 	 fish/n01443537_6592.JPEG	0	fish
1989 	 0 	 fish/n01443537_4440.JPEG	0	fish
1990 	 1 	 face/pospospos0000107105.jpg	1	face
1991 	 1 	 face/pospospos0000117016.jpg	1	face
1992 	 1 	 face/pospospos0000119048.jpg	1	face
1993 	 1 	 face/pospospos0000103021.jpg	1	face
1994 	 1 	 face/pospospos0000103023.jpg	1	face
1995 	 1 	 face/pospospos0000099105.jpg	1	face
1996 	 1 	 face/pospospos0000102117.jpg	1	face
1997 	 0 	 fish/n01443537_3416.JPEG	0	fish
1998 	 0 	 fish/n01443537_21899.JPEG	0	fish
1999 	 1 	 face/pospospos0000117030.jpg	1	face
2000 	 0 	 fish/n01443537_1330.JPEG	0	fish
2001 	 0 	 fish/n01443537_3533.JPEG	0	fish
2002 	 0 	 fish/n01443537_2741.JPEG	0	fish
2003 	 1 	 face/pospospos0000107046.jpg	1	face
2004 	 0 	 fish/n01443537_1860.JPEG	0	fish
2005 	 0 	 fish/n01443537_1834.JPEG	0	fish
2006 	 0 	 fish/n01443537_2839.JPEG	0	fish
2007 	 0 	 fish/n01443537_23265.JPEG	0	fish
2008 	 0 	 fish/n01443537_1478.JPEG	0	fish
2009 	 1 	 face/pospospos0000114067.jpg	1	face
2010 	 1 	 face/pospospos0000099091.jpg	1	face
2011 	 0 	 fish/n01443537_1549.JPEG	0	fish
2012 	 1 	 face/pospospos0000119038.jpg	1	face
2013 	 0 	 fish/n01443537_6679.JPEG	0	fish
2014 	 1 	 face/pospospos0000107092.jpg	1	face
2015 	 1 	 face/pospospos0000102210.jpg	1	face
2016 	 1 	 face/pospospos0000114050.jpg	1	face
2017 	 0 	 fish/n01443537_20528.JPEG	0	fish
2018 	 1 	 face/pospospos0000099120.jpg	1	face
2019 	 0 	 fish/n01443537_9748.JPEG	0	fish
2020 	 1 	 face/pospospos0000114179.jpg	1	face
2021 	 1 	 face/pospospos0000102192.jpg	1	face
2022 	 0 	 fish/n01443537_17101.JPEG	0	fish
2023 	 0 	 fish/n01443537_9703.JPEG	0	fish
2024 	 0 	 fish/n01443537_12060.JPEG	0	fish
2025 	 0 	 fish/n01443537_15961.JPEG	0	fish
2026 	 0 	 fish/n01443537_9048.JPEG	0	fish
2027 	 0 	 fish/n01443537_16103.JPEG	0	fish
2028 	 1 	 face/pospospos0000102073.jpg	1	face
2029 	 0 	 fish/n01443537_11413.JPEG	0	fish
2030 	 1 	 face/pospospos0000102184.jpg	1	face
2031 	 0 	 fish/n01443537_13305.JPEG	0	fish
2032 	 1 	 face/pospospos0000114098.jpg	1	face
2033 	 0 	 fish/n01443537_19320.JPEG	0	fish
2034 	 1 	 face/pospospos0000045006.jpg	1	face
2035 	 0 	 fish/n01443537_10547.JPEG	0	fish
2036 	 0 	 fish/n01443537_8938.JPEG	0	fish
2037 	 1 	 face/pospospos0000102223.jpg	1	face
2038 	 0 	 fish/n01443537_13467.JPEG	0	fish
2039 	 0 	 fish/n01443537_755.JPEG	0	fish
2040 	 1 	 face/pospospos0000102185.jpg	1	face
2041 	 1 	 face/pospospos0000107118.jpg	1	face
2042 	 0 	 fish/n01443537_1743.JPEG	0	fish
2043 	 1 	 face/pospospos0000102371.jpg	1	face
2044 	 1 	 face/pospospos0000102286.jpg	1	face
2045 	 0 	 fish/n01443537_783.JPEG	0	fish
2046 	 0 	 fish/n01443537_4120.JPEG	0	fish
2047 	 0 	 fish/n01443537_17486.JPEG	0	fish
2048 	 0 	 fish/n01443537_20553.JPEG	0	fish
2049 	 0 	 fish/n01443537_2554.JPEG	0	fish
2050 	 1 	 face/pospospos0000099006.jpg	1	face
2051 	 1 	 face/pospospos0000117125.jpg	1	face
2052 	 1 	 face/pospospos0000102065.jpg	1	face
2053 	 1 	 face/pospospos0000107052.jpg	1	face
2054 	 1 	 face/pospospos0000119037.jpg	1	face
2055 	 1 	 face/pospospos0000102389.jpg	1	face
2056 	 0 	 fish/n01443537_9315.JPEG	0	fish
2057 	 0 	 fish/n01443537_2397.JPEG	0	fish
2058 	 0 	 fish/n01443537_9869.JPEG	0	fish
2059 	 0 	 fish/n01443537_12932.JPEG	0	fish
2060 	 0 	 fish/n01443537_2967.JPEG	0	fish
2061 	 0 	 fish/n01443537_23550.JPEG	0	fish
2062 	 1 	 face/pospospos0000099020.jpg	1	face
2063 	 1 	 face/pospospos0000114033.jpg	1	face
2064 	 0 	 fish/n01443537_17010.JPEG	0	fish
2065 	 0 	 fish/n01443537_5133.JPEG	0	fish
2066 	 0 	 fish/n01443537_12571.JPEG	0	fish
2067 	 1 	 face/pospospos0000102201.jpg	1	face
2068 	 1 	 face/pospospos0000105025.jpg	1	face
2069 	 0 	 fish/n01443537_10078.JPEG	0	fish
2070 	 0 	 fish/n01443537_2188.JPEG	0	fish
2071 	 0 	 fish/n01443537_7922.JPEG	0	fish
2072 	 0 	 fish/n01443537_12353.JPEG	0	fish
2073 	 0 	 fish/n01443537_18940.JPEG	0	fish
2074 	 1 	 face/pospospos0000107064.jpg	1	face
2075 	 0 	 fish/n01443537_23403.JPEG	0	fish
2076 	 0 	 fish/n01443537_9946.JPEG	0	fish
2077 	 0 	 fish/n01443537_19240.JPEG	0	fish
2078 	 1 	 face/pospospos0000099254.jpg	1	face
2079 	 0 	 fish/n01443537_16678.JPEG	0	fish
2080 	 0 	 fish/n01443537_16351.JPEG	0	fish
2081 	 1 	 face/pospospos0000100061.jpg	1	face
2082 	 0 	 fish/n01443537_6644.JPEG	0	fish
2083 	 1 	 face/pospospos0000102057.jpg	1	face
2084 	 0 	 fish/n01443537_2139.JPEG	0	fish
2085 	 0 	 fish/n01443537_13121.JPEG	0	fish
2086 	 1 	 face/pospospos0000099118.jpg	1	face
2087 	 1 	 face/pospospos0000114077.jpg	1	face
2088 	 0 	 fish/n01443537_16386.JPEG	0	fish
2089 	 0 	 fish/n01443537_23610.JPEG	0	fish
2090 	 1 	 face/pospospos0000102382.jpg	1	face
2091 	 1 	 face/pospospos0000107033.jpg	1	face
2092 	 0 	 fish/n01443537_13623.JPEG	0	fish
2093 	 1 	 face/pospospos0000102150.jpg	1	face
2094 	 0 	 fish/n01443537_21865.JPEG	0	fish
2095 	 1 	 face/pospospos0000107129.jpg	1	face
2096 	 1 	 face/pospospos0000099162.jpg	1	face
2097 	 0 	 fish/n01443537_4702.JPEG	0	fish
2098 	 0 	 fish/n01443537_3358.JPEG	0	fish
2099 	 1 	 face/pospospos0000107036.jpg	1	face
2100 	 0 	 fish/n01443537_21950.JPEG	0	fish
2101 	 1 	 face/pospospos0000119012.jpg	1	face
2102 	 0 	 fish/n01443537_23177.JPEG	0	fish
2103 	 1 	 face/pospospos0000102149.jpg	1	face
2104 	 1 	 face/pospospos0000117035.jpg	1	face
2105 	 1 	 face/pospospos0000102306.jpg	1	face
2106 	 1 	 face/pospospos0000114016.jpg	1	face
2107 	 1 	 face/pospospos0000114076.jpg	1	face
2108 	 0 	 fish/n01443537_18601.JPEG	0	fish
2109 	 0 	 fish/n01443537_17434.JPEG	0	fish
2110 	 0 	 fish/n01443537_9836.JPEG	0	fish
2111 	 0 	 fish/n01443537_22476.JPEG	0	fish
2112 	 0 	 fish/n01443537_23233.JPEG	0	fish
2113 	 0 	 fish/n01443537_7346.JPEG	0	fish
2114 	 0 	 fish/n01443537_570.JPEG	0	fish
2115 	 0 	 fish/n01443537_4523.JPEG	0	fish
2116 	 1 	 face/pospospos0000114211.jpg	1	face
2117 	 0 	 fish/n01443537_7475.JPEG	0	fish
2118 	 0 	 fish/n01443537_3650.JPEG	0	fish
2119 	 1 	 face/pospospos0000103042.jpg	1	face
2120 	 1 	 face/pospospos0000114230.jpg	1	face
2121 	 0 	 fish/n01443537_12677.JPEG	0	fish
2122 	 1 	 face/pospospos0000099038.jpg	1	face
2123 	 0 	 fish/n01443537_481.JPEG	0	fish
2124 	 1 	 face/pospospos0000117160.jpg	1	face
2125 	 0 	 fish/n01443537_19655.JPEG	0	fish
2126 	 1 	 face/pospospos0000102004.jpg	1	face
2127 	 1 	 face/pospospos0000103066.jpg	1	face
2128 	 1 	 face/pospospos0000117130.jpg	1	face
2129 	 0 	 fish/n01443537_15686.JPEG	0	fish
2130 	 1 	 face/pospospos0000117115.jpg	1	face
2131 	 0 	 fish/n01443537_2817.JPEG	0	fish
2132 	 0 	 fish/n01443537_11084.JPEG	0	fish
2133 	 1 	 face/pospospos0000099150.jpg	1	face
2134 	 1 	 face/pospospos0000102332.jpg	1	face
2135 	 0 	 fish/n01443537_9558.JPEG	0	fish
2136 	 0 	 fish/n01443537_23437.JPEG	0	fish
2137 	 0 	 fish/n01443537_13600.JPEG	0	fish
2138 	 0 	 fish/n01443537_16482.JPEG	0	fish
2139 	 1 	 face/pospospos0000100070.jpg	1	face
2140 	 0 	 fish/n01443537_22896.JPEG	0	fish
2141 	 1 	 face/pospospos0000102026.jpg	1	face
2142 	 1 	 face/pospospos0000102208.jpg	1	face
2143 	 1 	 face/pospospos0000107013.jpg	1	face
2144 	 0 	 fish/n01443537_2568.JPEG	0	fish
2145 	 0 	 fish/n01443537_15608.JPEG	0	fish
2146 	 1 	 face/pospospos0000107074.jpg	1	face
2147 	 0 	 fish/n01443537_13191.JPEG	0	fish
2148 	 0 	 fish/n01443537_18637.JPEG	0	fish
2149 	 1 	 face/pospospos0000107132.jpg	1	face
2150 	 1 	 face/pospospos0000107107.jpg	1	face
2151 	 1 	 face/pospospos0000102070.jpg	1	face
2152 	 1 	 face/pospospos0000102375.jpg	1	face
2153 	 1 	 face/pospospos0000114006.jpg	1	face
2154 	 0 	 fish/n01443537_15172.JPEG	0	fish
2155 	 0 	 fish/n01443537_10286.JPEG	0	fish
2156 	 1 	 face/pospospos0000117113.jpg	1	face
2157 	 0 	 fish/n01443537_12211.JPEG	0	fish
2158 	 0 	 fish/n01443537_7768.JPEG	0	fish
2159 	 0 	 fish/n01443537_15077.JPEG	0	fish
2160 	 1 	 face/pospospos0000107062.jpg	1	face
2161 	 1 	 face/pospospos0000099103.jpg	1	face
2162 	 1 	 face/pospospos0000102321.jpg	1	face
2163 	 0 	 fish/n01443537_23353.JPEG	0	fish
2164 	 0 	 fish/n01443537_12525.JPEG	0	fish
2165 	 0 	 fish/n01443537_4060.JPEG	0	fish
2166 	 1 	 face/pospospos0000102103.jpg	1	face
2167 	 0 	 fish/n01443537_9161.JPEG	0	fish
2168 	 1 	 face/pospospos0000108023.jpg	1	face
2169 	 1 	 face/pospospos0000114240.jpg	1	face
2170 	 0 	 fish/n01443537_19954.JPEG	0	fish
2171 	 0 	 fish/n01443537_9977.JPEG	0	fish
2172 	 1 	 face/pospospos0000114178.jpg	1	face
2173 	 0 	 fish/n01443537_19810.JPEG	0	fish
2174 	 0 	 fish/n01443537_24148.JPEG	0	fish
2175 	 0 	 fish/n01443537_16344.JPEG	0	fish
2176 	 1 	 face/pospospos0000114237.jpg	1	face
2177 	 0 	 fish/n01443537_3535.JPEG	0	fish
2178 	 1 	 face/pospospos0000102253.jpg	1	face
2179 	 1 	 face/pospospos0000114223.jpg	1	face
2180 	 1 	 face/pospospos0000102091.jpg	1	face
2181 	 1 	 face/pospospos0000114088.jpg	1	face
2182 	 0 	 fish/n01443537_6510.JPEG	0	fish
2183 	 1 	 face/pospospos0000099227.jpg	1	face
2184 	 1 	 face/pospospos0000102361.jpg	1	face
2185 	 0 	 fish/n01443537_15991.JPEG	0	fish
2186 	 1 	 face/pospospos0000102386.jpg	1	face
2187 	 1 	 face/pospospos0000099081.jpg	1	face
2188 	 0 	 fish/n01443537_6853.JPEG	0	fish
2189 	 0 	 fish/n01443537_13771.JPEG	0	fish
2190 	 1 	 face/pospospos0000099063.jpg	1	face
2191 	 0 	 fish/n01443537_5942.JPEG	0	fish
2192 	 0 	 fish/n01443537_17565.JPEG	0	fish
2193 	 1 	 face/pospospos0000117099.jpg	1	face
2194 	 0 	 fish/n01443537_12156.JPEG	0	fish
2195 	 1 	 face/pospospos0000099212.jpg	1	face
2196 	 1 	 face/pospospos0000099003.jpg	1	face
2197 	 0 	 fish/n01443537_24417.JPEG	0	fish
2198 	 1 	 face/pospospos0000105010.jpg	1	face
2199 	 0 	 fish/n01443537_5935.JPEG	0	fish
2200 	 1 	 face/pospospos0000119049.jpg	1	face
2201 	 1 	 face/pospospos0000103024.jpg	1	face
2202 	 0 	 fish/n01443537_17842.JPEG	0	fish
2203 	 1 	 face/pospospos0000102156.jpg	1	face
2204 	 1 	 face/pospospos0000099086.jpg	1	face
2205 	 1 	 face/pospospos0000114229.jpg	1	face
2206 	 0 	 fish/n01443537_13009.JPEG	0	fish
2207 	 1 	 face/pospospos0000103036.jpg	1	face
2208 	 1 	 face/pospospos0000119023.jpg	1	face
2209 	 0 	 fish/n01443537_6743.JPEG	0	fish
2210 	 0 	 fish/n01443537_12248.JPEG	0	fish
2211 	 0 	 fish/n01443537_19889.JPEG	0	fish
2212 	 0 	 fish/n01443537_14854.JPEG	0	fish
