0 	 0 	 fish/n01443537_1066.JPEG
1 	 0 	 fish/n01443537_21479.JPEG
2 	 1 	 face/pospospos0000107113.jpg
3 	 0 	 fish/n01443537_9587.JPEG
4 	 0 	 fish/n01443537_18275.JPEG
5 	 0 	 fish/n01443537_17355.JPEG
6 	 1 	 face/pospospos0000117019.jpg
7 	 1 	 face/pospospos0000114161.jpg
8 	 0 	 fish/n01443537_18535.JPEG
9 	 0 	 fish/n01443537_1895.JPEG
10 	 1 	 face/pospospos0000102138.jpg
11 	 1 	 face/pospospos0000103032.jpg
12 	 1 	 face/pospospos0000099055.jpg
13 	 0 	 fish/n01443537_15761.JPEG
14 	 0 	 fish/n01443537_7868.JPEG
15 	 0 	 fish/n01443537_22494.JPEG
16 	 1 	 face/pospospos0000102336.jpg
17 	 1 	 face/pospospos0000103049.jpg
18 	 1 	 face/pospospos0000119032.jpg
19 	 1 	 face/pospospos0000102240.jpg
20 	 1 	 face/pospospos0000099119.jpg
21 	 1 	 face/pospospos0000114113.jpg
22 	 1 	 face/pospospos0000099247.jpg
23 	 0 	 fish/n01443537_22404.JPEG
24 	 1 	 face/pospospos0000102258.jpg
25 	 0 	 fish/n01443537_17501.JPEG
26 	 0 	 fish/n01443537_3722.JPEG
27 	 1 	 face/pospospos0000114117.jpg
28 	 0 	 fish/n01443537_1389.JPEG
29 	 0 	 fish/n01443537_2060.JPEG
30 	 1 	 face/pospospos0000099196.jpg
31 	 1 	 face/pospospos0000117006.jpg
32 	 1 	 face/pospospos0000100048.jpg
33 	 1 	 face/pospospos0000099040.jpg
34 	 1 	 face/pospospos0000099164.jpg
35 	 0 	 fish/n01443537_20075.JPEG
36 	 1 	 face/pospospos0000107120.jpg
37 	 0 	 fish/n01443537_22547.JPEG
38 	 1 	 face/pospospos0000103039.jpg
39 	 1 	 face/pospospos0000099167.jpg
40 	 0 	 fish/n01443537_4633.JPEG
41 	 1 	 face/pospospos0000103017.jpg
42 	 0 	 fish/n01443537_24527.JPEG
43 	 0 	 fish/n01443537_4401.JPEG
44 	 1 	 face/pospospos0000114107.jpg
45 	 1 	 face/pospospos0000114205.jpg
46 	 1 	 face/pospospos0000102255.jpg
47 	 0 	 fish/n01443537_9871.JPEG
48 	 0 	 fish/n01443537_6949.JPEG
49 	 0 	 fish/n01443537_20110.JPEG
50 	 0 	 fish/n01443537_21911.JPEG
51 	 1 	 face/pospospos0000107112.jpg
52 	 1 	 face/pospospos0000102072.jpg
53 	 1 	 face/pospospos0000117126.jpg
54 	 0 	 fish/n01443537_605.JPEG
55 	 0 	 fish/n01443537_22074.JPEG
56 	 0 	 fish/n01443537_13858.JPEG
57 	 0 	 fish/n01443537_2465.JPEG
58 	 1 	 face/pospospos0000107104.jpg
59 	 1 	 face/pospospos0000103027.jpg
60 	 0 	 fish/n01443537_18160.JPEG
61 	 1 	 face/pospospos0000102081.jpg
62 	 1 	 face/pospospos0000102013.jpg
63 	 0 	 fish/n01443537_7844.JPEG
64 	 0 	 fish/n01443537_1135.JPEG
65 	 0 	 fish/n01443537_16612.JPEG
66 	 1 	 face/pospospos0000099064.jpg
67 	 0 	 fish/n01443537_23987.JPEG
68 	 0 	 fish/n01443537_12973.JPEG
69 	 1 	 face/pospospos0000102224.jpg
70 	 1 	 face/pospospos0000114086.jpg
71 	 1 	 face/pospospos0000100047.jpg
72 	 1 	 face/pospospos0000102148.jpg
73 	 0 	 fish/n01443537_5186.JPEG
74 	 1 	 face/pospospos0000102342.jpg
75 	 0 	 fish/n01443537_24692.JPEG
76 	 1 	 face/pospospos0000117120.jpg
77 	 1 	 face/pospospos0000099053.jpg
78 	 0 	 fish/n01443537_12360.JPEG
79 	 1 	 face/pospospos0000099099.jpg
80 	 1 	 face/pospospos0000119024.jpg
81 	 1 	 face/pospospos0000103010.jpg
82 	 1 	 face/pospospos0000099231.jpg
83 	 1 	 face/pospospos0000105018.jpg
84 	 1 	 face/pospospos0000102020.jpg
85 	 0 	 fish/n01443537_4080.JPEG
86 	 1 	 face/pospospos0000117091.jpg
87 	 1 	 face/pospospos0000102309.jpg
88 	 1 	 face/pospospos0000099135.jpg
89 	 0 	 fish/n01443537_22563.JPEG
90 	 1 	 face/pospospos0000107017.jpg
91 	 1 	 face/pospospos0000102143.jpg
92 	 1 	 face/pospospos0000099008.jpg
93 	 0 	 fish/n01443537_11124.JPEG
94 	 1 	 face/pospospos0000102171.jpg
95 	 1 	 face/pospospos0000099121.jpg
96 	 1 	 face/pospospos0000107038.jpg
97 	 1 	 face/pospospos0000102311.jpg
98 	 1 	 face/pospospos0000102352.jpg
99 	 0 	 fish/n01443537_13558.JPEG
100 	 0 	 fish/n01443537_17307.JPEG
101 	 0 	 fish/n01443537_13120.JPEG
102 	 0 	 fish/n01443537_23104.JPEG
103 	 0 	 fish/n01443537_7947.JPEG
104 	 1 	 face/pospospos0000102200.jpg
105 	 0 	 fish/n01443537_12760.JPEG
106 	 1 	 face/pospospos0000117015.jpg
107 	 0 	 fish/n01443537_3675.JPEG
108 	 0 	 fish/n01443537_22366.JPEG
109 	 1 	 face/pospospos0000119016.jpg
110 	 0 	 fish/n01443537_2625.JPEG
111 	 0 	 fish/n01443537_18998.JPEG
112 	 0 	 fish/n01443537_5607.JPEG
113 	 1 	 face/pospospos0000114054.jpg
114 	 1 	 face/pospospos0000102357.jpg
115 	 0 	 fish/n01443537_22593.JPEG
116 	 1 	 face/pospospos0000117037.jpg
117 	 1 	 face/pospospos0000114036.jpg
118 	 0 	 fish/n01443537_11932.JPEG
119 	 1 	 face/pospospos0000117145.jpg
120 	 1 	 face/pospospos0000114015.jpg
121 	 0 	 fish/n01443537_168.JPEG
122 	 1 	 face/pospospos0000117159.jpg
123 	 1 	 face/pospospos0000117095.jpg
124 	 1 	 face/pospospos0000117014.jpg
125 	 1 	 face/pospospos0000099115.jpg
126 	 1 	 face/pospospos0000107081.jpg
127 	 1 	 face/pospospos0000117098.jpg
128 	 1 	 face/pospospos0000102406.jpg
129 	 1 	 face/pospospos0000102161.jpg
130 	 1 	 face/pospospos0000103073.jpg
131 	 1 	 face/pospospos0000099192.jpg
132 	 0 	 fish/n01443537_20385.JPEG
133 	 1 	 face/pospospos0000102302.jpg
134 	 0 	 fish/n01443537_3108.JPEG
135 	 1 	 face/pospospos0000102405.jpg
136 	 0 	 fish/n01443537_17366.JPEG
137 	 0 	 fish/n01443537_13250.JPEG
138 	 0 	 fish/n01443537_4379.JPEG
139 	 1 	 face/pospospos0000107008.jpg
140 	 1 	 face/pospospos0000102239.jpg
141 	 1 	 face/pospospos0000114128.jpg
142 	 1 	 face/pospospos0000102066.jpg
143 	 1 	 face/pospospos0000102135.jpg
144 	 1 	 face/pospospos0000117013.jpg
145 	 0 	 fish/n01443537_10712.JPEG
146 	 0 	 fish/n01443537_23449.JPEG
147 	 0 	 fish/n01443537_1029.JPEG
148 	 0 	 fish/n01443537_12234.JPEG
149 	 0 	 fish/n01443537_1715.JPEG
150 	 1 	 face/pospospos0000114164.jpg
151 	 1 	 face/pospospos0000103033.jpg
152 	 0 	 fish/n01443537_12394.JPEG
153 	 1 	 face/pospospos0000099237.jpg
154 	 0 	 fish/n01443537_2549.JPEG
155 	 0 	 fish/n01443537_5909.JPEG
156 	 0 	 fish/n01443537_12938.JPEG
157 	 0 	 fish/n01443537_12637.JPEG
158 	 1 	 face/pospospos0000114099.jpg
159 	 1 	 face/pospospos0000114022.jpg
160 	 1 	 face/pospospos0000100035.jpg
161 	 1 	 face/pospospos0000099213.jpg
162 	 1 	 face/pospospos0000114110.jpg
163 	 0 	 fish/n01443537_13451.JPEG
164 	 0 	 fish/n01443537_3752.JPEG
165 	 1 	 face/pospospos0000114097.jpg
166 	 1 	 face/pospospos0000117101.jpg
167 	 0 	 fish/n01443537_24801.JPEG
168 	 0 	 fish/n01443537_6197.JPEG
169 	 1 	 face/pospospos0000100060.jpg
170 	 0 	 fish/n01443537_5667.JPEG
171 	 1 	 face/pospospos0000102139.jpg
172 	 0 	 fish/n01443537_21563.JPEG
173 	 1 	 face/pospospos0000103071.jpg
174 	 0 	 fish/n01443537_16939.JPEG
175 	 1 	 face/pospospos0000102077.jpg
176 	 1 	 face/pospospos0000117041.jpg
177 	 0 	 fish/n01443537_14670.JPEG
178 	 1 	 face/pospospos0000103056.jpg
179 	 0 	 fish/n01443537_11909.JPEG
180 	 1 	 face/pospospos0000102343.jpg
181 	 0 	 fish/n01443537_5989.JPEG
182 	 1 	 face/pospospos0000102060.jpg
183 	 0 	 fish/n01443537_2186.JPEG
184 	 1 	 face/pospospos0000107011.jpg
185 	 1 	 face/pospospos0000102183.jpg
186 	 1 	 face/pospospos0000114218.jpg
187 	 0 	 fish/n01443537_2778.JPEG
188 	 1 	 face/pospospos0000099028.jpg
189 	 1 	 face/pospospos0000108001.jpg
190 	 1 	 face/pospospos0000114132.jpg
191 	 0 	 fish/n01443537_12830.JPEG
192 	 1 	 face/pospospos0000099182.jpg
193 	 0 	 fish/n01443537_12857.JPEG
194 	 1 	 face/pospospos0000102079.jpg
195 	 0 	 fish/n01443537_24168.JPEG
196 	 0 	 fish/n01443537_2245.JPEG
197 	 1 	 face/pospospos0000099117.jpg
198 	 0 	 fish/n01443537_14191.JPEG
199 	 0 	 fish/n01443537_21129.JPEG
200 	 1 	 face/pospospos0000114123.jpg
201 	 1 	 face/pospospos0000102075.jpg
202 	 0 	 fish/n01443537_596.JPEG
203 	 0 	 fish/n01443537_21407.JPEG
204 	 1 	 face/pospospos0000099160.jpg
205 	 1 	 face/pospospos0000045008.jpg
206 	 0 	 fish/n01443537_11063.JPEG
207 	 0 	 fish/n01443537_5014.JPEG
208 	 0 	 fish/n01443537_14753.JPEG
209 	 0 	 fish/n01443537_18376.JPEG
210 	 0 	 fish/n01443537_10086.JPEG
211 	 0 	 fish/n01443537_8319.JPEG
212 	 0 	 fish/n01443537_16944.JPEG
213 	 0 	 fish/n01443537_20359.JPEG
214 	 0 	 fish/n01443537_13095.JPEG
215 	 1 	 face/pospospos0000099108.jpg
216 	 1 	 face/pospospos0000114224.jpg
217 	 1 	 face/pospospos0000102123.jpg
218 	 1 	 face/pospospos0000099128.jpg
219 	 0 	 fish/n01443537_2911.JPEG
220 	 0 	 fish/n01443537_3907.JPEG
221 	 0 	 fish/n01443537_3083.JPEG
222 	 1 	 face/pospospos0000117071.jpg
223 	 0 	 fish/n01443537_9438.JPEG
224 	 1 	 face/pospospos0000117100.jpg
225 	 1 	 face/pospospos0000114111.jpg
226 	 0 	 fish/n01443537_9552.JPEG
227 	 0 	 fish/n01443537_1361.JPEG
228 	 0 	 fish/n01443537_3037.JPEG
229 	 0 	 fish/n01443537_6426.JPEG
230 	 1 	 face/pospospos0000107006.jpg
231 	 0 	 fish/n01443537_18539.JPEG
232 	 0 	 fish/n01443537_550.JPEG
233 	 1 	 face/pospospos0000102126.jpg
234 	 1 	 face/pospospos0000114074.jpg
235 	 0 	 fish/n01443537_13038.JPEG
236 	 0 	 fish/n01443537_5086.JPEG
237 	 0 	 fish/n01443537_8989.JPEG
238 	 0 	 fish/n01443537_20735.JPEG
239 	 0 	 fish/n01443537_14466.JPEG
240 	 0 	 fish/n01443537_7798.JPEG
241 	 1 	 face/pospospos0000119046.jpg
242 	 0 	 fish/n01443537_19263.JPEG
243 	 0 	 fish/n01443537_16477.JPEG
244 	 0 	 fish/n01443537_20966.JPEG
245 	 0 	 fish/n01443537_13194.JPEG
246 	 1 	 face/pospospos0000117057.jpg
247 	 1 	 face/pospospos0000102319.jpg
248 	 1 	 face/pospospos0000114154.jpg
249 	 1 	 face/pospospos0000100011.jpg
250 	 0 	 fish/n01443537_22454.JPEG
251 	 0 	 fish/n01443537_13782.JPEG
252 	 0 	 fish/n01443537_7670.JPEG
253 	 0 	 fish/n01443537_4630.JPEG
254 	 1 	 face/pospospos0000117061.jpg
255 	 1 	 face/pospospos0000117084.jpg
256 	 0 	 fish/n01443537_4521.JPEG
257 	 0 	 fish/n01443537_19771.JPEG
258 	 0 	 fish/n01443537_2534.JPEG
259 	 0 	 fish/n01443537_1772.JPEG
260 	 0 	 fish/n01443537_24495.JPEG
261 	 0 	 fish/n01443537_9364.JPEG
262 	 0 	 fish/n01443537_20280.JPEG
263 	 1 	 face/pospospos0000119013.jpg
264 	 0 	 fish/n01443537_23006.JPEG
265 	 0 	 fish/n01443537_16576.JPEG
266 	 0 	 fish/n01443537_9534.JPEG
267 	 0 	 fish/n01443537_13517.JPEG
268 	 0 	 fish/n01443537_12049.JPEG
269 	 0 	 fish/n01443537_13650.JPEG
270 	 0 	 fish/n01443537_17026.JPEG
271 	 0 	 fish/n01443537_1970.JPEG
272 	 0 	 fish/n01443537_6531.JPEG
273 	 0 	 fish/n01443537_19180.JPEG
274 	 1 	 face/pospospos0000103040.jpg
275 	 0 	 fish/n01443537_9338.JPEG
276 	 0 	 fish/n01443537_21400.JPEG
277 	 1 	 face/pospospos0000117119.jpg
278 	 0 	 fish/n01443537_15166.JPEG
279 	 1 	 face/pospospos0000107111.jpg
280 	 1 	 face/pospospos0000107094.jpg
281 	 0 	 fish/n01443537_18852.JPEG
282 	 0 	 fish/n01443537_10594.JPEG
283 	 0 	 fish/n01443537_2290.JPEG
284 	 1 	 face/pospospos0000102358.jpg
285 	 0 	 fish/n01443537_24156.JPEG
286 	 1 	 face/pospospos0000099127.jpg
287 	 0 	 fish/n01443537_7582.JPEG
288 	 0 	 fish/n01443537_21450.JPEG
289 	 0 	 fish/n01443537_10408.JPEG
290 	 0 	 fish/n01443537_2333.JPEG
291 	 0 	 fish/n01443537_17968.JPEG
292 	 1 	 face/pospospos0000114187.jpg
293 	 0 	 fish/n01443537_6548.JPEG
294 	 0 	 fish/n01443537_16533.JPEG
295 	 1 	 face/pospospos0000102196.jpg
296 	 1 	 face/pospospos0000107061.jpg
297 	 0 	 fish/n01443537_2238.JPEG
298 	 1 	 face/pospospos0000114056.jpg
299 	 1 	 face/pospospos0000119033.jpg
300 	 1 	 face/pospospos0000114020.jpg
301 	 0 	 fish/n01443537_2847.JPEG
302 	 1 	 face/pospospos0000099195.jpg
303 	 0 	 fish/n01443537_22644.JPEG
304 	 1 	 face/pospospos0000099017.jpg
305 	 1 	 face/pospospos0000045012.jpg
306 	 1 	 face/pospospos0000119009.jpg
307 	 0 	 fish/n01443537_318.JPEG
308 	 1 	 face/pospospos0000099169.jpg
309 	 0 	 fish/n01443537_18471.JPEG
310 	 1 	 face/pospospos0000114062.jpg
311 	 1 	 face/pospospos0000103014.jpg
312 	 1 	 face/pospospos0000105006.jpg
313 	 1 	 face/pospospos0000117097.jpg
314 	 1 	 face/pospospos0000114064.jpg
315 	 0 	 fish/n01443537_3911.JPEG
316 	 0 	 fish/n01443537_4859.JPEG
317 	 0 	 fish/n01443537_12130.JPEG
318 	 0 	 fish/n01443537_2383.JPEG
319 	 1 	 face/pospospos0000114040.jpg
320 	 1 	 face/pospospos0000099031.jpg
321 	 0 	 fish/n01443537_7126.JPEG
322 	 0 	 fish/n01443537_20516.JPEG
323 	 0 	 fish/n01443537_3344.JPEG
324 	 1 	 face/pospospos0000117093.jpg
325 	 1 	 face/pospospos0000117110.jpg
326 	 1 	 face/pospospos0000119051.jpg
327 	 1 	 face/pospospos0000099129.jpg
328 	 0 	 fish/n01443537_10500.JPEG
329 	 0 	 fish/n01443537_6262.JPEG
330 	 1 	 face/pospospos0000099079.jpg
331 	 0 	 fish/n01443537_18180.JPEG
332 	 0 	 fish/n01443537_23453.JPEG
333 	 1 	 face/pospospos0000099116.jpg
334 	 1 	 face/pospospos0000099136.jpg
335 	 0 	 fish/n01443537_10430.JPEG
336 	 0 	 fish/n01443537_4310.JPEG
337 	 0 	 fish/n01443537_6520.JPEG
338 	 1 	 face/pospospos0000102127.jpg
339 	 0 	 fish/n01443537_2449.JPEG
340 	 1 	 face/pospospos0000099052.jpg
341 	 1 	 face/pospospos0000107093.jpg
342 	 0 	 fish/n01443537_20153.JPEG
343 	 1 	 face/pospospos0000102317.jpg
344 	 1 	 face/pospospos0000099027.jpg
345 	 0 	 fish/n01443537_445.JPEG
346 	 1 	 face/pospospos0000099048.jpg
347 	 1 	 face/pospospos0000099132.jpg
348 	 1 	 face/pospospos0000102289.jpg
349 	 1 	 face/pospospos0000102250.jpg
350 	 0 	 fish/n01443537_9483.JPEG
351 	 1 	 face/pospospos0000117042.jpg
352 	 1 	 face/pospospos0000099066.jpg
353 	 0 	 fish/n01443537_23892.JPEG
354 	 0 	 fish/n01443537_19077.JPEG
355 	 0 	 fish/n01443537_12557.JPEG
356 	 0 	 fish/n01443537_17328.JPEG
357 	 1 	 face/pospospos0000102349.jpg
358 	 0 	 fish/n01443537_5495.JPEG
359 	 0 	 fish/n01443537_6999.JPEG
360 	 0 	 fish/n01443537_6534.JPEG
361 	 0 	 fish/n01443537_1450.JPEG
362 	 0 	 fish/n01443537_19956.JPEG
363 	 0 	 fish/n01443537_4133.JPEG
364 	 1 	 face/pospospos0000114244.jpg
365 	 1 	 face/pospospos0000099060.jpg
366 	 0 	 fish/n01443537_19323.JPEG
367 	 0 	 fish/n01443537_22453.JPEG
368 	 0 	 fish/n01443537_8108.JPEG
369 	 0 	 fish/n01443537_4188.JPEG
370 	 0 	 fish/n01443537_1786.JPEG
371 	 0 	 fish/n01443537_2486.JPEG
372 	 1 	 face/pospospos0000100071.jpg
373 	 1 	 face/pospospos0000114042.jpg
374 	 0 	 fish/n01443537_2894.JPEG
375 	 0 	 fish/n01443537_2848.JPEG
376 	 0 	 fish/n01443537_16403.JPEG
377 	 0 	 fish/n01443537_15812.JPEG
378 	 1 	 face/pospospos0000103018.jpg
379 	 0 	 fish/n01443537_4035.JPEG
380 	 1 	 face/pospospos0000114157.jpg
381 	 0 	 fish/n01443537_19936.JPEG
382 	 1 	 face/pospospos0000100053.jpg
383 	 1 	 face/pospospos0000114150.jpg
384 	 0 	 fish/n01443537_11472.JPEG
385 	 0 	 fish/n01443537_17038.JPEG
386 	 0 	 fish/n01443537_24633.JPEG
387 	 0 	 fish/n01443537_10149.JPEG
388 	 1 	 face/pospospos0000114061.jpg
389 	 0 	 fish/n01443537_2266.JPEG
390 	 1 	 face/pospospos0000117137.jpg
391 	 1 	 face/pospospos0000102113.jpg
392 	 1 	 face/pospospos0000117062.jpg
393 	 0 	 fish/n01443537_5184.JPEG
394 	 0 	 fish/n01443537_309.JPEG
395 	 1 	 face/pospospos0000103052.jpg
396 	 1 	 face/pospospos0000103067.jpg
397 	 0 	 fish/n01443537_12810.JPEG
398 	 1 	 face/pospospos0000100014.jpg
399 	 1 	 face/pospospos0000099230.jpg
400 	 1 	 face/pospospos0000103015.jpg
401 	 0 	 fish/n01443537_16378.JPEG
402 	 1 	 face/pospospos0000107088.jpg
403 	 1 	 face/pospospos0000114147.jpg
404 	 0 	 fish/n01443537_17070.JPEG
405 	 0 	 fish/n01443537_11626.JPEG
406 	 1 	 face/pospospos0000114094.jpg
407 	 1 	 face/pospospos0000107035.jpg
408 	 1 	 face/pospospos0000119010.jpg
409 	 0 	 fish/n01443537_19245.JPEG
410 	 1 	 face/pospospos0000107140.jpg
411 	 0 	 fish/n01443537_23868.JPEG
412 	 0 	 fish/n01443537_1298.JPEG
413 	 1 	 face/pospospos0000099076.jpg
414 	 0 	 fish/n01443537_24695.JPEG
415 	 0 	 fish/n01443537_23429.JPEG
416 	 1 	 face/pospospos0000103043.jpg
417 	 1 	 face/pospospos0000102207.jpg
418 	 0 	 fish/n01443537_17615.JPEG
419 	 0 	 fish/n01443537_2394.JPEG
420 	 0 	 fish/n01443537_855.JPEG
421 	 0 	 fish/n01443537_11281.JPEG
422 	 0 	 fish/n01443537_4550.JPEG
423 	 0 	 fish/n01443537_23440.JPEG
424 	 1 	 face/pospospos0000102363.jpg
425 	 1 	 face/pospospos0000107075.jpg
426 	 0 	 fish/n01443537_10092.JPEG
427 	 1 	 face/pospospos0000099087.jpg
428 	 1 	 face/pospospos0000114105.jpg
429 	 0 	 fish/n01443537_374.JPEG
430 	 0 	 fish/n01443537_7324.JPEG
431 	 0 	 fish/n01443537_12966.JPEG
432 	 0 	 fish/n01443537_12286.JPEG
433 	 0 	 fish/n01443537_16794.JPEG
434 	 0 	 fish/n01443537_894.JPEG
435 	 0 	 fish/n01443537_13840.JPEG
436 	 1 	 face/pospospos0000102042.jpg
437 	 1 	 face/pospospos0000102338.jpg
438 	 1 	 face/pospospos0000099085.jpg
439 	 0 	 fish/n01443537_12914.JPEG
440 	 0 	 fish/n01443537_2355.JPEG
441 	 0 	 fish/n01443537_14835.JPEG
442 	 0 	 fish/n01443537_12586.JPEG
443 	 1 	 face/pospospos0000117118.jpg
444 	 0 	 fish/n01443537_7913.JPEG
445 	 0 	 fish/n01443537_21108.JPEG
446 	 1 	 face/pospospos0000099176.jpg
447 	 0 	 fish/n01443537_19008.JPEG
448 	 0 	 fish/n01443537_13348.JPEG
449 	 0 	 fish/n01443537_18410.JPEG
450 	 0 	 fish/n01443537_14709.JPEG
451 	 1 	 face/pospospos0000099070.jpg
452 	 0 	 fish/n01443537_13755.JPEG
453 	 0 	 fish/n01443537_12829.JPEG
454 	 0 	 fish/n01443537_2260.JPEG
455 	 1 	 face/pospospos0000117112.jpg
456 	 0 	 fish/n01443537_23243.JPEG
457 	 1 	 face/pospospos0000107027.jpg
458 	 1 	 face/pospospos0000099208.jpg
459 	 0 	 fish/n01443537_10255.JPEG
460 	 1 	 face/pospospos0000102396.jpg
461 	 1 	 face/pospospos0000107015.jpg
462 	 1 	 face/pospospos0000102168.jpg
463 	 0 	 fish/n01443537_19915.JPEG
464 	 0 	 fish/n01443537_23127.JPEG
465 	 0 	 fish/n01443537_815.JPEG
466 	 1 	 face/pospospos0000099238.jpg
467 	 0 	 fish/n01443537_17979.JPEG
468 	 0 	 fish/n01443537_15549.JPEG
469 	 0 	 fish/n01443537_10087.JPEG
470 	 0 	 fish/n01443537_296.JPEG
471 	 1 	 face/pospospos0000102222.jpg
472 	 0 	 fish/n01443537_2095.JPEG
473 	 0 	 fish/n01443537_17280.JPEG
474 	 1 	 face/pospospos0000099074.jpg
475 	 1 	 face/pospospos0000103061.jpg
476 	 1 	 face/pospospos0000102392.jpg
477 	 0 	 fish/n01443537_11787.JPEG
478 	 0 	 fish/n01443537_785.JPEG
479 	 1 	 face/pospospos0000107042.jpg
480 	 0 	 fish/n01443537_13513.JPEG
481 	 1 	 face/pospospos0000107097.jpg
482 	 0 	 fish/n01443537_13141.JPEG
483 	 0 	 fish/n01443537_427.JPEG
484 	 0 	 fish/n01443537_4400.JPEG
485 	 1 	 face/pospospos0000102266.jpg
486 	 1 	 face/pospospos0000100069.jpg
487 	 0 	 fish/n01443537_4756.JPEG
488 	 0 	 fish/n01443537_7746.JPEG
489 	 0 	 fish/n01443537_3514.JPEG
490 	 1 	 face/pospospos0000102015.jpg
491 	 1 	 face/pospospos0000108004.jpg
492 	 1 	 face/pospospos0000099215.jpg
493 	 0 	 fish/n01443537_4218.JPEG
494 	 1 	 face/pospospos0000117077.jpg
495 	 1 	 face/pospospos0000114081.jpg
496 	 1 	 face/pospospos0000099013.jpg
497 	 0 	 fish/n01443537_22621.JPEG
498 	 1 	 face/pospospos0000119019.jpg
499 	 1 	 face/pospospos0000114104.jpg
500 	 0 	 fish/n01443537_2068.JPEG
501 	 0 	 fish/n01443537_23838.JPEG
502 	 0 	 fish/n01443537_16309.JPEG
503 	 0 	 fish/n01443537_608.JPEG
504 	 0 	 fish/n01443537_13317.JPEG
505 	 1 	 face/pospospos0000117158.jpg
506 	 1 	 face/pospospos0000102216.jpg
507 	 1 	 face/pospospos0000114235.jpg
508 	 0 	 fish/n01443537_10034.JPEG
509 	 1 	 face/pospospos0000102217.jpg
510 	 1 	 face/pospospos0000099106.jpg
511 	 1 	 face/pospospos0000100024.jpg
512 	 0 	 fish/n01443537_18604.JPEG
513 	 0 	 fish/n01443537_18011.JPEG
514 	 1 	 face/pospospos0000099185.jpg
515 	 0 	 fish/n01443537_6514.JPEG
516 	 1 	 face/pospospos0000099234.jpg
517 	 0 	 fish/n01443537_3817.JPEG
518 	 1 	 face/pospospos0000100007.jpg
519 	 0 	 fish/n01443537_11953.JPEG
520 	 1 	 face/pospospos0000117052.jpg
521 	 0 	 fish/n01443537_2563.JPEG
522 	 1 	 face/pospospos0000117018.jpg
523 	 1 	 face/pospospos0000114069.jpg
524 	 1 	 face/pospospos0000102093.jpg
525 	 0 	 fish/n01443537_15552.JPEG
526 	 0 	 fish/n01443537_16655.JPEG
527 	 0 	 fish/n01443537_23518.JPEG
528 	 0 	 fish/n01443537_12814.JPEG
529 	 1 	 face/pospospos0000100042.jpg
530 	 1 	 face/pospospos0000102062.jpg
531 	 0 	 fish/n01443537_18911.JPEG
532 	 1 	 face/pospospos0000103072.jpg
533 	 0 	 fish/n01443537_14043.JPEG
534 	 1 	 face/pospospos0000102264.jpg
535 	 0 	 fish/n01443537_5438.JPEG
536 	 0 	 fish/n01443537_7295.JPEG
537 	 0 	 fish/n01443537_16377.JPEG
538 	 0 	 fish/n01443537_4998.JPEG
539 	 1 	 face/pospospos0000102038.jpg
540 	 1 	 face/pospospos0000102083.jpg
541 	 1 	 face/pospospos0000102158.jpg
542 	 0 	 fish/n01443537_24216.JPEG
543 	 1 	 face/pospospos0000102225.jpg
544 	 1 	 face/pospospos0000102189.jpg
545 	 1 	 face/pospospos0000114242.jpg
546 	 1 	 face/pospospos0000114155.jpg
547 	 1 	 face/pospospos0000099012.jpg
548 	 0 	 fish/n01443537_2207.JPEG
549 	 1 	 face/pospospos0000100021.jpg
550 	 1 	 face/pospospos0000107121.jpg
551 	 1 	 face/pospospos0000099146.jpg
552 	 1 	 face/pospospos0000100066.jpg
553 	 0 	 fish/n01443537_338.JPEG
554 	 1 	 face/pospospos0000107050.jpg
555 	 0 	 fish/n01443537_7145.JPEG
556 	 1 	 face/pospospos0000117136.jpg
557 	 1 	 face/pospospos0000108011.jpg
558 	 1 	 face/pospospos0000117150.jpg
559 	 0 	 fish/n01443537_13830.JPEG
560 	 1 	 face/pospospos0000100008.jpg
561 	 0 	 fish/n01443537_3364.JPEG
562 	 0 	 fish/n01443537_19304.JPEG
563 	 0 	 fish/n01443537_13422.JPEG
564 	 0 	 fish/n01443537_18310.JPEG
565 	 1 	 face/pospospos0000102063.jpg
566 	 1 	 face/pospospos0000099094.jpg
567 	 0 	 fish/n01443537_8789.JPEG
568 	 1 	 face/pospospos0000117128.jpg
569 	 0 	 fish/n01443537_12126.JPEG
570 	 0 	 fish/n01443537_12943.JPEG
571 	 1 	 face/pospospos0000107086.jpg
572 	 1 	 face/pospospos0000108007.jpg
573 	 0 	 fish/n01443537_6660.JPEG
574 	 1 	 face/pospospos0000099158.jpg
575 	 0 	 fish/n01443537_15891.JPEG
576 	 1 	 face/pospospos0000114100.jpg
577 	 0 	 fish/n01443537_19669.JPEG
578 	 1 	 face/pospospos0000102331.jpg
579 	 1 	 face/pospospos0000099095.jpg
580 	 0 	 fish/n01443537_2552.JPEG
581 	 1 	 face/pospospos0000099080.jpg
582 	 1 	 face/pospospos0000102056.jpg
583 	 0 	 fish/n01443537_23280.JPEG
584 	 0 	 fish/n01443537_11192.JPEG
585 	 1 	 face/pospospos0000102086.jpg
586 	 0 	 fish/n01443537_16613.JPEG
587 	 0 	 fish/n01443537_13475.JPEG
588 	 0 	 fish/n01443537_12193.JPEG
589 	 1 	 face/pospospos0000099177.jpg
590 	 1 	 face/pospospos0000117067.jpg
591 	 0 	 fish/n01443537_13298.JPEG
592 	 0 	 fish/n01443537_17667.JPEG
593 	 1 	 face/pospospos0000102107.jpg
594 	 1 	 face/pospospos0000117038.jpg
595 	 0 	 fish/n01443537_9712.JPEG
596 	 1 	 face/pospospos0000103007.jpg
597 	 0 	 fish/n01443537_17187.JPEG
598 	 0 	 fish/n01443537_14567.JPEG
599 	 0 	 fish/n01443537_16043.JPEG
600 	 0 	 fish/n01443537_24387.JPEG
601 	 0 	 fish/n01443537_3194.JPEG
602 	 0 	 fish/n01443537_16979.JPEG
603 	 0 	 fish/n01443537_4803.JPEG
604 	 0 	 fish/n01443537_18094.JPEG
605 	 1 	 face/pospospos0000099163.jpg
606 	 0 	 fish/n01443537_17832.JPEG
607 	 1 	 face/pospospos0000099130.jpg
608 	 0 	 fish/n01443537_1088.JPEG
609 	 0 	 fish/n01443537_3498.JPEG
610 	 1 	 face/pospospos0000102280.jpg
611 	 0 	 fish/n01443537_18399.JPEG
612 	 0 	 fish/n01443537_21699.JPEG
613 	 0 	 fish/n01443537_17999.JPEG
614 	 0 	 fish/n01443537_11019.JPEG
615 	 0 	 fish/n01443537_12526.JPEG
616 	 0 	 fish/n01443537_14393.JPEG
617 	 0 	 fish/n01443537_16853.JPEG
618 	 0 	 fish/n01443537_22401.JPEG
619 	 1 	 face/pospospos0000099067.jpg
620 	 0 	 fish/n01443537_11094.JPEG
621 	 0 	 fish/n01443537_3614.JPEG
622 	 0 	 fish/n01443537_18754.JPEG
623 	 0 	 fish/n01443537_13659.JPEG
624 	 1 	 face/pospospos0000114162.jpg
625 	 1 	 face/pospospos0000099147.jpg
626 	 1 	 face/pospospos0000114030.jpg
627 	 1 	 face/pospospos0000119001.jpg
628 	 1 	 face/pospospos0000114021.jpg
629 	 1 	 face/pospospos0000099022.jpg
630 	 0 	 fish/n01443537_2594.JPEG
631 	 0 	 fish/n01443537_22915.JPEG
632 	 1 	 face/pospospos0000102243.jpg
633 	 0 	 fish/n01443537_20699.JPEG
634 	 0 	 fish/n01443537_12384.JPEG
635 	 1 	 face/pospospos0000114241.jpg
636 	 1 	 face/pospospos0000105004.jpg
637 	 1 	 face/pospospos0000107077.jpg
638 	 0 	 fish/n01443537_2942.JPEG
639 	 1 	 face/pospospos0000099058.jpg
640 	 0 	 fish/n01443537_1306.JPEG
641 	 0 	 fish/n01443537_1753.JPEG
642 	 1 	 face/pospospos0000114239.jpg
643 	 1 	 face/pospospos0000114227.jpg
644 	 0 	 fish/n01443537_6428.JPEG
645 	 1 	 face/pospospos0000114220.jpg
646 	 0 	 fish/n01443537_11665.JPEG
647 	 0 	 fish/n01443537_4987.JPEG
648 	 1 	 face/pospospos0000099165.jpg
649 	 0 	 fish/n01443537_11238.JPEG
650 	 1 	 face/pospospos0000102194.jpg
651 	 0 	 fish/n01443537_7663.JPEG
652 	 0 	 fish/n01443537_17830.JPEG
653 	 1 	 face/pospospos0000117089.jpg
654 	 1 	 face/pospospos0000114034.jpg
655 	 0 	 fish/n01443537_1452.JPEG
656 	 1 	 face/pospospos0000108019.jpg
657 	 0 	 fish/n01443537_18372.JPEG
658 	 0 	 fish/n01443537_23502.JPEG
659 	 1 	 face/pospospos0000102076.jpg
660 	 0 	 fish/n01443537_1844.JPEG
661 	 0 	 fish/n01443537_22809.JPEG
662 	 1 	 face/pospospos0000102141.jpg
663 	 0 	 fish/n01443537_3837.JPEG
664 	 1 	 face/pospospos0000099245.jpg
665 	 0 	 fish/n01443537_10083.JPEG
666 	 0 	 fish/n01443537_8437.JPEG
667 	 1 	 face/pospospos0000117156.jpg
668 	 1 	 face/pospospos0000108010.jpg
669 	 1 	 face/pospospos0000114186.jpg
670 	 1 	 face/pospospos0000102237.jpg
671 	 0 	 fish/n01443537_22108.JPEG
672 	 0 	 fish/n01443537_17252.JPEG
673 	 0 	 fish/n01443537_16132.JPEG
674 	 1 	 face/pospospos0000114092.jpg
675 	 0 	 fish/n01443537_518.JPEG
676 	 1 	 face/pospospos0000099172.jpg
677 	 0 	 fish/n01443537_14836.JPEG
678 	 0 	 fish/n01443537_22345.JPEG
679 	 0 	 fish/n01443537_7649.JPEG
680 	 1 	 face/pospospos0000102102.jpg
681 	 0 	 fish/n01443537_9740.JPEG
682 	 0 	 fish/n01443537_5575.JPEG
683 	 1 	 face/pospospos0000117081.jpg
684 	 0 	 fish/n01443537_20263.JPEG
685 	 0 	 fish/n01443537_9945.JPEG
686 	 1 	 face/pospospos0000102100.jpg
687 	 1 	 face/pospospos0000099050.jpg
688 	 0 	 fish/n01443537_17665.JPEG
689 	 0 	 fish/n01443537_17266.JPEG
690 	 1 	 face/pospospos0000105011.jpg
691 	 0 	 fish/n01443537_12668.JPEG
692 	 0 	 fish/n01443537_23455.JPEG
693 	 0 	 fish/n01443537_10242.JPEG
694 	 1 	 face/pospospos0000117153.jpg
695 	 1 	 face/pospospos0000107054.jpg
696 	 1 	 face/pospospos0000105022.jpg
697 	 1 	 face/pospospos0000107026.jpg
698 	 0 	 fish/n01443537_22849.JPEG
699 	 0 	 fish/n01443537_13166.JPEG
700 	 1 	 face/pospospos0000105003.jpg
701 	 1 	 face/pospospos0000102393.jpg
702 	 0 	 fish/n01443537_1722.JPEG
703 	 0 	 fish/n01443537_10562.JPEG
704 	 1 	 face/pospospos0000114238.jpg
705 	 0 	 fish/n01443537_951.JPEG
706 	 0 	 fish/n01443537_1170.JPEG
707 	 0 	 fish/n01443537_11513.JPEG
708 	 1 	 face/pospospos0000117063.jpg
709 	 1 	 face/pospospos0000114116.jpg
710 	 0 	 fish/n01443537_3588.JPEG
711 	 1 	 face/pospospos0000102175.jpg
712 	 1 	 face/pospospos0000114073.jpg
713 	 0 	 fish/n01443537_3726.JPEG
714 	 0 	 fish/n01443537_20094.JPEG
715 	 0 	 fish/n01443537_8407.JPEG
716 	 0 	 fish/n01443537_23046.JPEG
717 	 0 	 fish/n01443537_792.JPEG
718 	 0 	 fish/n01443537_21801.JPEG
719 	 0 	 fish/n01443537_11709.JPEG
720 	 1 	 face/pospospos0000102003.jpg
721 	 0 	 fish/n01443537_16780.JPEG
722 	 0 	 fish/n01443537_6272.JPEG
723 	 0 	 fish/n01443537_17008.JPEG
724 	 0 	 fish/n01443537_13278.JPEG
725 	 1 	 face/pospospos0000119039.jpg
726 	 0 	 fish/n01443537_9753.JPEG
727 	 1 	 face/pospospos0000100056.jpg
728 	 1 	 face/pospospos0000099178.jpg
729 	 0 	 fish/n01443537_22323.JPEG
730 	 1 	 face/pospospos0000102259.jpg
731 	 1 	 face/pospospos0000102014.jpg
732 	 0 	 fish/n01443537_6088.JPEG
733 	 0 	 fish/n01443537_19650.JPEG
734 	 1 	 face/pospospos0000119047.jpg
735 	 0 	 fish/n01443537_4203.JPEG
736 	 0 	 fish/n01443537_18294.JPEG
737 	 1 	 face/pospospos0000114004.jpg
738 	 1 	 face/pospospos0000099032.jpg
739 	 0 	 fish/n01443537_17246.JPEG
740 	 1 	 face/pospospos0000099072.jpg
741 	 0 	 fish/n01443537_22807.JPEG
742 	 0 	 fish/n01443537_22507.JPEG
743 	 1 	 face/pospospos0000117108.jpg
744 	 1 	 face/pospospos0000107020.jpg
745 	 0 	 fish/n01443537_22152.JPEG
746 	 1 	 face/pospospos0000107045.jpg
747 	 1 	 face/pospospos0000114182.jpg
748 	 1 	 face/pospospos0000099131.jpg
749 	 0 	 fish/n01443537_17264.JPEG
750 	 1 	 face/pospospos0000099002.jpg
751 	 1 	 face/pospospos0000099001.jpg
752 	 0 	 fish/n01443537_2191.JPEG
753 	 1 	 face/pospospos0000117060.jpg
754 	 0 	 fish/n01443537_1472.JPEG
755 	 0 	 fish/n01443537_7428.JPEG
756 	 0 	 fish/n01443537_23289.JPEG
757 	 0 	 fish/n01443537_16382.JPEG
758 	 0 	 fish/n01443537_15270.JPEG
759 	 1 	 face/pospospos0000102213.jpg
760 	 1 	 face/pospospos0000114209.jpg
761 	 0 	 fish/n01443537_15416.JPEG
762 	 1 	 face/pospospos0000099183.jpg
763 	 1 	 face/pospospos0000102151.jpg
764 	 1 	 face/pospospos0000102177.jpg
765 	 0 	 fish/n01443537_24460.JPEG
766 	 0 	 fish/n01443537_14789.JPEG
767 	 0 	 fish/n01443537_14173.JPEG
768 	 0 	 fish/n01443537_1124.JPEG
769 	 1 	 face/pospospos0000102251.jpg
770 	 1 	 face/pospospos0000119036.jpg
771 	 1 	 face/pospospos0000107100.jpg
772 	 1 	 face/pospospos0000114188.jpg
773 	 0 	 fish/n01443537_7795.JPEG
774 	 0 	 fish/n01443537_20545.JPEG
775 	 1 	 face/pospospos0000107044.jpg
776 	 0 	 fish/n01443537_23860.JPEG
777 	 1 	 face/pospospos0000117032.jpg
778 	 0 	 fish/n01443537_1987.JPEG
779 	 0 	 fish/n01443537_3697.JPEG
780 	 0 	 fish/n01443537_19840.JPEG
781 	 1 	 face/pospospos0000099088.jpg
782 	 1 	 face/pospospos0000114200.jpg
783 	 0 	 fish/n01443537_3965.JPEG
784 	 0 	 fish/n01443537_896.JPEG
785 	 0 	 fish/n01443537_3903.JPEG
786 	 1 	 face/pospospos0000114008.jpg
787 	 0 	 fish/n01443537_20832.JPEG
788 	 1 	 face/pospospos0000102328.jpg
789 	 1 	 face/pospospos0000102104.jpg
790 	 0 	 fish/n01443537_4834.JPEG
791 	 1 	 face/pospospos0000102144.jpg
792 	 0 	 fish/n01443537_23387.JPEG
793 	 1 	 face/pospospos0000102054.jpg
794 	 1 	 face/pospospos0000102058.jpg
795 	 0 	 fish/n01443537_12568.JPEG
796 	 0 	 fish/n01443537_14115.JPEG
797 	 1 	 face/pospospos0000102137.jpg
798 	 1 	 face/pospospos0000099149.jpg
799 	 1 	 face/pospospos0000107037.jpg
800 	 1 	 face/pospospos0000102181.jpg
801 	 1 	 face/pospospos0000114017.jpg
802 	 0 	 fish/n01443537_1219.JPEG
803 	 0 	 fish/n01443537_3885.JPEG
804 	 0 	 fish/n01443537_6967.JPEG
805 	 0 	 fish/n01443537_501.JPEG
806 	 0 	 fish/n01443537_11577.JPEG
807 	 0 	 fish/n01443537_2719.JPEG
808 	 0 	 fish/n01443537_6655.JPEG
809 	 1 	 face/pospospos0000099161.jpg
810 	 1 	 face/pospospos0000107108.jpg
811 	 0 	 fish/n01443537_21656.JPEG
812 	 0 	 fish/n01443537_22976.JPEG
813 	 0 	 fish/n01443537_1592.JPEG
814 	 1 	 face/pospospos0000102032.jpg
815 	 1 	 face/pospospos0000117107.jpg
816 	 0 	 fish/n01443537_8818.JPEG
817 	 1 	 face/pospospos0000102346.jpg
818 	 1 	 face/pospospos0000114124.jpg
819 	 1 	 face/pospospos0000117059.jpg
820 	 0 	 fish/n01443537_12138.JPEG
821 	 1 	 face/pospospos0000102411.jpg
822 	 0 	 fish/n01443537_12433.JPEG
823 	 0 	 fish/n01443537_20228.JPEG
824 	 0 	 fish/n01443537_801.JPEG
825 	 1 	 face/pospospos0000102179.jpg
826 	 0 	 fish/n01443537_21870.JPEG
827 	 1 	 face/pospospos0000103022.jpg
828 	 1 	 face/pospospos0000099256.jpg
829 	 0 	 fish/n01443537_2084.JPEG
830 	 0 	 fish/n01443537_20705.JPEG
831 	 0 	 fish/n01443537_13028.JPEG
832 	 0 	 fish/n01443537_3036.JPEG
833 	 1 	 face/pospospos0000103001.jpg
834 	 1 	 face/pospospos0000117141.jpg
835 	 0 	 fish/n01443537_18146.JPEG
836 	 1 	 face/pospospos0000099220.jpg
837 	 0 	 fish/n01443537_24514.JPEG
838 	 0 	 fish/n01443537_11730.JPEG
839 	 0 	 fish/n01443537_11052.JPEG
840 	 0 	 fish/n01443537_20186.JPEG
841 	 1 	 face/pospospos0000119014.jpg
842 	 1 	 face/pospospos0000107060.jpg
843 	 0 	 fish/n01443537_15259.JPEG
844 	 1 	 face/pospospos0000099198.jpg
845 	 1 	 face/pospospos0000102145.jpg
846 	 1 	 face/pospospos0000102233.jpg
847 	 1 	 face/pospospos0000119031.jpg
848 	 0 	 fish/n01443537_16322.JPEG
849 	 1 	 face/pospospos0000099255.jpg
850 	 1 	 face/pospospos0000099209.jpg
851 	 1 	 face/pospospos0000114203.jpg
852 	 0 	 fish/n01443537_22145.JPEG
853 	 0 	 fish/n01443537_1955.JPEG
854 	 1 	 face/pospospos0000103046.jpg
855 	 0 	 fish/n01443537_8243.JPEG
856 	 1 	 face/pospospos0000114028.jpg
857 	 1 	 face/pospospos0000102247.jpg
858 	 0 	 fish/n01443537_472.JPEG
859 	 1 	 face/pospospos0000099152.jpg
860 	 0 	 fish/n01443537_590.JPEG
861 	 1 	 face/pospospos0000102146.jpg
862 	 1 	 face/pospospos0000107029.jpg
863 	 0 	 fish/n01443537_13314.JPEG
864 	 0 	 fish/n01443537_21191.JPEG
865 	 0 	 fish/n01443537_10213.JPEG
866 	 1 	 face/pospospos0000107126.jpg
867 	 1 	 face/pospospos0000119018.jpg
868 	 0 	 fish/n01443537_21982.JPEG
869 	 1 	 face/pospospos0000114038.jpg
870 	 0 	 fish/n01443537_21060.JPEG
871 	 1 	 face/pospospos0000117088.jpg
872 	 0 	 fish/n01443537_4516.JPEG
873 	 1 	 face/pospospos0000117065.jpg
874 	 1 	 face/pospospos0000099057.jpg
875 	 1 	 face/pospospos0000119040.jpg
876 	 1 	 face/pospospos0000102324.jpg
877 	 1 	 face/pospospos0000119025.jpg
878 	 0 	 fish/n01443537_22538.JPEG
879 	 0 	 fish/n01443537_1103.JPEG
880 	 1 	 face/pospospos0000114201.jpg
881 	 0 	 fish/n01443537_13924.JPEG
882 	 1 	 face/pospospos0000100067.jpg
883 	 0 	 fish/n01443537_22942.JPEG
884 	 1 	 face/pospospos0000099249.jpg
885 	 0 	 fish/n01443537_20586.JPEG
886 	 0 	 fish/n01443537_8169.JPEG
887 	 1 	 face/pospospos0000102296.jpg
888 	 0 	 fish/n01443537_19912.JPEG
889 	 1 	 face/pospospos0000102287.jpg
890 	 1 	 face/pospospos0000099138.jpg
891 	 0 	 fish/n01443537_18141.JPEG
892 	 0 	 fish/n01443537_13674.JPEG
893 	 1 	 face/pospospos0000114003.jpg
894 	 0 	 fish/n01443537_2684.JPEG
895 	 1 	 face/pospospos0000102119.jpg
896 	 0 	 fish/n01443537_21810.JPEG
897 	 0 	 fish/n01443537_24239.JPEG
898 	 1 	 face/pospospos0000117094.jpg
899 	 1 	 face/pospospos0000114109.jpg
900 	 0 	 fish/n01443537_13343.JPEG
901 	 1 	 face/pospospos0000099143.jpg
902 	 1 	 face/pospospos0000114095.jpg
903 	 0 	 fish/n01443537_20680.JPEG
904 	 0 	 fish/n01443537_21818.JPEG
905 	 0 	 fish/n01443537_3012.JPEG
906 	 1 	 face/pospospos0000107083.jpg
907 	 1 	 face/pospospos0000102044.jpg
908 	 0 	 fish/n01443537_17142.JPEG
909 	 0 	 fish/n01443537_24784.JPEG
910 	 1 	 face/pospospos0000103050.jpg
911 	 1 	 face/pospospos0000107096.jpg
912 	 1 	 face/pospospos0000102272.jpg
913 	 1 	 face/pospospos0000117073.jpg
914 	 1 	 face/pospospos0000045009.jpg
915 	 1 	 face/pospospos0000107123.jpg
916 	 0 	 fish/n01443537_5154.JPEG
917 	 0 	 fish/n01443537_22422.JPEG
918 	 1 	 face/pospospos0000099168.jpg
919 	 0 	 fish/n01443537_1824.JPEG
920 	 1 	 face/pospospos0000107049.jpg
921 	 0 	 fish/n01443537_21111.JPEG
922 	 1 	 face/pospospos0000119022.jpg
923 	 0 	 fish/n01443537_17191.JPEG
924 	 0 	 fish/n01443537_24803.JPEG
925 	 1 	 face/pospospos0000114135.jpg
926 	 1 	 face/pospospos0000114037.jpg
927 	 1 	 face/pospospos0000102226.jpg
928 	 1 	 face/pospospos0000114023.jpg
929 	 1 	 face/pospospos0000099125.jpg
930 	 0 	 fish/n01443537_22549.JPEG
931 	 1 	 face/pospospos0000117047.jpg
932 	 0 	 fish/n01443537_18065.JPEG
933 	 0 	 fish/n01443537_319.JPEG
934 	 0 	 fish/n01443537_24424.JPEG
935 	 1 	 face/pospospos0000102330.jpg
936 	 0 	 fish/n01443537_19977.JPEG
937 	 1 	 face/pospospos0000119028.jpg
938 	 0 	 fish/n01443537_3814.JPEG
939 	 1 	 face/pospospos0000102097.jpg
940 	 1 	 face/pospospos0000108020.jpg
941 	 1 	 face/pospospos0000102221.jpg
942 	 0 	 fish/n01443537_477.JPEG
943 	 1 	 face/pospospos0000103019.jpg
944 	 0 	 fish/n01443537_11292.JPEG
945 	 0 	 fish/n01443537_875.JPEG
946 	 1 	 face/pospospos0000107031.jpg
947 	 1 	 face/pospospos0000114001.jpg
948 	 0 	 fish/n01443537_962.JPEG
949 	 0 	 fish/n01443537_3067.JPEG
950 	 0 	 fish/n01443537_21445.JPEG
951 	 1 	 face/pospospos0000102071.jpg
952 	 0 	 fish/n01443537_7843.JPEG
953 	 0 	 fish/n01443537_16292.JPEG
954 	 0 	 fish/n01443537_129.JPEG
955 	 1 	 face/pospospos0000099179.jpg
956 	 0 	 fish/n01443537_522.JPEG
957 	 0 	 fish/n01443537_50.JPEG
958 	 1 	 face/pospospos0000114189.jpg
959 	 1 	 face/pospospos0000117138.jpg
960 	 1 	 face/pospospos0000102176.jpg
961 	 1 	 face/pospospos0000102290.jpg
962 	 1 	 face/pospospos0000103054.jpg
963 	 0 	 fish/n01443537_13733.JPEG
964 	 0 	 fish/n01443537_20440.JPEG
965 	 1 	 face/pospospos0000114166.jpg
966 	 1 	 face/pospospos0000102209.jpg
967 	 1 	 face/pospospos0000105012.jpg
968 	 0 	 fish/n01443537_24223.JPEG
969 	 0 	 fish/n01443537_23686.JPEG
970 	 0 	 fish/n01443537_5979.JPEG
971 	 0 	 fish/n01443537_6066.JPEG
972 	 1 	 face/pospospos0000099137.jpg
973 	 0 	 fish/n01443537_5135.JPEG
974 	 1 	 face/pospospos0000102377.jpg
975 	 1 	 face/pospospos0000114066.jpg
976 	 1 	 face/pospospos0000117080.jpg
977 	 1 	 face/pospospos0000103013.jpg
978 	 1 	 face/pospospos0000119042.jpg
979 	 1 	 face/pospospos0000117124.jpg
980 	 1 	 face/pospospos0000099056.jpg
981 	 0 	 fish/n01443537_16942.JPEG
982 	 1 	 face/pospospos0000114145.jpg
983 	 1 	 face/pospospos0000103064.jpg
984 	 1 	 face/pospospos0000102245.jpg
985 	 0 	 fish/n01443537_18846.JPEG
986 	 0 	 fish/n01443537_3951.JPEG
987 	 0 	 fish/n01443537_7472.JPEG
988 	 0 	 fish/n01443537_15607.JPEG
989 	 0 	 fish/n01443537_13557.JPEG
990 	 1 	 face/pospospos0000114207.jpg
991 	 0 	 fish/n01443537_11916.JPEG
992 	 0 	 fish/n01443537_12621.JPEG
993 	 0 	 fish/n01443537_11648.JPEG
994 	 1 	 face/pospospos0000103031.jpg
995 	 0 	 fish/n01443537_2945.JPEG
996 	 0 	 fish/n01443537_17158.JPEG
997 	 1 	 face/pospospos0000117023.jpg
998 	 0 	 fish/n01443537_3767.JPEG
999 	 1 	 face/pospospos0000103003.jpg
1000 	 1 	 face/pospospos0000114133.jpg
1001 	 1 	 face/pospospos0000102391.jpg
1002 	 0 	 fish/n01443537_12040.JPEG
1003 	 1 	 face/pospospos0000114153.jpg
1004 	 0 	 fish/n01443537_7150.JPEG
1005 	 1 	 face/pospospos0000102112.jpg
1006 	 0 	 fish/n01443537_18165.JPEG
1007 	 1 	 face/pospospos0000102121.jpg
1008 	 0 	 fish/n01443537_19470.JPEG
1009 	 0 	 fish/n01443537_14584.JPEG
1010 	 0 	 fish/n01443537_2199.JPEG
1011 	 1 	 face/pospospos0000107055.jpg
1012 	 1 	 face/pospospos0000102202.jpg
1013 	 0 	 fish/n01443537_180.JPEG
1014 	 1 	 face/pospospos0000107058.jpg
1015 	 0 	 fish/n01443537_11283.JPEG
1016 	 0 	 fish/n01443537_1655.JPEG
1017 	 0 	 fish/n01443537_18607.JPEG
1018 	 0 	 fish/n01443537_2535.JPEG
1019 	 0 	 fish/n01443537_3042.JPEG
1020 	 1 	 face/pospospos0000105021.jpg
1021 	 1 	 face/pospospos0000114048.jpg
1022 	 1 	 face/pospospos0000119041.jpg
1023 	 1 	 face/pospospos0000102303.jpg
1024 	 0 	 fish/n01443537_21862.JPEG
1025 	 0 	 fish/n01443537_10107.JPEG
1026 	 1 	 face/pospospos0000102320.jpg
1027 	 0 	 fish/n01443537_19509.JPEG
1028 	 0 	 fish/n01443537_6047.JPEG
1029 	 0 	 fish/n01443537_17000.JPEG
1030 	 0 	 fish/n01443537_84.JPEG
1031 	 0 	 fish/n01443537_2111.JPEG
1032 	 1 	 face/pospospos0000114160.jpg
1033 	 0 	 fish/n01443537_7778.JPEG
1034 	 0 	 fish/n01443537_12542.JPEG
1035 	 0 	 fish/n01443537_16849.JPEG
1036 	 1 	 face/pospospos0000117083.jpg
1037 	 0 	 fish/n01443537_15913.JPEG
1038 	 0 	 fish/n01443537_13013.JPEG
1039 	 1 	 face/pospospos0000099159.jpg
1040 	 1 	 face/pospospos0000117056.jpg
1041 	 0 	 fish/n01443537_1313.JPEG
1042 	 0 	 fish/n01443537_23513.JPEG
1043 	 0 	 fish/n01443537_19364.JPEG
1044 	 1 	 face/pospospos0000103005.jpg
1045 	 0 	 fish/n01443537_2939.JPEG
1046 	 1 	 face/pospospos0000099203.jpg
1047 	 0 	 fish/n01443537_21611.JPEG
1048 	 0 	 fish/n01443537_19247.JPEG
1049 	 0 	 fish/n01443537_4099.JPEG
1050 	 1 	 face/pospospos0000102231.jpg
1051 	 1 	 face/pospospos0000105023.jpg
1052 	 0 	 fish/n01443537_17210.JPEG
1053 	 0 	 fish/n01443537_21355.JPEG
1054 	 0 	 fish/n01443537_1610.JPEG
1055 	 1 	 face/pospospos0000102276.jpg
1056 	 1 	 face/pospospos0000108002.jpg
1057 	 1 	 face/pospospos0000102312.jpg
1058 	 1 	 face/pospospos0000102095.jpg
1059 	 0 	 fish/n01443537_12661.JPEG
1060 	 1 	 face/pospospos0000114045.jpg
1061 	 0 	 fish/n01443537_14454.JPEG
1062 	 0 	 fish/n01443537_19626.JPEG
1063 	 1 	 face/pospospos0000099139.jpg
1064 	 0 	 fish/n01443537_3883.JPEG
1065 	 0 	 fish/n01443537_16115.JPEG
1066 	 0 	 fish/n01443537_4862.JPEG
1067 	 0 	 fish/n01443537_330.JPEG
1068 	 0 	 fish/n01443537_15346.JPEG
1069 	 0 	 fish/n01443537_4415.JPEG
1070 	 0 	 fish/n01443537_6668.JPEG
1071 	 0 	 fish/n01443537_23597.JPEG
1072 	 0 	 fish/n01443537_3011.JPEG
1073 	 1 	 face/pospospos0000099005.jpg
1074 	 1 	 face/pospospos0000099186.jpg
1075 	 1 	 face/pospospos0000102031.jpg
1076 	 1 	 face/pospospos0000117154.jpg
1077 	 1 	 face/pospospos0000102040.jpg
1078 	 1 	 face/pospospos0000107047.jpg
1079 	 1 	 face/pospospos0000119005.jpg
1080 	 1 	 face/pospospos0000100054.jpg
1081 	 1 	 face/pospospos0000117102.jpg
1082 	 0 	 fish/n01443537_22818.JPEG
1083 	 1 	 face/pospospos0000117140.jpg
1084 	 0 	 fish/n01443537_8719.JPEG
1085 	 1 	 face/pospospos0000100040.jpg
1086 	 0 	 fish/n01443537_18113.JPEG
1087 	 0 	 fish/n01443537_395.JPEG
1088 	 1 	 face/pospospos0000102249.jpg
1089 	 1 	 face/pospospos0000102355.jpg
1090 	 0 	 fish/n01443537_17231.JPEG
1091 	 0 	 fish/n01443537_1062.JPEG
1092 	 0 	 fish/n01443537_3047.JPEG
1093 	 0 	 fish/n01443537_8320.JPEG
1094 	 1 	 face/pospospos0000102029.jpg
1095 	 1 	 face/pospospos0000099221.jpg
1096 	 0 	 fish/n01443537_12900.JPEG
1097 	 0 	 fish/n01443537_13947.JPEG
1098 	 1 	 face/pospospos0000102398.jpg
1099 	 1 	 face/pospospos0000099174.jpg
1100 	 1 	 face/pospospos0000102022.jpg
1101 	 0 	 fish/n01443537_371.JPEG
1102 	 0 	 fish/n01443537_22742.JPEG
1103 	 1 	 face/pospospos0000103034.jpg
1104 	 0 	 fish/n01443537_1666.JPEG
1105 	 1 	 face/pospospos0000102059.jpg
1106 	 0 	 fish/n01443537_2763.JPEG
1107 	 1 	 face/pospospos0000107063.jpg
1108 	 1 	 face/pospospos0000107028.jpg
1109 	 1 	 face/pospospos0000114070.jpg
1110 	 1 	 face/pospospos0000099077.jpg
1111 	 1 	 face/pospospos0000117007.jpg
1112 	 1 	 face/pospospos0000099226.jpg
1113 	 0 	 fish/n01443537_12585.JPEG
1114 	 1 	 face/pospospos0000114130.jpg
1115 	 1 	 face/pospospos0000099025.jpg
1116 	 0 	 fish/n01443537_20918.JPEG
1117 	 1 	 face/pospospos0000114080.jpg
1118 	 0 	 fish/n01443537_11348.JPEG
1119 	 0 	 fish/n01443537_23359.JPEG
1120 	 1 	 face/pospospos0000114226.jpg
1121 	 0 	 fish/n01443537_10025.JPEG
1122 	 1 	 face/pospospos0000107010.jpg
1123 	 0 	 fish/n01443537_17989.JPEG
1124 	 1 	 face/pospospos0000099151.jpg
1125 	 1 	 face/pospospos0000117020.jpg
1126 	 1 	 face/pospospos0000103041.jpg
1127 	 1 	 face/pospospos0000102037.jpg
1128 	 0 	 fish/n01443537_4489.JPEG
1129 	 0 	 fish/n01443537_14803.JPEG
1130 	 0 	 fish/n01443537_16635.JPEG
1131 	 1 	 face/pospospos0000102118.jpg
1132 	 1 	 face/pospospos0000114195.jpg
1133 	 0 	 fish/n01443537_2772.JPEG
1134 	 1 	 face/pospospos0000107030.jpg
1135 	 0 	 fish/n01443537_22740.JPEG
1136 	 1 	 face/pospospos0000107039.jpg
1137 	 0 	 fish/n01443537_16940.JPEG
1138 	 0 	 fish/n01443537_8241.JPEG
1139 	 1 	 face/pospospos0000102082.jpg
1140 	 0 	 fish/n01443537_2711.JPEG
1141 	 1 	 face/pospospos0000099090.jpg
1142 	 0 	 fish/n01443537_21605.JPEG
1143 	 1 	 face/pospospos0000102282.jpg
1144 	 0 	 fish/n01443537_4600.JPEG
1145 	 0 	 fish/n01443537_2920.JPEG
1146 	 1 	 face/pospospos0000102252.jpg
1147 	 1 	 face/pospospos0000103012.jpg
1148 	 0 	 fish/n01443537_4784.JPEG
1149 	 1 	 face/pospospos0000108003.jpg
1150 	 0 	 fish/n01443537_10171.JPEG
1151 	 0 	 fish/n01443537_13177.JPEG
1152 	 0 	 fish/n01443537_21985.JPEG
1153 	 1 	 face/pospospos0000117144.jpg
1154 	 0 	 fish/n01443537_7803.JPEG
1155 	 0 	 fish/n01443537_20261.JPEG
1156 	 0 	 fish/n01443537_18549.JPEG
1157 	 1 	 face/pospospos0000117040.jpg
1158 	 0 	 fish/n01443537_23671.JPEG
1159 	 1 	 face/pospospos0000114115.jpg
1160 	 0 	 fish/n01443537_11018.JPEG
1161 	 0 	 fish/n01443537_9877.JPEG
1162 	 0 	 fish/n01443537_13183.JPEG
1163 	 0 	 fish/n01443537_19694.JPEG
1164 	 0 	 fish/n01443537_20383.JPEG
1165 	 0 	 fish/n01443537_3651.JPEG
1166 	 0 	 fish/n01443537_20026.JPEG
1167 	 0 	 fish/n01443537_4289.JPEG
1168 	 0 	 fish/n01443537_13692.JPEG
1169 	 0 	 fish/n01443537_891.JPEG
1170 	 0 	 fish/n01443537_16125.JPEG
1171 	 0 	 fish/n01443537_21408.JPEG
1172 	 1 	 face/pospospos0000102182.jpg
1173 	 0 	 fish/n01443537_1640.JPEG
1174 	 0 	 fish/n01443537_12860.JPEG
1175 	 0 	 fish/n01443537_7938.JPEG
1176 	 1 	 face/pospospos0000102122.jpg
1177 	 1 	 face/pospospos0000099023.jpg
1178 	 0 	 fish/n01443537_3693.JPEG
1179 	 1 	 face/pospospos0000100010.jpg
1180 	 1 	 face/pospospos0000102308.jpg
1181 	 0 	 fish/n01443537_4232.JPEG
1182 	 1 	 face/pospospos0000117075.jpg
1183 	 1 	 face/pospospos0000114249.jpg
1184 	 0 	 fish/n01443537_579.JPEG
1185 	 1 	 face/pospospos0000117072.jpg
1186 	 1 	 face/pospospos0000119003.jpg
1187 	 1 	 face/pospospos0000114134.jpg
1188 	 0 	 fish/n01443537_11213.JPEG
1189 	 0 	 fish/n01443537_2813.JPEG
1190 	 0 	 fish/n01443537_21226.JPEG
1191 	 0 	 fish/n01443537_14831.JPEG
1192 	 1 	 face/pospospos0000117017.jpg
1193 	 1 	 face/pospospos0000100045.jpg
1194 	 1 	 face/pospospos0000114136.jpg
1195 	 1 	 face/pospospos0000114246.jpg
1196 	 1 	 face/pospospos0000114142.jpg
1197 	 0 	 fish/n01443537_23319.JPEG
1198 	 0 	 fish/n01443537_21104.JPEG
1199 	 0 	 fish/n01443537_20722.JPEG
1200 	 1 	 face/pospospos0000102170.jpg
1201 	 0 	 fish/n01443537_2665.JPEG
1202 	 1 	 face/pospospos0000103053.jpg
1203 	 1 	 face/pospospos0000114176.jpg
1204 	 0 	 fish/n01443537_13637.JPEG
1205 	 1 	 face/pospospos0000099222.jpg
1206 	 1 	 face/pospospos0000114206.jpg
1207 	 1 	 face/pospospos0000114228.jpg
1208 	 0 	 fish/n01443537_13276.JPEG
1209 	 0 	 fish/n01443537_15846.JPEG
1210 	 1 	 face/pospospos0000099039.jpg
1211 	 1 	 face/pospospos0000099223.jpg
1212 	 0 	 fish/n01443537_17309.JPEG
1213 	 0 	 fish/n01443537_2195.JPEG
1214 	 0 	 fish/n01443537_21205.JPEG
1215 	 0 	 fish/n01443537_483.JPEG
1216 	 0 	 fish/n01443537_9204.JPEG
1217 	 0 	 fish/n01443537_1167.JPEG
1218 	 0 	 fish/n01443537_9816.JPEG
1219 	 0 	 fish/n01443537_551.JPEG
1220 	 1 	 face/pospospos0000102111.jpg
1221 	 0 	 fish/n01443537_4572.JPEG
1222 	 0 	 fish/n01443537_16219.JPEG
1223 	 0 	 fish/n01443537_9744.JPEG
1224 	 0 	 fish/n01443537_9799.JPEG
1225 	 1 	 face/pospospos0000102285.jpg
1226 	 0 	 fish/n01443537_1403.JPEG
1227 	 0 	 fish/n01443537_10569.JPEG
1228 	 1 	 face/pospospos0000099257.jpg
1229 	 0 	 fish/n01443537_22725.JPEG
1230 	 1 	 face/pospospos0000114044.jpg
1231 	 1 	 face/pospospos0000102068.jpg
1232 	 0 	 fish/n01443537_18780.JPEG
1233 	 1 	 face/pospospos0000102374.jpg
1234 	 0 	 fish/n01443537_15450.JPEG
1235 	 1 	 face/pospospos0000114169.jpg
1236 	 0 	 fish/n01443537_1559.JPEG
1237 	 0 	 fish/n01443537_1769.JPEG
1238 	 0 	 fish/n01443537_20856.JPEG
1239 	 1 	 face/pospospos0000107009.jpg
1240 	 1 	 face/pospospos0000102348.jpg
1241 	 1 	 face/pospospos0000099019.jpg
1242 	 1 	 face/pospospos0000117058.jpg
1243 	 1 	 face/pospospos0000107085.jpg
1244 	 1 	 face/pospospos0000102334.jpg
1245 	 1 	 face/pospospos0000117135.jpg
1246 	 1 	 face/pospospos0000102159.jpg
1247 	 1 	 face/pospospos0000114149.jpg
1248 	 1 	 face/pospospos0000102007.jpg
1249 	 0 	 fish/n01443537_17967.JPEG
1250 	 1 	 face/pospospos0000114177.jpg
1251 	 0 	 fish/n01443537_10957.JPEG
1252 	 1 	 face/pospospos0000102069.jpg
1253 	 1 	 face/pospospos0000099199.jpg
1254 	 1 	 face/pospospos0000117157.jpg
1255 	 1 	 face/pospospos0000102034.jpg
1256 	 0 	 fish/n01443537_3476.JPEG
1257 	 1 	 face/pospospos0000099211.jpg
1258 	 1 	 face/pospospos0000102164.jpg
1259 	 1 	 face/pospospos0000114027.jpg
1260 	 1 	 face/pospospos0000117151.jpg
1261 	 1 	 face/pospospos0000102043.jpg
1262 	 1 	 face/pospospos0000114217.jpg
1263 	 1 	 face/pospospos0000114096.jpg
1264 	 1 	 face/pospospos0000099194.jpg
1265 	 0 	 fish/n01443537_847.JPEG
1266 	 1 	 face/pospospos0000102333.jpg
1267 	 1 	 face/pospospos0000117031.jpg
1268 	 0 	 fish/n01443537_5280.JPEG
1269 	 0 	 fish/n01443537_9743.JPEG
1270 	 1 	 face/pospospos0000099047.jpg
1271 	 0 	 fish/n01443537_5173.JPEG
1272 	 1 	 face/pospospos0000099036.jpg
1273 	 1 	 face/pospospos0000103070.jpg
1274 	 0 	 fish/n01443537_24215.JPEG
1275 	 0 	 fish/n01443537_836.JPEG
1276 	 0 	 fish/n01443537_3161.JPEG
1277 	 0 	 fish/n01443537_20482.JPEG
1278 	 1 	 face/pospospos0000099075.jpg
1279 	 1 	 face/pospospos0000099210.jpg
1280 	 1 	 face/pospospos0000102197.jpg
1281 	 0 	 fish/n01443537_14488.JPEG
1282 	 0 	 fish/n01443537_2456.JPEG
1283 	 0 	 fish/n01443537_10625.JPEG
1284 	 1 	 face/pospospos0000107041.jpg
1285 	 0 	 fish/n01443537_957.JPEG
1286 	 1 	 face/pospospos0000100043.jpg
1287 	 0 	 fish/n01443537_1453.JPEG
1288 	 1 	 face/pospospos0000099201.jpg
1289 	 1 	 face/pospospos0000102105.jpg
1290 	 0 	 fish/n01443537_5343.JPEG
1291 	 1 	 face/pospospos0000114122.jpg
1292 	 1 	 face/pospospos0000114055.jpg
1293 	 1 	 face/pospospos0000102016.jpg
1294 	 1 	 face/pospospos0000102051.jpg
1295 	 0 	 fish/n01443537_2263.JPEG
1296 	 0 	 fish/n01443537_17642.JPEG
1297 	 0 	 fish/n01443537_15344.JPEG
1298 	 1 	 face/pospospos0000099252.jpg
1299 	 1 	 face/pospospos0000102246.jpg
1300 	 1 	 face/pospospos0000102009.jpg
1301 	 1 	 face/pospospos0000099154.jpg
1302 	 1 	 face/pospospos0000117045.jpg
1303 	 0 	 fish/n01443537_20908.JPEG
1304 	 1 	 face/pospospos0000117117.jpg
1305 	 0 	 fish/n01443537_16963.JPEG
1306 	 1 	 face/pospospos0000107073.jpg
1307 	 0 	 fish/n01443537_17085.JPEG
1308 	 0 	 fish/n01443537_10176.JPEG
1309 	 0 	 fish/n01443537_21338.JPEG
1310 	 1 	 face/pospospos0000119044.jpg
1311 	 0 	 fish/n01443537_9621.JPEG
1312 	 0 	 fish/n01443537_19772.JPEG
1313 	 1 	 face/pospospos0000114013.jpg
1314 	 1 	 face/pospospos0000099236.jpg
1315 	 1 	 face/pospospos0000117139.jpg
1316 	 1 	 face/pospospos0000107007.jpg
1317 	 0 	 fish/n01443537_750.JPEG
1318 	 1 	 face/pospospos0000107071.jpg
1319 	 0 	 fish/n01443537_17575.JPEG
1320 	 0 	 fish/n01443537_14281.JPEG
1321 	 1 	 face/pospospos0000099225.jpg
1322 	 1 	 face/pospospos0000107091.jpg
1323 	 0 	 fish/n01443537_1659.JPEG
1324 	 0 	 fish/n01443537_12507.JPEG
1325 	 0 	 fish/n01443537_2766.JPEG
1326 	 0 	 fish/n01443537_1903.JPEG
1327 	 1 	 face/pospospos0000102023.jpg
1328 	 1 	 face/pospospos0000099239.jpg
1329 	 1 	 face/pospospos0000099133.jpg
1330 	 0 	 fish/n01443537_21971.JPEG
1331 	 0 	 fish/n01443537_17586.JPEG
1332 	 1 	 face/pospospos0000117011.jpg
1333 	 1 	 face/pospospos0000099251.jpg
1334 	 0 	 fish/n01443537_5697.JPEG
1335 	 0 	 fish/n01443537_2964.JPEG
1336 	 0 	 fish/n01443537_19026.JPEG
1337 	 1 	 face/pospospos0000117152.jpg
1338 	 1 	 face/pospospos0000100032.jpg
1339 	 1 	 face/pospospos0000107084.jpg
1340 	 0 	 fish/n01443537_3792.JPEG
1341 	 0 	 fish/n01443537_811.JPEG
1342 	 0 	 fish/n01443537_18756.JPEG
1343 	 0 	 fish/n01443537_17105.JPEG
1344 	 1 	 face/pospospos0000102323.jpg
1345 	 0 	 fish/n01443537_1508.JPEG
1346 	 0 	 fish/n01443537_23113.JPEG
1347 	 1 	 face/pospospos0000119011.jpg
1348 	 0 	 fish/n01443537_12501.JPEG
1349 	 1 	 face/pospospos0000117002.jpg
1350 	 0 	 fish/n01443537_14276.JPEG
1351 	 1 	 face/pospospos0000099046.jpg
1352 	 0 	 fish/n01443537_3166.JPEG
1353 	 1 	 face/pospospos0000114106.jpg
1354 	 0 	 fish/n01443537_10210.JPEG
1355 	 1 	 face/pospospos0000108022.jpg
1356 	 0 	 fish/n01443537_17216.JPEG
1357 	 1 	 face/pospospos0000099157.jpg
1358 	 0 	 fish/n01443537_21162.JPEG
1359 	 1 	 face/pospospos0000107106.jpg
1360 	 0 	 fish/n01443537_10958.JPEG
1361 	 0 	 fish/n01443537_14116.JPEG
1362 	 0 	 fish/n01443537_568.JPEG
1363 	 0 	 fish/n01443537_16691.JPEG
1364 	 0 	 fish/n01443537_4612.JPEG
1365 	 0 	 fish/n01443537_3601.JPEG
1366 	 1 	 face/pospospos0000119026.jpg
1367 	 1 	 face/pospospos0000102108.jpg
1368 	 1 	 face/pospospos0000099062.jpg
1369 	 1 	 face/pospospos0000114046.jpg
1370 	 0 	 fish/n01443537_11360.JPEG
1371 	 0 	 fish/n01443537_13255.JPEG
1372 	 0 	 fish/n01443537_17047.JPEG
1373 	 1 	 face/pospospos0000102273.jpg
1374 	 0 	 fish/n01443537_3616.JPEG
1375 	 1 	 face/pospospos0000114031.jpg
1376 	 1 	 face/pospospos0000103051.jpg
1377 	 0 	 fish/n01443537_3261.JPEG
1378 	 0 	 fish/n01443537_17537.JPEG
1379 	 1 	 face/pospospos0000099166.jpg
1380 	 1 	 face/pospospos0000103004.jpg
1381 	 1 	 face/pospospos0000102053.jpg
1382 	 0 	 fish/n01443537_71.JPEG
1383 	 1 	 face/pospospos0000099124.jpg
1384 	 0 	 fish/n01443537_15781.JPEG
1385 	 0 	 fish/n01443537_11816.JPEG
1386 	 1 	 face/pospospos0000114183.jpg
1387 	 1 	 face/pospospos0000102204.jpg
1388 	 1 	 face/pospospos0000102227.jpg
1389 	 0 	 fish/n01443537_16595.JPEG
1390 	 0 	 fish/n01443537_5520.JPEG
1391 	 1 	 face/pospospos0000102085.jpg
1392 	 0 	 fish/n01443537_11451.JPEG
1393 	 1 	 face/pospospos0000102190.jpg
1394 	 1 	 face/pospospos0000114233.jpg
1395 	 1 	 face/pospospos0000117155.jpg
1396 	 1 	 face/pospospos0000107119.jpg
1397 	 1 	 face/pospospos0000102370.jpg
1398 	 1 	 face/pospospos0000107043.jpg
1399 	 1 	 face/pospospos0000102278.jpg
1400 	 0 	 fish/n01443537_2906.JPEG
1401 	 1 	 face/pospospos0000099244.jpg
1402 	 0 	 fish/n01443537_3974.JPEG
1403 	 1 	 face/pospospos0000117148.jpg
1404 	 1 	 face/pospospos0000117021.jpg
1405 	 0 	 fish/n01443537_1832.JPEG
1406 	 1 	 face/pospospos0000099068.jpg
1407 	 0 	 fish/n01443537_883.JPEG
1408 	 1 	 face/pospospos0000099123.jpg
1409 	 0 	 fish/n01443537_10795.JPEG
1410 	 1 	 face/pospospos0000117111.jpg
1411 	 0 	 fish/n01443537_2.JPEG
1412 	 1 	 face/pospospos0000099043.jpg
1413 	 0 	 fish/n01443537_21396.JPEG
1414 	 0 	 fish/n01443537_21483.JPEG
1415 	 0 	 fish/n01443537_530.JPEG
1416 	 1 	 face/pospospos0000102268.jpg
1417 	 0 	 fish/n01443537_9529.JPEG
1418 	 1 	 face/pospospos0000099202.jpg
1419 	 1 	 face/pospospos0000107059.jpg
1420 	 1 	 face/pospospos0000102064.jpg
1421 	 0 	 fish/n01443537_17661.JPEG
1422 	 0 	 fish/n01443537_14020.JPEG
1423 	 1 	 face/pospospos0000107005.jpg
1424 	 1 	 face/pospospos0000114121.jpg
1425 	 0 	 fish/n01443537_2228.JPEG
1426 	 0 	 fish/n01443537_13458.JPEG
1427 	 1 	 face/pospospos0000114172.jpg
1428 	 1 	 face/pospospos0000102010.jpg
1429 	 0 	 fish/n01443537_15790.JPEG
1430 	 1 	 face/pospospos0000108014.jpg
1431 	 1 	 face/pospospos0000099071.jpg
1432 	 1 	 face/pospospos0000114171.jpg
1433 	 1 	 face/pospospos0000100004.jpg
1434 	 1 	 face/pospospos0000102344.jpg
1435 	 1 	 face/pospospos0000117085.jpg
1436 	 1 	 face/pospospos0000117121.jpg
1437 	 1 	 face/pospospos0000108024.jpg
1438 	 0 	 fish/n01443537_13885.JPEG
1439 	 1 	 face/pospospos0000108008.jpg
1440 	 1 	 face/pospospos0000119008.jpg
1441 	 1 	 face/pospospos0000117012.jpg
1442 	 1 	 face/pospospos0000102291.jpg
1443 	 0 	 fish/n01443537_19440.JPEG
1444 	 1 	 face/pospospos0000102322.jpg
1445 	 0 	 fish/n01443537_21855.JPEG
1446 	 0 	 fish/n01443537_10446.JPEG
1447 	 1 	 face/pospospos0000119043.jpg
1448 	 0 	 fish/n01443537_10763.JPEG
1449 	 0 	 fish/n01443537_19557.JPEG
1450 	 0 	 fish/n01443537_13200.JPEG
1451 	 0 	 fish/n01443537_3999.JPEG
1452 	 0 	 fish/n01443537_21524.JPEG
1453 	 0 	 fish/n01443537_4376.JPEG
1454 	 0 	 fish/n01443537_20131.JPEG
1455 	 1 	 face/pospospos0000119052.jpg
1456 	 0 	 fish/n01443537_18837.JPEG
1457 	 1 	 face/pospospos0000117033.jpg
1458 	 1 	 face/pospospos0000099140.jpg
1459 	 0 	 fish/n01443537_17268.JPEG
1460 	 1 	 face/pospospos0000102047.jpg
1461 	 0 	 fish/n01443537_1594.JPEG
1462 	 0 	 fish/n01443537_12408.JPEG
1463 	 1 	 face/pospospos0000100051.jpg
1464 	 1 	 face/pospospos0000117076.jpg
1465 	 1 	 face/pospospos0000114184.jpg
1466 	 1 	 face/pospospos0000102186.jpg
1467 	 0 	 fish/n01443537_247.JPEG
1468 	 0 	 fish/n01443537_3363.JPEG
1469 	 1 	 face/pospospos0000099114.jpg
1470 	 1 	 face/pospospos0000102310.jpg
1471 	 0 	 fish/n01443537_1853.JPEG
1472 	 0 	 fish/n01443537_20842.JPEG
1473 	 1 	 face/pospospos0000114018.jpg
1474 	 1 	 face/pospospos0000102288.jpg
1475 	 0 	 fish/n01443537_496.JPEG
1476 	 1 	 face/pospospos0000099092.jpg
1477 	 0 	 fish/n01443537_23335.JPEG
1478 	 0 	 fish/n01443537_9661.JPEG
1479 	 1 	 face/pospospos0000103008.jpg
1480 	 1 	 face/pospospos0000114222.jpg
1481 	 0 	 fish/n01443537_13704.JPEG
1482 	 0 	 fish/n01443537_3926.JPEG
1483 	 0 	 fish/n01443537_19048.JPEG
1484 	 1 	 face/pospospos0000102017.jpg
1485 	 1 	 face/pospospos0000107025.jpg
1486 	 1 	 face/pospospos0000117122.jpg
1487 	 1 	 face/pospospos0000099061.jpg
1488 	 0 	 fish/n01443537_9841.JPEG
1489 	 0 	 fish/n01443537_12749.JPEG
1490 	 1 	 face/pospospos0000045015.jpg
1491 	 1 	 face/pospospos0000099155.jpg
1492 	 1 	 face/pospospos0000102094.jpg
1493 	 0 	 fish/n01443537_2782.JPEG
1494 	 1 	 face/pospospos0000117149.jpg
1495 	 1 	 face/pospospos0000107056.jpg
1496 	 0 	 fish/n01443537_4771.JPEG
1497 	 1 	 face/pospospos0000102092.jpg
1498 	 1 	 face/pospospos0000107115.jpg
1499 	 1 	 face/pospospos0000114053.jpg
1500 	 0 	 fish/n01443537_4520.JPEG
1501 	 1 	 face/pospospos0000105019.jpg
1502 	 1 	 face/pospospos0000117055.jpg
1503 	 1 	 face/pospospos0000117068.jpg
1504 	 1 	 face/pospospos0000099246.jpg
1505 	 0 	 fish/n01443537_19267.JPEG
1506 	 1 	 face/pospospos0000119017.jpg
1507 	 0 	 fish/n01443537_16282.JPEG
1508 	 1 	 face/pospospos0000107001.jpg
1509 	 0 	 fish/n01443537_10268.JPEG
1510 	 1 	 face/pospospos0000099189.jpg
1511 	 1 	 face/pospospos0000102304.jpg
1512 	 0 	 fish/n01443537_24539.JPEG
1513 	 0 	 fish/n01443537_9265.JPEG
1514 	 0 	 fish/n01443537_13785.JPEG
1515 	 1 	 face/pospospos0000045003.jpg
1516 	 1 	 face/pospospos0000102080.jpg
1517 	 0 	 fish/n01443537_13710.JPEG
1518 	 0 	 fish/n01443537_3916.JPEG
1519 	 0 	 fish/n01443537_5219.JPEG
1520 	 0 	 fish/n01443537_1580.JPEG
1521 	 1 	 face/pospospos0000117096.jpg
1522 	 0 	 fish/n01443537_23095.JPEG
1523 	 0 	 fish/n01443537_317.JPEG
1524 	 0 	 fish/n01443537_10782.JPEG
1525 	 1 	 face/pospospos0000103002.jpg
1526 	 1 	 face/pospospos0000099190.jpg
1527 	 1 	 face/pospospos0000100052.jpg
1528 	 0 	 fish/n01443537_11490.JPEG
1529 	 0 	 fish/n01443537_14819.JPEG
1530 	 0 	 fish/n01443537_9651.JPEG
1531 	 1 	 face/pospospos0000045001.jpg
1532 	 0 	 fish/n01443537_12838.JPEG
1533 	 0 	 fish/n01443537_18961.JPEG
1534 	 1 	 face/pospospos0000102300.jpg
1535 	 0 	 fish/n01443537_9531.JPEG
1536 	 0 	 fish/n01443537_20970.JPEG
1537 	 0 	 fish/n01443537_14366.JPEG
1538 	 0 	 fish/n01443537_21415.JPEG
1539 	 1 	 face/pospospos0000108009.jpg
1540 	 1 	 face/pospospos0000099141.jpg
1541 	 1 	 face/pospospos0000102173.jpg
1542 	 0 	 fish/n01443537_4273.JPEG
1543 	 0 	 fish/n01443537_1415.JPEG
1544 	 1 	 face/pospospos0000102373.jpg
1545 	 1 	 face/pospospos0000099188.jpg
1546 	 1 	 face/pospospos0000102329.jpg
1547 	 0 	 fish/n01443537_8693.JPEG
1548 	 1 	 face/pospospos0000114108.jpg
1549 	 0 	 fish/n01443537_18335.JPEG
1550 	 0 	 fish/n01443537_4328.JPEG
1551 	 0 	 fish/n01443537_8330.JPEG
1552 	 0 	 fish/n01443537_10994.JPEG
1553 	 1 	 face/pospospos0000103029.jpg
1554 	 0 	 fish/n01443537_17254.JPEG
1555 	 0 	 fish/n01443537_23349.JPEG
1556 	 0 	 fish/n01443537_1504.JPEG
1557 	 0 	 fish/n01443537_11138.JPEG
1558 	 0 	 fish/n01443537_7260.JPEG
1559 	 0 	 fish/n01443537_21289.JPEG
1560 	 1 	 face/pospospos0000099041.jpg
1561 	 0 	 fish/n01443537_717.JPEG
1562 	 0 	 fish/n01443537_21724.JPEG
1563 	 0 	 fish/n01443537_11337.JPEG
1564 	 0 	 fish/n01443537_18054.JPEG
1565 	 0 	 fish/n01443537_11165.JPEG
1566 	 0 	 fish/n01443537_4556.JPEG
1567 	 1 	 face/pospospos0000103055.jpg
1568 	 1 	 face/pospospos0000114118.jpg
1569 	 0 	 fish/n01443537_1746.JPEG
1570 	 0 	 fish/n01443537_12974.JPEG
1571 	 1 	 face/pospospos0000114152.jpg
1572 	 0 	 fish/n01443537_12984.JPEG
1573 	 0 	 fish/n01443537_5035.JPEG
1574 	 1 	 face/pospospos0000103025.jpg
1575 	 1 	 face/pospospos0000099207.jpg
1576 	 0 	 fish/n01443537_23362.JPEG
1577 	 0 	 fish/n01443537_13806.JPEG
1578 	 1 	 face/pospospos0000100041.jpg
1579 	 1 	 face/pospospos0000102011.jpg
1580 	 0 	 fish/n01443537_22279.JPEG
1581 	 0 	 fish/n01443537_354.JPEG
1582 	 0 	 fish/n01443537_2249.JPEG
1583 	 0 	 fish/n01443537_1238.JPEG
1584 	 0 	 fish/n01443537_1220.JPEG
1585 	 1 	 face/pospospos0000114012.jpg
1586 	 0 	 fish/n01443537_5033.JPEG
1587 	 0 	 fish/n01443537_3114.JPEG
1588 	 0 	 fish/n01443537_22695.JPEG
1589 	 1 	 face/pospospos0000117054.jpg
1590 	 1 	 face/pospospos0000114126.jpg
1591 	 0 	 fish/n01443537_9106.JPEG
1592 	 1 	 face/pospospos0000099024.jpg
1593 	 1 	 face/pospospos0000103065.jpg
1594 	 1 	 face/pospospos0000108005.jpg
1595 	 1 	 face/pospospos0000103026.jpg
1596 	 0 	 fish/n01443537_4127.JPEG
1597 	 1 	 face/pospospos0000114196.jpg
1598 	 0 	 fish/n01443537_1301.JPEG
1599 	 0 	 fish/n01443537_20670.JPEG
1600 	 0 	 fish/n01443537_17750.JPEG
1601 	 0 	 fish/n01443537_1374.JPEG
1602 	 1 	 face/pospospos0000099021.jpg
1603 	 1 	 face/pospospos0000107138.jpg
1604 	 0 	 fish/n01443537_4106.JPEG
1605 	 1 	 face/pospospos0000100026.jpg
1606 	 1 	 face/pospospos0000117069.jpg
1607 	 0 	 fish/n01443537_5396.JPEG
1608 	 0 	 fish/n01443537_17933.JPEG
1609 	 0 	 fish/n01443537_17538.JPEG
1610 	 1 	 face/pospospos0000102101.jpg
1611 	 0 	 fish/n01443537_3575.JPEG
1612 	 0 	 fish/n01443537_6843.JPEG
1613 	 0 	 fish/n01443537_23789.JPEG
1614 	 0 	 fish/n01443537_288.JPEG
1615 	 1 	 face/pospospos0000102298.jpg
1616 	 0 	 fish/n01443537_21608.JPEG
1617 	 1 	 face/pospospos0000119027.jpg
1618 	 1 	 face/pospospos0000102294.jpg
1619 	 0 	 fish/n01443537_11793.JPEG
1620 	 1 	 face/pospospos0000114174.jpg
1621 	 0 	 fish/n01443537_7852.JPEG
1622 	 1 	 face/pospospos0000102088.jpg
1623 	 1 	 face/pospospos0000100063.jpg
1624 	 0 	 fish/n01443537_8127.JPEG
1625 	 1 	 face/pospospos0000099156.jpg
1626 	 0 	 fish/n01443537_14706.JPEG
1627 	 1 	 face/pospospos0000102050.jpg
1628 	 1 	 face/pospospos0000107130.jpg
1629 	 1 	 face/pospospos0000102067.jpg
1630 	 0 	 fish/n01443537_16518.JPEG
1631 	 1 	 face/pospospos0000107048.jpg
1632 	 0 	 fish/n01443537_1440.JPEG
1633 	 1 	 face/pospospos0000102030.jpg
1634 	 0 	 fish/n01443537_18253.JPEG
1635 	 1 	 face/pospospos0000114221.jpg
1636 	 0 	 fish/n01443537_2514.JPEG
1637 	 0 	 fish/n01443537_11582.JPEG
1638 	 0 	 fish/n01443537_18591.JPEG
1639 	 1 	 face/pospospos0000114143.jpg
1640 	 0 	 fish/n01443537_21873.JPEG
1641 	 1 	 face/pospospos0000102230.jpg
1642 	 0 	 fish/n01443537_19678.JPEG
1643 	 1 	 face/pospospos0000107109.jpg
1644 	 1 	 face/pospospos0000099229.jpg
1645 	 1 	 face/pospospos0000103075.jpg
1646 	 1 	 face/pospospos0000117086.jpg
1647 	 0 	 fish/n01443537_20349.JPEG
1648 	 0 	 fish/n01443537_22191.JPEG
1649 	 1 	 face/pospospos0000119029.jpg
1650 	 1 	 face/pospospos0000117022.jpg
1651 	 0 	 fish/n01443537_10127.JPEG
1652 	 1 	 face/pospospos0000114065.jpg
1653 	 0 	 fish/n01443537_12077.JPEG
1654 	 0 	 fish/n01443537_2819.JPEG
1655 	 1 	 face/pospospos0000102378.jpg
1656 	 1 	 face/pospospos0000102305.jpg
1657 	 0 	 fish/n01443537_24572.JPEG
1658 	 0 	 fish/n01443537_888.JPEG
1659 	 0 	 fish/n01443537_3950.JPEG
1660 	 0 	 fish/n01443537_18974.JPEG
1661 	 1 	 face/pospospos0000107003.jpg
1662 	 0 	 fish/n01443537_2419.JPEG
1663 	 0 	 fish/n01443537_6246.JPEG
1664 	 0 	 fish/n01443537_19475.JPEG
1665 	 0 	 fish/n01443537_9812.JPEG
1666 	 0 	 fish/n01443537_24543.JPEG
1667 	 1 	 face/pospospos0000100030.jpg
1668 	 0 	 fish/n01443537_24023.JPEG
1669 	 0 	 fish/n01443537_13609.JPEG
1670 	 1 	 face/pospospos0000099009.jpg
1671 	 0 	 fish/n01443537_23649.JPEG
1672 	 1 	 face/pospospos0000099011.jpg
1673 	 0 	 fish/n01443537_3395.JPEG
1674 	 0 	 fish/n01443537_223.JPEG
1675 	 0 	 fish/n01443537_12593.JPEG
1676 	 0 	 fish/n01443537_2973.JPEG
1677 	 1 	 face/pospospos0000114214.jpg
1678 	 1 	 face/pospospos0000117131.jpg
1679 	 1 	 face/pospospos0000103047.jpg
1680 	 0 	 fish/n01443537_6185.JPEG
1681 	 0 	 fish/n01443537_4327.JPEG
1682 	 0 	 fish/n01443537_18108.JPEG
1683 	 0 	 fish/n01443537_2948.JPEG
1684 	 1 	 face/pospospos0000103028.jpg
1685 	 0 	 fish/n01443537_21526.JPEG
1686 	 1 	 face/pospospos0000099113.jpg
1687 	 1 	 face/pospospos0000103011.jpg
1688 	 0 	 fish/n01443537_9961.JPEG
1689 	 0 	 fish/n01443537_6824.JPEG
1690 	 0 	 fish/n01443537_17622.JPEG
1691 	 0 	 fish/n01443537_11715.JPEG
1692 	 0 	 fish/n01443537_1359.JPEG
1693 	 0 	 fish/n01443537_12715.JPEG
1694 	 0 	 fish/n01443537_766.JPEG
1695 	 0 	 fish/n01443537_8401.JPEG
1696 	 1 	 face/pospospos0000114243.jpg
1697 	 1 	 face/pospospos0000103059.jpg
1698 	 0 	 fish/n01443537_6380.JPEG
1699 	 1 	 face/pospospos0000099049.jpg
1700 	 0 	 fish/n01443537_6697.JPEG
1701 	 1 	 face/pospospos0000099122.jpg
1702 	 1 	 face/pospospos0000114058.jpg
1703 	 1 	 face/pospospos0000099253.jpg
1704 	 0 	 fish/n01443537_10100.JPEG
1705 	 1 	 face/pospospos0000102109.jpg
1706 	 1 	 face/pospospos0000045013.jpg
1707 	 0 	 fish/n01443537_14344.JPEG
1708 	 1 	 face/pospospos0000107103.jpg
1709 	 0 	 fish/n01443537_19683.JPEG
1710 	 1 	 face/pospospos0000107087.jpg
1711 	 0 	 fish/n01443537_7376.JPEG
1712 	 0 	 fish/n01443537_19391.JPEG
1713 	 0 	 fish/n01443537_20299.JPEG
1714 	 0 	 fish/n01443537_11349.JPEG
1715 	 1 	 face/pospospos0000107133.jpg
1716 	 0 	 fish/n01443537_1370.JPEG
1717 	 1 	 face/pospospos0000108026.jpg
1718 	 1 	 face/pospospos0000107068.jpg
1719 	 0 	 fish/n01443537_10709.JPEG
1720 	 0 	 fish/n01443537_23107.JPEG
1721 	 1 	 face/pospospos0000102345.jpg
1722 	 1 	 face/pospospos0000099109.jpg
1723 	 0 	 fish/n01443537_10521.JPEG
1724 	 1 	 face/pospospos0000114216.jpg
1725 	 1 	 face/pospospos0000114212.jpg
1726 	 0 	 fish/n01443537_5783.JPEG
1727 	 1 	 face/pospospos0000114041.jpg
1728 	 1 	 face/pospospos0000102165.jpg
1729 	 0 	 fish/n01443537_6800.JPEG
1730 	 0 	 fish/n01443537_4431.JPEG
1731 	 1 	 face/pospospos0000114180.jpg
1732 	 1 	 face/pospospos0000107078.jpg
1733 	 0 	 fish/n01443537_1442.JPEG
1734 	 1 	 face/pospospos0000099200.jpg
1735 	 1 	 face/pospospos0000107053.jpg
1736 	 0 	 fish/n01443537_339.JPEG
1737 	 1 	 face/pospospos0000103074.jpg
1738 	 0 	 fish/n01443537_15164.JPEG
1739 	 1 	 face/pospospos0000114168.jpg
1740 	 0 	 fish/n01443537_3548.JPEG
1741 	 0 	 fish/n01443537_15992.JPEG
1742 	 1 	 face/pospospos0000117066.jpg
1743 	 1 	 face/pospospos0000107117.jpg
1744 	 0 	 fish/n01443537_19366.JPEG
1745 	 0 	 fish/n01443537_23802.JPEG
1746 	 1 	 face/pospospos0000099034.jpg
1747 	 0 	 fish/n01443537_24437.JPEG
1748 	 0 	 fish/n01443537_4528.JPEG
1749 	 0 	 fish/n01443537_23169.JPEG
1750 	 1 	 face/pospospos0000114225.jpg
1751 	 0 	 fish/n01443537_16856.JPEG
1752 	 0 	 fish/n01443537_19334.JPEG
1753 	 0 	 fish/n01443537_17741.JPEG
1754 	 0 	 fish/n01443537_9930.JPEG
1755 	 1 	 face/pospospos0000099206.jpg
1756 	 0 	 fish/n01443537_4079.JPEG
1757 	 1 	 face/pospospos0000102339.jpg
1758 	 1 	 face/pospospos0000102256.jpg
1759 	 0 	 fish/n01443537_20626.JPEG
1760 	 0 	 fish/n01443537_3223.JPEG
1761 	 1 	 face/pospospos0000102147.jpg
1762 	 1 	 face/pospospos0000102385.jpg
1763 	 1 	 face/pospospos0000102024.jpg
1764 	 1 	 face/pospospos0000107032.jpg
1765 	 1 	 face/pospospos0000119006.jpg
1766 	 0 	 fish/n01443537_17884.JPEG
1767 	 0 	 fish/n01443537_19355.JPEG
1768 	 0 	 fish/n01443537_1764.JPEG
1769 	 0 	 fish/n01443537_12356.JPEG
1770 	 1 	 face/pospospos0000107023.jpg
1771 	 0 	 fish/n01443537_7298.JPEG
1772 	 0 	 fish/n01443537_10007.JPEG
1773 	 0 	 fish/n01443537_17183.JPEG
1774 	 1 	 face/pospospos0000102341.jpg
1775 	 0 	 fish/n01443537_23667.JPEG
1776 	 1 	 face/pospospos0000117025.jpg
1777 	 0 	 fish/n01443537_17173.JPEG
1778 	 0 	 fish/n01443537_4496.JPEG
1779 	 1 	 face/pospospos0000102269.jpg
1780 	 1 	 face/pospospos0000099191.jpg
1781 	 1 	 face/pospospos0000108012.jpg
1782 	 0 	 fish/n01443537_14365.JPEG
1783 	 0 	 fish/n01443537_10719.JPEG
1784 	 1 	 face/pospospos0000099240.jpg
1785 	 0 	 fish/n01443537_2751.JPEG
1786 	 1 	 face/pospospos0000102362.jpg
1787 	 1 	 face/pospospos0000102166.jpg
1788 	 1 	 face/pospospos0000114165.jpg
1789 	 1 	 face/pospospos0000114026.jpg
1790 	 0 	 fish/n01443537_21903.JPEG
1791 	 1 	 face/pospospos0000114139.jpg
1792 	 1 	 face/pospospos0000114197.jpg
1793 	 1 	 face/pospospos0000102350.jpg
1794 	 0 	 fish/n01443537_13175.JPEG
1795 	 1 	 face/pospospos0000107079.jpg
1796 	 0 	 fish/n01443537_8596.JPEG
1797 	 0 	 fish/n01443537_17614.JPEG
1798 	 0 	 fish/n01443537_24724.JPEG
1799 	 0 	 fish/n01443537_1196.JPEG
1800 	 1 	 face/pospospos0000108017.jpg
1801 	 0 	 fish/n01443537_21203.JPEG
1802 	 1 	 face/pospospos0000114025.jpg
1803 	 0 	 fish/n01443537_23292.JPEG
1804 	 1 	 face/pospospos0000114072.jpg
1805 	 1 	 face/pospospos0000102265.jpg
1806 	 0 	 fish/n01443537_3211.JPEG
1807 	 0 	 fish/n01443537_10035.JPEG
1808 	 1 	 face/pospospos0000107116.jpg
1809 	 1 	 face/pospospos0000099097.jpg
1810 	 0 	 fish/n01443537_18176.JPEG
1811 	 0 	 fish/n01443537_10353.JPEG
1812 	 1 	 face/pospospos0000099110.jpg
1813 	 1 	 face/pospospos0000103068.jpg
1814 	 0 	 fish/n01443537_23085.JPEG
1815 	 1 	 face/pospospos0000102381.jpg
1816 	 1 	 face/pospospos0000114011.jpg
1817 	 0 	 fish/n01443537_14198.JPEG
1818 	 1 	 face/pospospos0000117143.jpg
1819 	 0 	 fish/n01443537_20874.JPEG
1820 	 0 	 fish/n01443537_3625.JPEG
1821 	 1 	 face/pospospos0000099007.jpg
1822 	 0 	 fish/n01443537_16464.JPEG
1823 	 0 	 fish/n01443537_7372.JPEG
1824 	 1 	 face/pospospos0000102368.jpg
1825 	 0 	 fish/n01443537_10791.JPEG
1826 	 0 	 fish/n01443537_3645.JPEG
1827 	 0 	 fish/n01443537_20489.JPEG
1828 	 1 	 face/pospospos0000117064.jpg
1829 	 0 	 fish/n01443537_16806.JPEG
1830 	 1 	 face/pospospos0000114127.jpg
1831 	 0 	 fish/n01443537_10482.JPEG
1832 	 0 	 fish/n01443537_17255.JPEG
1833 	 1 	 face/pospospos0000114194.jpg
1834 	 1 	 face/pospospos0000107137.jpg
1835 	 1 	 face/pospospos0000102248.jpg
1836 	 0 	 fish/n01443537_20320.JPEG
1837 	 0 	 fish/n01443537_23763.JPEG
1838 	 1 	 face/pospospos0000107125.jpg
1839 	 1 	 face/pospospos0000102025.jpg
1840 	 1 	 face/pospospos0000099171.jpg
1841 	 0 	 fish/n01443537_9603.JPEG
1842 	 1 	 face/pospospos0000114215.jpg
1843 	 1 	 face/pospospos0000102407.jpg
1844 	 0 	 fish/n01443537_20526.JPEG
1845 	 1 	 face/pospospos0000099216.jpg
1846 	 1 	 face/pospospos0000114085.jpg
1847 	 0 	 fish/n01443537_7873.JPEG
1848 	 0 	 fish/n01443537_13159.JPEG
1849 	 0 	 fish/n01443537_10285.JPEG
1850 	 1 	 face/pospospos0000102228.jpg
1851 	 1 	 face/pospospos0000102403.jpg
1852 	 0 	 fish/n01443537_9160.JPEG
1853 	 1 	 face/pospospos0000099078.jpg
1854 	 1 	 face/pospospos0000102130.jpg
1855 	 1 	 face/pospospos0000117004.jpg
1856 	 0 	 fish/n01443537_515.JPEG
1857 	 1 	 face/pospospos0000099096.jpg
1858 	 0 	 fish/n01443537_12948.JPEG
1859 	 0 	 fish/n01443537_16057.JPEG
1860 	 1 	 face/pospospos0000102099.jpg
1861 	 0 	 fish/n01443537_21755.JPEG
1862 	 0 	 fish/n01443537_9069.JPEG
1863 	 0 	 fish/n01443537_15966.JPEG
1864 	 0 	 fish/n01443537_16194.JPEG
1865 	 0 	 fish/n01443537_23590.JPEG
1866 	 1 	 face/pospospos0000114051.jpg
1867 	 1 	 face/pospospos0000102262.jpg
1868 	 1 	 face/pospospos0000114047.jpg
1869 	 0 	 fish/n01443537_428.JPEG
1870 	 1 	 face/pospospos0000102163.jpg
1871 	 1 	 face/pospospos0000117129.jpg
1872 	 1 	 face/pospospos0000103060.jpg
1873 	 0 	 fish/n01443537_13577.JPEG
1874 	 0 	 fish/n01443537_3032.JPEG
1875 	 0 	 fish/n01443537_16261.JPEG
1876 	 0 	 fish/n01443537_163.JPEG
1877 	 1 	 face/pospospos0000099082.jpg
1878 	 0 	 fish/n01443537_16.JPEG
1879 	 0 	 fish/n01443537_11078.JPEG
1880 	 1 	 face/pospospos0000117079.jpg
1881 	 0 	 fish/n01443537_14541.JPEG
1882 	 1 	 face/pospospos0000099084.jpg
1883 	 1 	 face/pospospos0000114213.jpg
1884 	 0 	 fish/n01443537_18137.JPEG
1885 	 1 	 face/pospospos0000117048.jpg
1886 	 0 	 fish/n01443537_14436.JPEG
1887 	 0 	 fish/n01443537_567.JPEG
1888 	 0 	 fish/n01443537_725.JPEG
1889 	 0 	 fish/n01443537_24129.JPEG
1890 	 0 	 fish/n01443537_1317.JPEG
1891 	 1 	 face/pospospos0000102335.jpg
1892 	 0 	 fish/n01443537_16923.JPEG
1893 	 1 	 face/pospospos0000103006.jpg
1894 	 0 	 fish/n01443537_4282.JPEG
1895 	 1 	 face/pospospos0000114192.jpg
1896 	 0 	 fish/n01443537_1942.JPEG
1897 	 0 	 fish/n01443537_17803.JPEG
1898 	 0 	 fish/n01443537_18125.JPEG
1899 	 0 	 fish/n01443537_12723.JPEG
1900 	 1 	 face/pospospos0000099026.jpg
1901 	 0 	 fish/n01443537_275.JPEG
1902 	 1 	 face/pospospos0000119007.jpg
1903 	 1 	 face/pospospos0000102152.jpg
1904 	 1 	 face/pospospos0000117134.jpg
1905 	 0 	 fish/n01443537_12098.JPEG
1906 	 1 	 face/pospospos0000107122.jpg
1907 	 1 	 face/pospospos0000102140.jpg
1908 	 0 	 fish/n01443537_22297.JPEG
1909 	 1 	 face/pospospos0000107040.jpg
1910 	 0 	 fish/n01443537_18017.JPEG
1911 	 1 	 face/pospospos0000102284.jpg
1912 	 0 	 fish/n01443537_13463.JPEG
1913 	 0 	 fish/n01443537_7751.JPEG
1914 	 0 	 fish/n01443537_10779.JPEG
1915 	 0 	 fish/n01443537_7898.JPEG
1916 	 1 	 face/pospospos0000102313.jpg
1917 	 1 	 face/pospospos0000102106.jpg
1918 	 1 	 face/pospospos0000102154.jpg
1919 	 1 	 face/pospospos0000102297.jpg
1920 	 0 	 fish/n01443537_3856.JPEG
1921 	 0 	 fish/n01443537_9475.JPEG
1922 	 1 	 face/pospospos0000119034.jpg
1923 	 1 	 face/pospospos0000102134.jpg
1924 	 0 	 fish/n01443537_20685.JPEG
1925 	 1 	 face/pospospos0000114043.jpg
1926 	 1 	 face/pospospos0000107014.jpg
1927 	 0 	 fish/n01443537_7627.JPEG
1928 	 1 	 face/pospospos0000102178.jpg
1929 	 0 	 fish/n01443537_3770.JPEG
1930 	 0 	 fish/n01443537_12972.JPEG
1931 	 1 	 face/pospospos0000102295.jpg
1932 	 0 	 fish/n01443537_24019.JPEG
1933 	 0 	 fish/n01443537_20506.JPEG
1934 	 1 	 face/pospospos0000102274.jpg
1935 	 0 	 fish/n01443537_7656.JPEG
1936 	 1 	 face/pospospos0000102157.jpg
1937 	 1 	 face/pospospos0000102133.jpg
1938 	 1 	 face/pospospos0000107076.jpg
1939 	 1 	 face/pospospos0000099243.jpg
1940 	 0 	 fish/n01443537_693.JPEG
1941 	 1 	 face/pospospos0000102353.jpg
1942 	 1 	 face/pospospos0000102153.jpg
1943 	 1 	 face/pospospos0000114234.jpg
1944 	 0 	 fish/n01443537_11925.JPEG
1945 	 0 	 fish/n01443537_9347.JPEG
1946 	 0 	 fish/n01443537_18475.JPEG
1947 	 0 	 fish/n01443537_18085.JPEG
1948 	 0 	 fish/n01443537_130.JPEG
1949 	 1 	 face/pospospos0000107082.jpg
1950 	 1 	 face/pospospos0000107114.jpg
1951 	 0 	 fish/n01443537_5996.JPEG
1952 	 0 	 fish/n01443537_10677.JPEG
1953 	 0 	 fish/n01443537_18745.JPEG
1954 	 0 	 fish/n01443537_21087.JPEG
1955 	 1 	 face/pospospos0000117109.jpg
1956 	 0 	 fish/n01443537_1087.JPEG
1957 	 1 	 face/pospospos0000102271.jpg
1958 	 1 	 face/pospospos0000100012.jpg
1959 	 0 	 fish/n01443537_3921.JPEG
1960 	 1 	 face/pospospos0000114101.jpg
1961 	 0 	 fish/n01443537_20939.JPEG
1962 	 1 	 face/pospospos0000114191.jpg
1963 	 0 	 fish/n01443537_4554.JPEG
1964 	 0 	 fish/n01443537_17346.JPEG
1965 	 0 	 fish/n01443537_20388.JPEG
1966 	 0 	 fish/n01443537_24795.JPEG
1967 	 1 	 face/pospospos0000114151.jpg
1968 	 0 	 fish/n01443537_20078.JPEG
1969 	 0 	 fish/n01443537_10788.JPEG
1970 	 1 	 face/pospospos0000103020.jpg
1971 	 1 	 face/pospospos0000102241.jpg
1972 	 0 	 fish/n01443537_17296.JPEG
1973 	 1 	 face/pospospos0000103009.jpg
1974 	 1 	 face/pospospos0000099197.jpg
1975 	 1 	 face/pospospos0000117008.jpg
1976 	 0 	 fish/n01443537_16804.JPEG
1977 	 1 	 face/pospospos0000103057.jpg
1978 	 0 	 fish/n01443537_15955.JPEG
1979 	 1 	 face/pospospos0000107131.jpg
1980 	 1 	 face/pospospos0000102380.jpg
1981 	 1 	 face/pospospos0000099173.jpg
1982 	 0 	 fish/n01443537_1308.JPEG
1983 	 0 	 fish/n01443537_16652.JPEG
1984 	 1 	 face/pospospos0000100068.jpg
1985 	 0 	 fish/n01443537_16031.JPEG
1986 	 1 	 face/pospospos0000102365.jpg
1987 	 0 	 fish/n01443537_597.JPEG
1988 	 0 	 fish/n01443537_6592.JPEG
1989 	 0 	 fish/n01443537_4440.JPEG
1990 	 1 	 face/pospospos0000107105.jpg
1991 	 1 	 face/pospospos0000117016.jpg
1992 	 1 	 face/pospospos0000119048.jpg
1993 	 1 	 face/pospospos0000103021.jpg
1994 	 1 	 face/pospospos0000103023.jpg
1995 	 1 	 face/pospospos0000099105.jpg
1996 	 1 	 face/pospospos0000102117.jpg
1997 	 0 	 fish/n01443537_3416.JPEG
1998 	 0 	 fish/n01443537_21899.JPEG
1999 	 1 	 face/pospospos0000117030.jpg
2000 	 0 	 fish/n01443537_1330.JPEG
2001 	 0 	 fish/n01443537_3533.JPEG
2002 	 0 	 fish/n01443537_2741.JPEG
2003 	 1 	 face/pospospos0000107046.jpg
2004 	 0 	 fish/n01443537_1860.JPEG
2005 	 0 	 fish/n01443537_1834.JPEG
2006 	 0 	 fish/n01443537_2839.JPEG
2007 	 0 	 fish/n01443537_23265.JPEG
2008 	 0 	 fish/n01443537_1478.JPEG
2009 	 1 	 face/pospospos0000114067.jpg
2010 	 1 	 face/pospospos0000099091.jpg
2011 	 0 	 fish/n01443537_1549.JPEG
2012 	 1 	 face/pospospos0000119038.jpg
2013 	 0 	 fish/n01443537_6679.JPEG
2014 	 1 	 face/pospospos0000107092.jpg
2015 	 1 	 face/pospospos0000102210.jpg
2016 	 1 	 face/pospospos0000114050.jpg
2017 	 0 	 fish/n01443537_20528.JPEG
2018 	 1 	 face/pospospos0000099120.jpg
2019 	 0 	 fish/n01443537_9748.JPEG
2020 	 1 	 face/pospospos0000114179.jpg
2021 	 1 	 face/pospospos0000102192.jpg
2022 	 0 	 fish/n01443537_17101.JPEG
2023 	 0 	 fish/n01443537_9703.JPEG
2024 	 0 	 fish/n01443537_12060.JPEG
2025 	 0 	 fish/n01443537_15961.JPEG
2026 	 0 	 fish/n01443537_9048.JPEG
2027 	 0 	 fish/n01443537_16103.JPEG
2028 	 1 	 face/pospospos0000102073.jpg
2029 	 0 	 fish/n01443537_11413.JPEG
2030 	 1 	 face/pospospos0000102184.jpg
2031 	 0 	 fish/n01443537_13305.JPEG
2032 	 1 	 face/pospospos0000114098.jpg
2033 	 0 	 fish/n01443537_19320.JPEG
2034 	 1 	 face/pospospos0000045006.jpg
2035 	 0 	 fish/n01443537_10547.JPEG
2036 	 0 	 fish/n01443537_8938.JPEG
2037 	 1 	 face/pospospos0000102223.jpg
2038 	 0 	 fish/n01443537_13467.JPEG
2039 	 0 	 fish/n01443537_755.JPEG
2040 	 1 	 face/pospospos0000102185.jpg
2041 	 1 	 face/pospospos0000107118.jpg
2042 	 0 	 fish/n01443537_1743.JPEG
2043 	 1 	 face/pospospos0000102371.jpg
2044 	 1 	 face/pospospos0000102286.jpg
2045 	 0 	 fish/n01443537_783.JPEG
2046 	 0 	 fish/n01443537_4120.JPEG
2047 	 0 	 fish/n01443537_17486.JPEG
2048 	 0 	 fish/n01443537_20553.JPEG
2049 	 0 	 fish/n01443537_2554.JPEG
2050 	 1 	 face/pospospos0000099006.jpg
2051 	 1 	 face/pospospos0000117125.jpg
2052 	 1 	 face/pospospos0000102065.jpg
2053 	 1 	 face/pospospos0000107052.jpg
2054 	 1 	 face/pospospos0000119037.jpg
2055 	 1 	 face/pospospos0000102389.jpg
2056 	 0 	 fish/n01443537_9315.JPEG
2057 	 0 	 fish/n01443537_2397.JPEG
2058 	 0 	 fish/n01443537_9869.JPEG
2059 	 0 	 fish/n01443537_12932.JPEG
2060 	 0 	 fish/n01443537_2967.JPEG
2061 	 0 	 fish/n01443537_23550.JPEG
2062 	 1 	 face/pospospos0000099020.jpg
2063 	 1 	 face/pospospos0000114033.jpg
2064 	 0 	 fish/n01443537_17010.JPEG
2065 	 0 	 fish/n01443537_5133.JPEG
2066 	 0 	 fish/n01443537_12571.JPEG
2067 	 1 	 face/pospospos0000102201.jpg
2068 	 1 	 face/pospospos0000105025.jpg
2069 	 0 	 fish/n01443537_10078.JPEG
2070 	 0 	 fish/n01443537_2188.JPEG
2071 	 0 	 fish/n01443537_7922.JPEG
2072 	 0 	 fish/n01443537_12353.JPEG
2073 	 0 	 fish/n01443537_18940.JPEG
2074 	 1 	 face/pospospos0000107064.jpg
2075 	 0 	 fish/n01443537_23403.JPEG
2076 	 0 	 fish/n01443537_9946.JPEG
2077 	 0 	 fish/n01443537_19240.JPEG
2078 	 1 	 face/pospospos0000099254.jpg
2079 	 0 	 fish/n01443537_16678.JPEG
2080 	 0 	 fish/n01443537_16351.JPEG
2081 	 1 	 face/pospospos0000100061.jpg
2082 	 0 	 fish/n01443537_6644.JPEG
2083 	 1 	 face/pospospos0000102057.jpg
2084 	 0 	 fish/n01443537_2139.JPEG
2085 	 0 	 fish/n01443537_13121.JPEG
2086 	 1 	 face/pospospos0000099118.jpg
2087 	 1 	 face/pospospos0000114077.jpg
2088 	 0 	 fish/n01443537_16386.JPEG
2089 	 0 	 fish/n01443537_23610.JPEG
2090 	 1 	 face/pospospos0000102382.jpg
2091 	 1 	 face/pospospos0000107033.jpg
2092 	 0 	 fish/n01443537_13623.JPEG
2093 	 1 	 face/pospospos0000102150.jpg
2094 	 0 	 fish/n01443537_21865.JPEG
2095 	 1 	 face/pospospos0000107129.jpg
2096 	 1 	 face/pospospos0000099162.jpg
2097 	 0 	 fish/n01443537_4702.JPEG
2098 	 0 	 fish/n01443537_3358.JPEG
2099 	 1 	 face/pospospos0000107036.jpg
2100 	 0 	 fish/n01443537_21950.JPEG
2101 	 1 	 face/pospospos0000119012.jpg
2102 	 0 	 fish/n01443537_23177.JPEG
2103 	 1 	 face/pospospos0000102149.jpg
2104 	 1 	 face/pospospos0000117035.jpg
2105 	 1 	 face/pospospos0000102306.jpg
2106 	 1 	 face/pospospos0000114016.jpg
2107 	 1 	 face/pospospos0000114076.jpg
2108 	 0 	 fish/n01443537_18601.JPEG
2109 	 0 	 fish/n01443537_17434.JPEG
2110 	 0 	 fish/n01443537_9836.JPEG
2111 	 0 	 fish/n01443537_22476.JPEG
2112 	 0 	 fish/n01443537_23233.JPEG
2113 	 0 	 fish/n01443537_7346.JPEG
2114 	 0 	 fish/n01443537_570.JPEG
2115 	 0 	 fish/n01443537_4523.JPEG
2116 	 1 	 face/pospospos0000114211.jpg
2117 	 0 	 fish/n01443537_7475.JPEG
2118 	 0 	 fish/n01443537_3650.JPEG
2119 	 1 	 face/pospospos0000103042.jpg
2120 	 1 	 face/pospospos0000114230.jpg
2121 	 0 	 fish/n01443537_12677.JPEG
2122 	 1 	 face/pospospos0000099038.jpg
2123 	 0 	 fish/n01443537_481.JPEG
2124 	 1 	 face/pospospos0000117160.jpg
2125 	 0 	 fish/n01443537_19655.JPEG
2126 	 1 	 face/pospospos0000102004.jpg
2127 	 1 	 face/pospospos0000103066.jpg
2128 	 1 	 face/pospospos0000117130.jpg
2129 	 0 	 fish/n01443537_15686.JPEG
2130 	 1 	 face/pospospos0000117115.jpg
2131 	 0 	 fish/n01443537_2817.JPEG
2132 	 0 	 fish/n01443537_11084.JPEG
2133 	 1 	 face/pospospos0000099150.jpg
2134 	 1 	 face/pospospos0000102332.jpg
2135 	 0 	 fish/n01443537_9558.JPEG
2136 	 0 	 fish/n01443537_23437.JPEG
2137 	 0 	 fish/n01443537_13600.JPEG
2138 	 0 	 fish/n01443537_16482.JPEG
2139 	 1 	 face/pospospos0000100070.jpg
2140 	 0 	 fish/n01443537_22896.JPEG
2141 	 1 	 face/pospospos0000102026.jpg
2142 	 1 	 face/pospospos0000102208.jpg
2143 	 1 	 face/pospospos0000107013.jpg
2144 	 0 	 fish/n01443537_2568.JPEG
2145 	 0 	 fish/n01443537_15608.JPEG
2146 	 1 	 face/pospospos0000107074.jpg
2147 	 0 	 fish/n01443537_13191.JPEG
2148 	 0 	 fish/n01443537_18637.JPEG
2149 	 1 	 face/pospospos0000107132.jpg
2150 	 1 	 face/pospospos0000107107.jpg
2151 	 1 	 face/pospospos0000102070.jpg
2152 	 1 	 face/pospospos0000102375.jpg
2153 	 1 	 face/pospospos0000114006.jpg
2154 	 0 	 fish/n01443537_15172.JPEG
2155 	 0 	 fish/n01443537_10286.JPEG
2156 	 1 	 face/pospospos0000117113.jpg
2157 	 0 	 fish/n01443537_12211.JPEG
2158 	 0 	 fish/n01443537_7768.JPEG
2159 	 0 	 fish/n01443537_15077.JPEG
2160 	 1 	 face/pospospos0000107062.jpg
2161 	 1 	 face/pospospos0000099103.jpg
2162 	 1 	 face/pospospos0000102321.jpg
2163 	 0 	 fish/n01443537_23353.JPEG
2164 	 0 	 fish/n01443537_12525.JPEG
2165 	 0 	 fish/n01443537_4060.JPEG
2166 	 1 	 face/pospospos0000102103.jpg
2167 	 0 	 fish/n01443537_9161.JPEG
2168 	 1 	 face/pospospos0000108023.jpg
2169 	 1 	 face/pospospos0000114240.jpg
2170 	 0 	 fish/n01443537_19954.JPEG
2171 	 0 	 fish/n01443537_9977.JPEG
2172 	 1 	 face/pospospos0000114178.jpg
2173 	 0 	 fish/n01443537_19810.JPEG
2174 	 0 	 fish/n01443537_24148.JPEG
2175 	 0 	 fish/n01443537_16344.JPEG
2176 	 1 	 face/pospospos0000114237.jpg
2177 	 0 	 fish/n01443537_3535.JPEG
2178 	 1 	 face/pospospos0000102253.jpg
2179 	 1 	 face/pospospos0000114223.jpg
2180 	 1 	 face/pospospos0000102091.jpg
2181 	 1 	 face/pospospos0000114088.jpg
2182 	 0 	 fish/n01443537_6510.JPEG
2183 	 1 	 face/pospospos0000099227.jpg
2184 	 1 	 face/pospospos0000102361.jpg
2185 	 0 	 fish/n01443537_15991.JPEG
2186 	 1 	 face/pospospos0000102386.jpg
2187 	 1 	 face/pospospos0000099081.jpg
2188 	 0 	 fish/n01443537_6853.JPEG
2189 	 0 	 fish/n01443537_13771.JPEG
2190 	 1 	 face/pospospos0000099063.jpg
2191 	 0 	 fish/n01443537_5942.JPEG
2192 	 0 	 fish/n01443537_17565.JPEG
2193 	 1 	 face/pospospos0000117099.jpg
2194 	 0 	 fish/n01443537_12156.JPEG
2195 	 1 	 face/pospospos0000099212.jpg
2196 	 1 	 face/pospospos0000099003.jpg
2197 	 0 	 fish/n01443537_24417.JPEG
2198 	 1 	 face/pospospos0000105010.jpg
2199 	 0 	 fish/n01443537_5935.JPEG
2200 	 1 	 face/pospospos0000119049.jpg
2201 	 1 	 face/pospospos0000103024.jpg
2202 	 0 	 fish/n01443537_17842.JPEG
2203 	 1 	 face/pospospos0000102156.jpg
2204 	 1 	 face/pospospos0000099086.jpg
2205 	 1 	 face/pospospos0000114229.jpg
2206 	 0 	 fish/n01443537_13009.JPEG
2207 	 1 	 face/pospospos0000103036.jpg
2208 	 1 	 face/pospospos0000119023.jpg
2209 	 0 	 fish/n01443537_6743.JPEG
2210 	 0 	 fish/n01443537_12248.JPEG
2211 	 0 	 fish/n01443537_19889.JPEG
2212 	 0 	 fish/n01443537_14854.JPEG
