0 	 1 	 face/pospospos0000114024.jpg	1	face
1 	 0 	 fish/n01443537_24700.JPEG	0	fish
2 	 0 	 fish/n01443537_11686.JPEG	0	fish
3 	 1 	 face/pospospos0000099089.jpg	1	face
4 	 1 	 face/pospospos0000117051.jpg	1	face
5 	 1 	 face/pospospos0000102235.jpg	1	face
6 	 0 	 fish/n01443537_19153.JPEG	0	fish
7 	 0 	 fish/n01443537_3331.JPEG	0	fish
8 	 0 	 fish/n01443537_17358.JPEG	0	fish
9 	 0 	 fish/n01443537_19514.JPEG	0	fish
10 	 0 	 fish/n01443537_1194.JPEG	0	fish
11 	 0 	 fish/n01443537_20932.JPEG	0	fish
12 	 1 	 face/pospospos0000102087.jpg	1	face
13 	 0 	 fish/n01443537_5176.JPEG	0	fish
14 	 0 	 fish/n01443537_19861.JPEG	0	fish
15 	 1 	 face/pospospos0000117161.jpg	1	face
16 	 1 	 face/pospospos0000099051.jpg	0	fish
17 	 0 	 fish/n01443537_11057.JPEG	0	fish
18 	 0 	 fish/n01443537_4173.JPEG	0	fish
19 	 0 	 fish/n01443537_450.JPEG	0	fish
20 	 0 	 fish/n01443537_18736.JPEG	0	fish
21 	 1 	 face/pospospos0000103030.jpg	1	face
22 	 0 	 fish/n01443537_4958.JPEG	0	fish
23 	 0 	 fish/n01443537_1698.JPEG	0	fish
24 	 0 	 fish/n01443537_8540.JPEG	0	fish
25 	 1 	 face/pospospos0000102359.jpg	1	face
26 	 0 	 fish/n01443537_13649.JPEG	0	fish
27 	 1 	 face/pospospos0000107070.jpg	1	face
28 	 1 	 face/pospospos0000102340.jpg	1	face
29 	 0 	 fish/n01443537_1910.JPEG	0	fish
30 	 0 	 fish/n01443537_2637.JPEG	0	fish
31 	 0 	 fish/n01443537_6620.JPEG	0	fish
32 	 0 	 fish/n01443537_21198.JPEG	0	fish
33 	 0 	 fish/n01443537_21922.JPEG	0	fish
34 	 1 	 face/pospospos0000114167.jpg	1	face
35 	 0 	 fish/n01443537_11310.JPEG	0	fish
36 	 1 	 face/pospospos0000099093.jpg	1	face
37 	 1 	 face/pospospos0000117070.jpg	1	face
38 	 1 	 face/pospospos0000099193.jpg	1	face
39 	 0 	 fish/n01443537_12500.JPEG	0	fish
40 	 0 	 fish/n01443537_16234.JPEG	0	fish
41 	 0 	 fish/n01443537_9444.JPEG	0	fish
42 	 0 	 fish/n01443537_20308.JPEG	0	fish
43 	 1 	 face/pospospos0000099153.jpg	1	face
44 	 0 	 fish/n01443537_22112.JPEG	0	fish
45 	 1 	 face/pospospos0000107004.jpg	1	face
46 	 0 	 fish/n01443537_22992.JPEG	0	fish
47 	 1 	 face/pospospos0000117147.jpg	1	face
48 	 0 	 fish/n01443537_12876.JPEG	0	fish
49 	 0 	 fish/n01443537_7228.JPEG	0	fish
50 	 0 	 fish/n01443537_18592.JPEG	0	fish
51 	 0 	 fish/n01443537_1118.JPEG	0	fish
52 	 0 	 fish/n01443537_14850.JPEG	0	fish
53 	 0 	 fish/n01443537_20512.JPEG	0	fish
54 	 0 	 fish/n01443537_5048.JPEG	0	fish
55 	 0 	 fish/n01443537_3387.JPEG	0	fish
56 	 1 	 face/pospospos0000114075.jpg	1	face
57 	 1 	 face/pospospos0000119045.jpg	1	face
58 	 1 	 face/pospospos0000099044.jpg	1	face
59 	 1 	 face/pospospos0000102174.jpg	1	face
60 	 1 	 face/pospospos0000102019.jpg	1	face
61 	 0 	 fish/n01443537_17373.JPEG	0	fish
62 	 1 	 face/pospospos0000099073.jpg	1	face
63 	 0 	 fish/n01443537_21158.JPEG	0	fish
64 	 1 	 face/pospospos0000099045.jpg	1	face
65 	 0 	 fish/n01443537_15253.JPEG	0	fish
66 	 1 	 face/pospospos0000114173.jpg	1	face
67 	 1 	 face/pospospos0000117010.jpg	1	face
68 	 0 	 fish/n01443537_16756.JPEG	0	fish
69 	 1 	 face/pospospos0000107016.jpg	1	face
70 	 1 	 face/pospospos0000114102.jpg	1	face
71 	 0 	 fish/n01443537_11207.JPEG	0	fish
72 	 1 	 face/pospospos0000114125.jpg	1	face
73 	 1 	 face/pospospos0000117103.jpg	1	face
74 	 1 	 face/pospospos0000117003.jpg	1	face
75 	 0 	 fish/n01443537_23656.JPEG	0	fish
76 	 0 	 fish/n01443537_11688.JPEG	0	fish
77 	 0 	 fish/n01443537_13546.JPEG	0	fish
78 	 0 	 fish/n01443537_4595.JPEG	0	fish
79 	 0 	 fish/n01443537_24452.JPEG	0	fish
80 	 1 	 face/pospospos0000100023.jpg	1	face
81 	 0 	 fish/n01443537_20662.JPEG	0	fish
82 	 1 	 face/pospospos0000102356.jpg	1	face
83 	 0 	 fish/n01443537_2125.JPEG	0	fish
84 	 0 	 fish/n01443537_20209.JPEG	0	fish
85 	 1 	 face/pospospos0000119020.jpg	1	face
86 	 0 	 fish/n01443537_5453.JPEG	0	fish
87 	 1 	 face/pospospos0000099069.jpg	1	face
88 	 0 	 fish/n01443537_12482.JPEG	0	fish
89 	 0 	 fish/n01443537_19523.JPEG	0	fish
90 	 0 	 fish/n01443537_4222.JPEG	0	fish
91 	 1 	 face/pospospos0000119002.jpg	1	face
92 	 0 	 fish/n01443537_19989.JPEG	0	fish
93 	 0 	 fish/n01443537_13658.JPEG	0	fish
94 	 1 	 face/pospospos0000102142.jpg	1	face
95 	 0 	 fish/n01443537_18729.JPEG	0	fish
96 	 0 	 fish/n01443537_18771.JPEG	0	fish
97 	 1 	 face/pospospos0000099142.jpg	1	face
98 	 0 	 fish/n01443537_2858.JPEG	0	fish
99 	 1 	 face/pospospos0000119050.jpg	1	face
100 	 0 	 fish/n01443537_16813.JPEG	0	fish
101 	 0 	 fish/n01443537_22376.JPEG	0	fish
102 	 1 	 face/pospospos0000102315.jpg	1	face
103 	 0 	 fish/n01443537_860.JPEG	0	fish
104 	 0 	 fish/n01443537_11483.JPEG	0	fish
105 	 1 	 face/pospospos0000103069.jpg	1	face
106 	 0 	 fish/n01443537_12079.JPEG	0	fish
107 	 1 	 face/pospospos0000099148.jpg	1	face
108 	 1 	 face/pospospos0000099018.jpg	1	face
109 	 1 	 face/pospospos0000107139.jpg	1	face
110 	 0 	 fish/n01443537_6827.JPEG	0	fish
111 	 0 	 fish/n01443537_18508.JPEG	0	fish
112 	 0 	 fish/n01443537_4678.JPEG	0	fish
113 	 1 	 face/pospospos0000105005.jpg	1	face
114 	 1 	 face/pospospos0000114199.jpg	1	face
115 	 1 	 face/pospospos0000102277.jpg	1	face
116 	 1 	 face/pospospos0000103045.jpg	1	face
117 	 0 	 fish/n01443537_17680.JPEG	0	fish
118 	 0 	 fish/n01443537_6397.JPEG	0	fish
119 	 1 	 face/pospospos0000102125.jpg	1	face
120 	 1 	 face/pospospos0000102275.jpg	1	face
121 	 0 	 fish/n01443537_14804.JPEG	0	fish
122 	 0 	 fish/n01443537_10364.JPEG	0	fish
123 	 0 	 fish/n01443537_381.JPEG	0	fish
124 	 0 	 fish/n01443537_3712.JPEG	0	fish
125 	 0 	 fish/n01443537_15284.JPEG	0	fish
126 	 1 	 face/pospospos0000102180.jpg	1	face
127 	 1 	 face/pospospos0000114231.jpg	1	face
128 	 0 	 fish/n01443537_8841.JPEG	0	fish
129 	 0 	 fish/n01443537_15795.JPEG	0	fish
130 	 0 	 fish/n01443537_3033.JPEG	0	fish
131 	 1 	 face/pospospos0000099054.jpg	1	face
132 	 0 	 fish/n01443537_6067.JPEG	0	fish
133 	 1 	 face/pospospos0000102279.jpg	1	face
134 	 0 	 fish/n01443537_5215.JPEG	0	fish
135 	 1 	 face/pospospos0000117005.jpg	1	face
136 	 0 	 fish/n01443537_529.JPEG	0	fish
137 	 1 	 face/pospospos0000099126.jpg	1	face
138 	 0 	 fish/n01443537_22386.JPEG	0	fish
139 	 0 	 fish/n01443537_5808.JPEG	0	fish
140 	 0 	 fish/n01443537_15914.JPEG	0	fish
141 	 1 	 face/pospospos0000102212.jpg	1	face
142 	 0 	 fish/n01443537_17024.JPEG	0	fish
143 	 0 	 fish/n01443537_17228.JPEG	0	fish
144 	 1 	 face/pospospos0000105016.jpg	1	face
145 	 1 	 face/pospospos0000099235.jpg	1	face
146 	 0 	 fish/n01443537_3633.JPEG	0	fish
147 	 1 	 face/pospospos0000100064.jpg	1	face
148 	 0 	 fish/n01443537_22487.JPEG	0	fish
149 	 1 	 face/pospospos0000117104.jpg	1	face
150 	 1 	 face/pospospos0000117114.jpg	1	face
151 	 0 	 fish/n01443537_24393.JPEG	0	fish
152 	 0 	 fish/n01443537_17646.JPEG	0	fish
153 	 0 	 fish/n01443537_8475.JPEG	0	fish
154 	 1 	 face/pospospos0000099100.jpg	1	face
155 	 1 	 face/pospospos0000099014.jpg	1	face
156 	 0 	 fish/n01443537_21959.JPEG	0	fish
157 	 0 	 fish/n01443537_21388.JPEG	0	fish
158 	 1 	 face/pospospos0000114032.jpg	1	face
159 	 1 	 face/pospospos0000107021.jpg	1	face
160 	 0 	 fish/n01443537_13426.JPEG	0	fish
161 	 1 	 face/pospospos0000117146.jpg	1	face
162 	 1 	 face/pospospos0000102364.jpg	1	face
163 	 1 	 face/pospospos0000099059.jpg	1	face
164 	 0 	 fish/n01443537_21067.JPEG	0	fish
165 	 1 	 face/pospospos0000105020.jpg	1	face
166 	 1 	 face/pospospos0000102218.jpg	1	face
167 	 1 	 face/pospospos0000103037.jpg	1	face
168 	 0 	 fish/n01443537_7095.JPEG	0	fish
169 	 0 	 fish/n01443537_21831.JPEG	0	fish
170 	 0 	 fish/n01443537_13386.JPEG	0	fish
171 	 0 	 fish/n01443537_20965.JPEG	0	fish
172 	 0 	 fish/n01443537_20373.JPEG	0	fish
173 	 1 	 face/pospospos0000099224.jpg	1	face
174 	 1 	 face/pospospos0000117132.jpg	1	face
175 	 1 	 face/pospospos0000119015.jpg	1	face
176 	 1 	 face/pospospos0000114185.jpg	1	face
177 	 1 	 face/pospospos0000102390.jpg	1	face
178 	 1 	 face/pospospos0000099098.jpg	1	face
179 	 0 	 fish/n01443537_11773.JPEG	0	fish
180 	 1 	 face/pospospos0000099065.jpg	1	face
181 	 1 	 face/pospospos0000099035.jpg	1	face
182 	 1 	 face/pospospos0000099104.jpg	1	face
183 	 0 	 fish/n01443537_13760.JPEG	0	fish
184 	 0 	 fish/n01443537_10470.JPEG	0	fish
185 	 1 	 face/pospospos0000102191.jpg	1	face
186 	 0 	 fish/n01443537_24209.JPEG	0	fish
187 	 0 	 fish/n01443537_13218.JPEG	0	fish
188 	 1 	 face/pospospos0000099111.jpg	1	face
189 	 1 	 face/pospospos0000099010.jpg	1	face
190 	 0 	 fish/n01443537_11251.JPEG	0	fish
191 	 1 	 face/pospospos0000107012.jpg	1	face
192 	 0 	 fish/n01443537_14827.JPEG	0	fish
193 	 1 	 face/pospospos0000099204.jpg	1	face
194 	 0 	 fish/n01443537_6432.JPEG	0	fish
195 	 0 	 fish/n01443537_1034.JPEG	0	fish
196 	 0 	 fish/n01443537_1079.JPEG	0	fish
197 	 0 	 fish/n01443537_13521.JPEG	0	fish
198 	 1 	 face/pospospos0000114083.jpg	1	face
199 	 1 	 face/pospospos0000103062.jpg	1	face
200 	 0 	 fish/n01443537_443.JPEG	0	fish
201 	 1 	 face/pospospos0000099217.jpg	1	face
202 	 1 	 face/pospospos0000102199.jpg	1	face
203 	 0 	 fish/n01443537_12965.JPEG	0	fish
204 	 0 	 fish/n01443537_963.JPEG	0	fish
205 	 1 	 face/pospospos0000105002.jpg	1	face
206 	 0 	 fish/n01443537_11300.JPEG	0	fish
207 	 0 	 fish/n01443537_138.JPEG	0	fish
208 	 0 	 fish/n01443537_16422.JPEG	0	fish
209 	 0 	 fish/n01443537_10014.JPEG	0	fish
210 	 0 	 fish/n01443537_8248.JPEG	0	fish
211 	 0 	 fish/n01443537_20585.JPEG	0	fish
212 	 0 	 fish/n01443537_9500.JPEG	0	fish
213 	 0 	 fish/n01443537_12157.JPEG	0	fish
214 	 1 	 face/pospospos0000117046.jpg	1	face
215 	 0 	 fish/n01443537_19444.JPEG	0	fish
216 	 0 	 fish/n01443537_2297.JPEG	0	fish
217 	 1 	 face/pospospos0000119030.jpg	0	fish
218 	 1 	 face/pospospos0000102379.jpg	1	face
219 	 0 	 fish/n01443537_13668.JPEG	0	fish
220 	 0 	 fish/n01443537_17374.JPEG	0	fish
221 	 0 	 fish/n01443537_4240.JPEG	0	fish
222 	 0 	 fish/n01443537_13093.JPEG	0	fish
223 	 0 	 fish/n01443537_7182.JPEG	0	fish
224 	 0 	 fish/n01443537_23854.JPEG	0	fish
225 	 0 	 fish/n01443537_3598.JPEG	0	fish
226 	 0 	 fish/n01443537_20403.JPEG	0	fish
227 	 0 	 fish/n01443537_5652.JPEG	0	fish
228 	 0 	 fish/n01443537_20556.JPEG	0	fish
229 	 0 	 fish/n01443537_640.JPEG	0	fish
230 	 1 	 face/pospospos0000099218.jpg	1	face
231 	 0 	 fish/n01443537_2312.JPEG	0	fish
232 	 1 	 face/pospospos0000099258.jpg	1	face
233 	 0 	 fish/n01443537_8868.JPEG	0	fish
234 	 1 	 face/pospospos0000099083.jpg	1	face
235 	 1 	 face/LFW200010001.jpg	1	face
236 	 0 	 fish/n01443537_2117.JPEG	0	fish
237 	 1 	 face/pospospos0000099101.jpg	1	face
238 	 1 	 face/pospospos0000119021.jpg	1	face
239 	 0 	 fish/n01443537_8662.JPEG	1	face
240 	 1 	 face/pospospos0000114082.jpg	1	face
241 	 1 	 face/pospospos0000114002.jpg	1	face
242 	 0 	 fish/n01443537_13189.JPEG	0	fish
243 	 0 	 fish/n01443537_8787.JPEG	0	fish
244 	 0 	 fish/n01443537_19638.JPEG	0	fish
245 	 1 	 face/pospospos0000114007.jpg	1	face
